<?xml version="1.0" encoding="UTF-8" ?>
<testsuites name="vitest tests" tests="715" failures="0" errors="0" time="5.881">
    <testsuite name="src/test/App.test.tsx" timestamp="2026-09-16T21:29:12.476Z" hostname="Jennys-MacBook-Air.local" tests="3" failures="0" errors="0" skipped="0" time="0.089611916">
        <testcase classname="src/test/App.test.tsx" name="App &gt; rendering &gt; renders without crashing" time="0.046512">
            <system-err>
⚠️ React Router Future Flag Warning: React Router will begin wrapping state updates in `React.startTransition` in v7. You can use the `v7_startTransition` future flag to opt-in early. For more information, see https://reactrouter.com/v6/upgrading/future#v7_starttransition.
⚠️ React Router Future Flag Warning: Relative route resolution within Splat routes is changing in v7. You can use the `v7_relativeSplatPath` future flag to opt-in early. For more information, see https://reactrouter.com/v6/upgrading/future#v7_relativesplatpath.

            </system-err>
        </testcase>
        <testcase classname="src/test/App.test.tsx" name="App &gt; rendering &gt; keeps the navigation shell visible while bootstrap is pending" time="0.02614475">
        </testcase>
        <testcase classname="src/test/App.test.tsx" name="App &gt; rendering &gt; shows the bootstrap failure without rendering catalog routes" time="0.016174292">
        </testcase>
    </testsuite>
    <testsuite name="src/test/routes.test.tsx" timestamp="2026-09-16T21:29:12.480Z" hostname="Jennys-MacBook-Air.local" tests="7" failures="0" errors="0" skipped="0" time="0.136130208">
        <testcase classname="src/test/routes.test.tsx" name="AppRoutes &gt; fails immediately if a test attempts a games request through any HTTP method" time="0.002273666">
        </testcase>
        <testcase classname="src/test/routes.test.tsx" name="AppRoutes &gt; fails immediately if a test attempts a catalog read through HTTP" time="0.001009709">
        </testcase>
        <testcase classname="src/test/routes.test.tsx" name="AppRoutes &gt; home route &gt; renders Home page at &quot;/&quot; path" time="0.043567792">
            <system-err>
⚠️ React Router Future Flag Warning: React Router will begin wrapping state updates in `React.startTransition` in v7. You can use the `v7_startTransition` future flag to opt-in early. For more information, see https://reactrouter.com/v6/upgrading/future#v7_starttransition.
⚠️ React Router Future Flag Warning: Relative route resolution within Splat routes is changing in v7. You can use the `v7_relativeSplatPath` future flag to opt-in early. For more information, see https://reactrouter.com/v6/upgrading/future#v7_relativesplatpath.

            </system-err>
        </testcase>
        <testcase classname="src/test/routes.test.tsx" name="AppRoutes &gt; roles route &gt; renders Roles page at &quot;/roles&quot; path" time="0.049642416">
        </testcase>
        <testcase classname="src/test/routes.test.tsx" name="AppRoutes &gt; role builder route &gt; renders RoleBuilder page at &quot;/roles/new&quot; path" time="0.027387458">
        </testcase>
        <testcase classname="src/test/routes.test.tsx" name="AppRoutes &gt; wake order route &gt; renders WakeOrderResolution page at &quot;/games/new/wake-order&quot; path with state" time="0.002136209">
        </testcase>
        <testcase classname="src/test/routes.test.tsx" name="AppRoutes &gt; wake order route &gt; redirects to /games/new when accessed without state" time="0.00879775">
        </testcase>
    </testsuite>
    <testsuite name="src/test/adapters/role_adapters.test.ts" timestamp="2026-09-16T21:29:12.481Z" hostname="Jennys-MacBook-Air.local" tests="4" failures="0" errors="0" skipped="0" time="0.003730917">
        <testcase classname="src/test/adapters/role_adapters.test.ts" name="role adapters &gt; merges list metadata and detail fields into engine input" time="0.00195275">
        </testcase>
        <testcase classname="src/test/adapters/role_adapters.test.ts" name="role adapters &gt; normalizes absent and runtime-null fields and preserves empty steps" time="0.000370833">
        </testcase>
        <testcase classname="src/test/adapters/role_adapters.test.ts" name="role adapters &gt; converts dependencies with the owning role id" time="0.000196959">
        </testcase>
        <testcase classname="src/test/adapters/role_adapters.test.ts" name="role adapters &gt; converts drafts for local preview with preview-inert count metadata" time="0.000292458">
        </testcase>
    </testsuite>
    <testsuite name="src/test/api/abilities.api.test.ts" timestamp="2026-09-16T21:29:12.482Z" hostname="Jennys-MacBook-Air.local" tests="2" failures="0" errors="0" skipped="0" time="0.003890958">
        <testcase classname="src/test/api/abilities.api.test.ts" name="abilitiesApi &gt; list &gt; fetches all abilities" time="0.002711416">
        </testcase>
        <testcase classname="src/test/api/abilities.api.test.ts" name="abilitiesApi &gt; list &gt; returns empty array when no abilities" time="0.00023775">
        </testcase>
    </testsuite>
    <testsuite name="src/test/api/errors.api.test.ts" timestamp="2026-09-16T21:29:12.482Z" hostname="Jennys-MacBook-Air.local" tests="15" failures="0" errors="0" skipped="0" time="0.004532">
        <testcase classname="src/test/api/errors.api.test.ts" name="extractApiErrorMessages &gt; pydantic 422 detail arrays &gt; reads the message out of a single-item detail array" time="0.001391">
        </testcase>
        <testcase classname="src/test/api/errors.api.test.ts" name="extractApiErrorMessages &gt; pydantic 422 detail arrays &gt; reads the message for an over-long name" time="0.000233125">
        </testcase>
        <testcase classname="src/test/api/errors.api.test.ts" name="extractApiErrorMessages &gt; pydantic 422 detail arrays &gt; reports every entry when several fields fail" time="0.000166583">
        </testcase>
        <testcase classname="src/test/api/errors.api.test.ts" name="extractApiErrorMessages &gt; pydantic 422 detail arrays &gt; joins nested locations into a dotted path" time="0.000165875">
        </testcase>
        <testcase classname="src/test/api/errors.api.test.ts" name="extractApiErrorMessages &gt; pydantic 422 detail arrays &gt; falls back to the bare message when loc carries no field" time="0.000142917">
        </testcase>
        <testcase classname="src/test/api/errors.api.test.ts" name="extractApiErrorMessages &gt; pydantic 422 detail arrays &gt; skips entries that carry no message" time="0.000157583">
        </testcase>
        <testcase classname="src/test/api/errors.api.test.ts" name="extractApiErrorMessages &gt; pydantic 422 detail arrays &gt; returns null when the detail array yields no usable message" time="0.000136667">
        </testcase>
        <testcase classname="src/test/api/errors.api.test.ts" name="extractApiErrorMessages &gt; domain-error string details &gt; reads a 400 string detail" time="0.000145042">
        </testcase>
        <testcase classname="src/test/api/errors.api.test.ts" name="extractApiErrorMessages &gt; domain-error string details &gt; reads a 403 string detail" time="0.000134709">
        </testcase>
        <testcase classname="src/test/api/errors.api.test.ts" name="extractApiErrorMessages &gt; domain-error string details &gt; reads a 404 string detail" time="0.00014625">
        </testcase>
        <testcase classname="src/test/api/errors.api.test.ts" name="extractApiErrorMessages &gt; domain-error string details &gt; ignores a blank string detail" time="0.000110708">
        </testcase>
        <testcase classname="src/test/api/errors.api.test.ts" name="extractApiErrorMessages &gt; errors the caller must handle itself &gt; returns null for a network error with no response" time="0.000146166">
        </testcase>
        <testcase classname="src/test/api/errors.api.test.ts" name="extractApiErrorMessages &gt; errors the caller must handle itself &gt; returns null for a 500 with no detail" time="0.00010425">
        </testcase>
        <testcase classname="src/test/api/errors.api.test.ts" name="extractApiErrorMessages &gt; errors the caller must handle itself &gt; returns null for an HTML error body" time="0.000099334">
        </testcase>
        <testcase classname="src/test/api/errors.api.test.ts" name="extractApiErrorMessages &gt; errors the caller must handle itself &gt; returns null for a non-error value" time="0.000124583">
        </testcase>
    </testsuite>
    <testsuite name="src/test/api/roles.api.test.ts" timestamp="2026-09-16T21:29:12.483Z" hostname="Jennys-MacBook-Air.local" tests="11" failures="0" errors="0" skipped="0" time="0.005075375">
        <testcase classname="src/test/api/roles.api.test.ts" name="rolesApi &gt; list &gt; fetches roles without parameters" time="0.001349541">
        </testcase>
        <testcase classname="src/test/api/roles.api.test.ts" name="rolesApi &gt; list &gt; passes team filter" time="0.000218708">
        </testcase>
        <testcase classname="src/test/api/roles.api.test.ts" name="rolesApi &gt; list &gt; passes visibility filter as array" time="0.000159625">
        </testcase>
        <testcase classname="src/test/api/roles.api.test.ts" name="rolesApi &gt; list &gt; passes combined parameters" time="0.000152791">
        </testcase>
        <testcase classname="src/test/api/roles.api.test.ts" name="rolesApi &gt; list &gt; propagates API errors" time="0.000698209">
        </testcase>
        <testcase classname="src/test/api/roles.api.test.ts" name="rolesApi &gt; getById &gt; fetches and returns the role detail projection" time="0.000171167">
        </testcase>
        <testcase classname="src/test/api/roles.api.test.ts" name="rolesApi &gt; validate &gt; posts draft to /roles/validate" time="0.000712209">
        </testcase>
        <testcase classname="src/test/api/roles.api.test.ts" name="rolesApi &gt; validate &gt; returns validation errors from backend" time="0.00024075">
        </testcase>
        <testcase classname="src/test/api/roles.api.test.ts" name="rolesApi &gt; checkName &gt; gets /roles/check-name with name param" time="0.000148">
        </testcase>
        <testcase classname="src/test/api/roles.api.test.ts" name="rolesApi &gt; checkName &gt; returns available for unique name" time="0.000078333">
        </testcase>
        <testcase classname="src/test/api/roles.api.test.ts" name="rolesApi &gt; create &gt; posts draft to /roles" time="0.000185709">
        </testcase>
    </testsuite>
    <testsuite name="src/test/context/repository_context.test.tsx" timestamp="2026-09-16T21:29:12.484Z" hostname="Jennys-MacBook-Air.local" tests="7" failures="0" errors="0" skipped="0" time="0.102375334">
        <testcase classname="src/test/context/repository_context.test.tsx" name="RepositoryProvider &gt; bootstraps repositories before exposing them to children" time="0.069298791">
        </testcase>
        <testcase classname="src/test/context/repository_context.test.tsx" name="RepositoryProvider &gt; surfaces the original bootstrap failure" time="0.011102">
        </testcase>
        <testcase classname="src/test/context/repository_context.test.tsx" name="RepositoryProvider &gt; surfaces a repository open failure without exposing a repository" time="0.005943625">
        </testcase>
        <testcase classname="src/test/context/repository_context.test.tsx" name="RepositoryProvider &gt; keeps the context value stable across unchanged renders" time="0.002511041">
        </testcase>
        <testcase classname="src/test/context/repository_context.test.tsx" name="RepositoryProvider &gt; closes an owned repository once after bootstrap failure and unmount" time="0.005092">
        </testcase>
        <testcase classname="src/test/context/repository_context.test.tsx" name="RepositoryProvider &gt; closes an owned repository once when unmounted during bootstrap" time="0.005063417">
        </testcase>
        <testcase classname="src/test/context/repository_context.test.tsx" name="RepositoryProvider &gt; deletes an isolated test database when opening the repository fails" time="0.0026135">
        </testcase>
    </testsuite>
    <testsuite name="src/test/domain/abilitySteps.test.ts" timestamp="2026-09-16T21:29:12.485Z" hostname="Jennys-MacBook-Air.local" tests="49" failures="0" errors="0" skipped="0" time="0.007718167">
        <testcase classname="src/test/domain/abilitySteps.test.ts" name="abilitySteps &gt; renumberSteps &gt; returns an empty list unchanged" time="0.001223667">
        </testcase>
        <testcase classname="src/test/domain/abilitySteps.test.ts" name="abilitySteps &gt; renumberSteps &gt; assigns 1-based sequential order" time="0.000276292">
        </testcase>
        <testcase classname="src/test/domain/abilitySteps.test.ts" name="abilitySteps &gt; renumberSteps &gt; forces the first step modifier to none" time="0.000129333">
        </testcase>
        <testcase classname="src/test/domain/abilitySteps.test.ts" name="abilitySteps &gt; renumberSteps &gt; promotes a non-first none modifier to and" time="0.000072042">
        </testcase>
        <testcase classname="src/test/domain/abilitySteps.test.ts" name="abilitySteps &gt; renumberSteps &gt; preserves or/if modifiers on non-first steps" time="0.000228625">
        </testcase>
        <testcase classname="src/test/domain/abilitySteps.test.ts" name="abilitySteps &gt; renumberSteps &gt; does not mutate the input steps" time="0.00025">
        </testcase>
        <testcase classname="src/test/domain/abilitySteps.test.ts" name="abilitySteps &gt; buildInitialParameters &gt; returns an empty object when the schema is undefined" time="0.000101375">
        </testcase>
        <testcase classname="src/test/domain/abilitySteps.test.ts" name="abilitySteps &gt; buildInitialParameters &gt; returns an empty object when the schema has no properties" time="0.000149208">
        </testcase>
        <testcase classname="src/test/domain/abilitySteps.test.ts" name="abilitySteps &gt; buildInitialParameters &gt; seeds integer parameters with the schema default" time="0.000131333">
        </testcase>
        <testcase classname="src/test/domain/abilitySteps.test.ts" name="abilitySteps &gt; buildInitialParameters &gt; seeds integer parameters with 1 when no default is declared" time="0.000075125">
        </testcase>
        <testcase classname="src/test/domain/abilitySteps.test.ts" name="abilitySteps &gt; buildInitialParameters &gt; does not seed non-integer parameters" time="0.000169666">
        </testcase>
        <testcase classname="src/test/domain/abilitySteps.test.ts" name="abilitySteps &gt; getParameterType &gt; returns undefined when the schema is undefined" time="0.000216084">
        </testcase>
        <testcase classname="src/test/domain/abilitySteps.test.ts" name="abilitySteps &gt; getParameterType &gt; returns undefined for an unknown key" time="0.000120584">
        </testcase>
        <testcase classname="src/test/domain/abilitySteps.test.ts" name="abilitySteps &gt; getParameterType &gt; returns the declared property type" time="0.000077875">
        </testcase>
        <testcase classname="src/test/domain/abilitySteps.test.ts" name="abilitySteps &gt; coerceParameterValue &gt; passes through values with no declared type" time="0.000064333">
        </testcase>
        <testcase classname="src/test/domain/abilitySteps.test.ts" name="abilitySteps &gt; coerceParameterValue &gt; passes through string values" time="0.000047166">
        </testcase>
        <testcase classname="src/test/domain/abilitySteps.test.ts" name="abilitySteps &gt; coerceParameterValue &gt; parses an integer input" time="0.000189709">
        </testcase>
        <testcase classname="src/test/domain/abilitySteps.test.ts" name="abilitySteps &gt; coerceParameterValue &gt; falls back to 1 for unparseable integer input" time="0.000105542">
        </testcase>
        <testcase classname="src/test/domain/abilitySteps.test.ts" name="abilitySteps &gt; coerceParameterValue &gt; falls back to 1 for an empty integer input" time="0.000087209">
        </testcase>
        <testcase classname="src/test/domain/abilitySteps.test.ts" name="abilitySteps &gt; coerceParameterValue &gt; clamps integers below 1 up to 1" time="0.000077125">
        </testcase>
        <testcase classname="src/test/domain/abilitySteps.test.ts" name="abilitySteps &gt; coerceParameterValue &gt; parses a comma-separated array input" time="0.000086041">
        </testcase>
        <testcase classname="src/test/domain/abilitySteps.test.ts" name="abilitySteps &gt; coerceParameterValue &gt; drops non-numeric array entries" time="0.000066875">
        </testcase>
        <testcase classname="src/test/domain/abilitySteps.test.ts" name="abilitySteps &gt; coerceParameterValue &gt; returns an empty array for empty array input" time="0.000052958">
        </testcase>
        <testcase classname="src/test/domain/abilitySteps.test.ts" name="abilitySteps &gt; appendAbilityStep &gt; adds the first step with modifier none and order 1" time="0.000120583">
        </testcase>
        <testcase classname="src/test/domain/abilitySteps.test.ts" name="abilitySteps &gt; appendAbilityStep &gt; adds a subsequent step with modifier and, numbered after the last" time="0.000556041">
        </testcase>
        <testcase classname="src/test/domain/abilitySteps.test.ts" name="abilitySteps &gt; appendAbilityStep &gt; seeds parameters from the ability schema" time="0.000072958">
        </testcase>
        <testcase classname="src/test/domain/abilitySteps.test.ts" name="abilitySteps &gt; appendAbilityStep &gt; leaves existing steps untouched" time="0.000105625">
        </testcase>
        <testcase classname="src/test/domain/abilitySteps.test.ts" name="abilitySteps &gt; appendAbilityStep &gt; does not mutate the input steps" time="0.000112125">
        </testcase>
        <testcase classname="src/test/domain/abilitySteps.test.ts" name="abilitySteps &gt; removeStepAt &gt; removes the step at the index and renumbers the rest" time="0.000100625">
        </testcase>
        <testcase classname="src/test/domain/abilitySteps.test.ts" name="abilitySteps &gt; removeStepAt &gt; promotes the new first step to modifier none" time="0.000104583">
        </testcase>
        <testcase classname="src/test/domain/abilitySteps.test.ts" name="abilitySteps &gt; removeStepAt &gt; does not mutate the input steps" time="0.000106958">
        </testcase>
        <testcase classname="src/test/domain/abilitySteps.test.ts" name="abilitySteps &gt; moveStepUp &gt; swaps the step with the one above it and renumbers" time="0.000111292">
        </testcase>
        <testcase classname="src/test/domain/abilitySteps.test.ts" name="abilitySteps &gt; moveStepUp &gt; normalizes modifiers after the move" time="0.000056959">
        </testcase>
        <testcase classname="src/test/domain/abilitySteps.test.ts" name="abilitySteps &gt; moveStepUp &gt; returns the steps unchanged when already first" time="0.00006225">
        </testcase>
        <testcase classname="src/test/domain/abilitySteps.test.ts" name="abilitySteps &gt; moveStepUp &gt; does not mutate the input steps" time="0.0000485">
        </testcase>
        <testcase classname="src/test/domain/abilitySteps.test.ts" name="abilitySteps &gt; moveStepDown &gt; swaps the step with the one below it and renumbers" time="0.00007725">
        </testcase>
        <testcase classname="src/test/domain/abilitySteps.test.ts" name="abilitySteps &gt; moveStepDown &gt; returns the steps unchanged when already last" time="0.000037458">
        </testcase>
        <testcase classname="src/test/domain/abilitySteps.test.ts" name="abilitySteps &gt; moveStepDown &gt; preserves an or modifier carried by the moved step" time="0.000066917">
        </testcase>
        <testcase classname="src/test/domain/abilitySteps.test.ts" name="abilitySteps &gt; moveStepDown &gt; does not mutate the input steps" time="0.000046334">
        </testcase>
        <testcase classname="src/test/domain/abilitySteps.test.ts" name="abilitySteps &gt; setStepModifier &gt; sets the modifier on the targeted step only" time="0.000090958">
        </testcase>
        <testcase classname="src/test/domain/abilitySteps.test.ts" name="abilitySteps &gt; setStepModifier &gt; does not renumber or otherwise normalize" time="0.000067166">
        </testcase>
        <testcase classname="src/test/domain/abilitySteps.test.ts" name="abilitySteps &gt; setStepModifier &gt; does not mutate the input steps" time="0.000037416">
        </testcase>
        <testcase classname="src/test/domain/abilitySteps.test.ts" name="abilitySteps &gt; setStepParameter &gt; coerces and sets an integer parameter" time="0.000079958">
        </testcase>
        <testcase classname="src/test/domain/abilitySteps.test.ts" name="abilitySteps &gt; setStepParameter &gt; coerces and sets an array parameter" time="0.0000745">
        </testcase>
        <testcase classname="src/test/domain/abilitySteps.test.ts" name="abilitySteps &gt; setStepParameter &gt; stores a string parameter verbatim" time="0.000158208">
        </testcase>
        <testcase classname="src/test/domain/abilitySteps.test.ts" name="abilitySteps &gt; setStepParameter &gt; merges into existing parameters rather than replacing them" time="0.000058458">
        </testcase>
        <testcase classname="src/test/domain/abilitySteps.test.ts" name="abilitySteps &gt; setStepParameter &gt; leaves other steps untouched" time="0.000051875">
        </testcase>
        <testcase classname="src/test/domain/abilitySteps.test.ts" name="abilitySteps &gt; setStepParameter &gt; passes the value through when the schema is undefined" time="0.000083333">
        </testcase>
        <testcase classname="src/test/domain/abilitySteps.test.ts" name="abilitySteps &gt; setStepParameter &gt; does not mutate the input steps" time="0.00003975">
        </testcase>
    </testsuite>
    <testsuite name="src/test/domain/constants.test.ts" timestamp="2026-09-16T21:29:12.490Z" hostname="Jennys-MacBook-Air.local" tests="5" failures="0" errors="0" skipped="0" time="0.001592834">
        <testcase classname="src/test/domain/constants.test.ts" name="domain/constants MODIFIER_LABELS &gt; labels every step modifier exactly as the components previously did" time="0.000653083">
        </testcase>
        <testcase classname="src/test/domain/constants.test.ts" name="domain/constants MODIFIER_LABELS &gt; covers every modifier in MODIFIERS with a non-empty label" time="0.000129667">
        </testcase>
        <testcase classname="src/test/domain/constants.test.ts" name="domain/constants ABILITY_CATEGORIES &gt; preserves the five categories, their labels, and their ability types" time="0.000153167">
        </testcase>
        <testcase classname="src/test/domain/constants.test.ts" name="domain/constants ABILITY_CATEGORIES &gt; gives every category a unique id" time="0.000095">
        </testcase>
        <testcase classname="src/test/domain/constants.test.ts" name="domain/constants STRING_TARGET_OPTIONS &gt; preserves the target options exactly, in order" time="0.000064041">
        </testcase>
    </testsuite>
    <testsuite name="src/test/domain/roleDraft.test.ts" timestamp="2026-09-16T21:29:12.490Z" hostname="Jennys-MacBook-Air.local" tests="3" failures="0" errors="0" skipped="0" time="0.003597458">
        <testcase classname="src/test/domain/roleDraft.test.ts" name="domain/roleDraft createEmptyDraft &gt; creates a draft with the documented empty defaults" time="0.002199125">
        </testcase>
        <testcase classname="src/test/domain/roleDraft.test.ts" name="domain/roleDraft createEmptyDraft &gt; assigns a fresh id on every call" time="0.000438208">
        </testcase>
        <testcase classname="src/test/domain/roleDraft.test.ts" name="domain/roleDraft createEmptyDraft &gt; stamps created_at and updated_at with the same ISO timestamp" time="0.000171541">
        </testcase>
    </testsuite>
    <testsuite name="src/test/domain/roleSelection.test.ts" timestamp="2026-09-16T21:29:12.491Z" hostname="Jennys-MacBook-Air.local" tests="26" failures="0" errors="0" skipped="0" time="0.0065995">
        <testcase classname="src/test/domain/roleSelection.test.ts" name="roleSelection &gt; buildRoleMap &gt; returns an empty map for an empty role list" time="0.00064175">
        </testcase>
        <testcase classname="src/test/domain/roleSelection.test.ts" name="roleSelection &gt; buildRoleMap &gt; indexes roles by id" time="0.000147375">
        </testcase>
        <testcase classname="src/test/domain/roleSelection.test.ts" name="roleSelection &gt; countSelectedCards &gt; returns 0 for an empty selection" time="0.000115333">
        </testcase>
        <testcase classname="src/test/domain/roleSelection.test.ts" name="roleSelection &gt; countSelectedCards &gt; sums every selected count" time="0.000074875">
        </testcase>
        <testcase classname="src/test/domain/roleSelection.test.ts" name="roleSelection &gt; toggleRoleSelection &gt; selects an unselected role at its default_count" time="0.000122958">
        </testcase>
        <testcase classname="src/test/domain/roleSelection.test.ts" name="roleSelection &gt; toggleRoleSelection &gt; deselects an already-selected role" time="0.000109625">
        </testcase>
        <testcase classname="src/test/domain/roleSelection.test.ts" name="roleSelection &gt; toggleRoleSelection &gt; returns the selection unchanged when the role is unknown" time="0.000064042">
        </testcase>
        <testcase classname="src/test/domain/roleSelection.test.ts" name="roleSelection &gt; toggleRoleSelection &gt; auto-selects a REQUIRES dependency at the required role default_count" time="0.000099208">
        </testcase>
        <testcase classname="src/test/domain/roleSelection.test.ts" name="roleSelection &gt; toggleRoleSelection &gt; auto-selects a multi-copy dependency at its default_count" time="0.000103167">
        </testcase>
        <testcase classname="src/test/domain/roleSelection.test.ts" name="roleSelection &gt; toggleRoleSelection &gt; silently skips a dependency whose required role is absent from the list" time="0.000090583">
        </testcase>
        <testcase classname="src/test/domain/roleSelection.test.ts" name="roleSelection &gt; toggleRoleSelection &gt; does not auto-select RECOMMENDS dependencies" time="0.000082084">
        </testcase>
        <testcase classname="src/test/domain/roleSelection.test.ts" name="roleSelection &gt; toggleRoleSelection &gt; leaves an already-selected dependency at its current count" time="0.000076708">
        </testcase>
        <testcase classname="src/test/domain/roleSelection.test.ts" name="roleSelection &gt; toggleRoleSelection &gt; does not mutate the input selection" time="0.000067208">
        </testcase>
        <testcase classname="src/test/domain/roleSelection.test.ts" name="roleSelection &gt; removeRoleWithCascade &gt; removes the role itself" time="0.000068958">
        </testcase>
        <testcase classname="src/test/domain/roleSelection.test.ts" name="roleSelection &gt; removeRoleWithCascade &gt; cascade-removes selected roles that REQUIRE the removed role" time="0.000067917">
        </testcase>
        <testcase classname="src/test/domain/roleSelection.test.ts" name="roleSelection &gt; removeRoleWithCascade &gt; does not remove the required role when the dependent is removed (one-way)" time="0.000067458">
        </testcase>
        <testcase classname="src/test/domain/roleSelection.test.ts" name="roleSelection &gt; removeRoleWithCascade &gt; cascades one level only, leaving a transitive dependent orphaned" time="0.00008175">
        </testcase>
        <testcase classname="src/test/domain/roleSelection.test.ts" name="roleSelection &gt; removeRoleWithCascade &gt; leaves unrelated roles selected" time="0.000069333">
        </testcase>
        <testcase classname="src/test/domain/roleSelection.test.ts" name="roleSelection &gt; removeRoleWithCascade &gt; does not mutate the input selection" time="0.000067709">
        </testcase>
        <testcase classname="src/test/domain/roleSelection.test.ts" name="roleSelection &gt; adjustRoleCount &gt; increments the count" time="0.000083458">
        </testcase>
        <testcase classname="src/test/domain/roleSelection.test.ts" name="roleSelection &gt; adjustRoleCount &gt; decrements the count" time="0.000069417">
        </testcase>
        <testcase classname="src/test/domain/roleSelection.test.ts" name="roleSelection &gt; adjustRoleCount &gt; returns the selection unchanged when the increment would exceed max_count" time="0.000069709">
        </testcase>
        <testcase classname="src/test/domain/roleSelection.test.ts" name="roleSelection &gt; adjustRoleCount &gt; removes the role entirely when decremented below min_count" time="0.000063458">
        </testcase>
        <testcase classname="src/test/domain/roleSelection.test.ts" name="roleSelection &gt; adjustRoleCount &gt; cascade-removes dependents when decremented below min_count" time="0.002404">
        </testcase>
        <testcase classname="src/test/domain/roleSelection.test.ts" name="roleSelection &gt; adjustRoleCount &gt; returns the selection unchanged when the role is unknown" time="0.000370375">
        </testcase>
        <testcase classname="src/test/domain/roleSelection.test.ts" name="roleSelection &gt; adjustRoleCount &gt; treats an unselected role as count 0" time="0.000155042">
        </testcase>
    </testsuite>
    <testsuite name="src/test/domain/teams.test.ts" timestamp="2026-09-16T21:29:12.494Z" hostname="Jennys-MacBook-Air.local" tests="4" failures="0" errors="0" skipped="0" time="0.001551334">
        <testcase classname="src/test/domain/teams.test.ts" name="domain/teams single source &gt; states the five teams exactly once, in canonical sort-significant order" time="0.000742083">
        </testcase>
        <testcase classname="src/test/domain/teams.test.ts" name="domain/teams single source &gt; derives TEAM_ORDER to cover exactly the TEAMS array, in the same order" time="0.000110625">
        </testcase>
        <testcase classname="src/test/domain/teams.test.ts" name="domain/teams single source &gt; derives TEAM_COLORS keys to cover exactly the TEAMS array" time="0.00008375">
        </testcase>
        <testcase classname="src/test/domain/teams.test.ts" name="domain/teams single source &gt; maps every team to a hex color token" time="0.000168584">
        </testcase>
    </testsuite>
    <testsuite name="src/test/domain/wakeOrder.test.ts" timestamp="2026-09-16T21:29:12.494Z" hostname="Jennys-MacBook-Air.local" tests="28" failures="0" errors="0" skipped="0" time="0.005523708">
        <testcase classname="src/test/domain/wakeOrder.test.ts" name="wakeOrder &gt; shuffleArray &gt; returns an empty array unchanged" time="0.001306916">
        </testcase>
        <testcase classname="src/test/domain/wakeOrder.test.ts" name="wakeOrder &gt; shuffleArray &gt; returns a single-element array unchanged" time="0.000240166">
        </testcase>
        <testcase classname="src/test/domain/wakeOrder.test.ts" name="wakeOrder &gt; shuffleArray &gt; preserves the multiset of elements" time="0.000206167">
        </testcase>
        <testcase classname="src/test/domain/wakeOrder.test.ts" name="wakeOrder &gt; shuffleArray &gt; is deterministic for a given RNG (Fisher-Yates, rng always 0)" time="0.000203291">
        </testcase>
        <testcase classname="src/test/domain/wakeOrder.test.ts" name="wakeOrder &gt; shuffleArray &gt; does not mutate the input array" time="0.000298458">
        </testcase>
        <testcase classname="src/test/domain/wakeOrder.test.ts" name="wakeOrder &gt; shuffleArray &gt; defaults to Math.random when no RNG is injected" time="0.000209875">
        </testcase>
        <testcase classname="src/test/domain/wakeOrder.test.ts" name="wakeOrder &gt; collectWakingRoles &gt; returns an empty list when nothing is selected" time="0.000122">
        </testcase>
        <testcase classname="src/test/domain/wakeOrder.test.ts" name="wakeOrder &gt; collectWakingRoles &gt; includes only roles with a positive wake_order" time="0.000108708">
        </testcase>
        <testcase classname="src/test/domain/wakeOrder.test.ts" name="wakeOrder &gt; collectWakingRoles &gt; excludes roles with a zero wake_order" time="0.000076959">
        </testcase>
        <testcase classname="src/test/domain/wakeOrder.test.ts" name="wakeOrder &gt; collectWakingRoles &gt; excludes roles whose selected count is zero or negative" time="0.000074542">
        </testcase>
        <testcase classname="src/test/domain/wakeOrder.test.ts" name="wakeOrder &gt; collectWakingRoles &gt; collapses multiple copies of a role into a single waking entry" time="0.00042225">
        </testcase>
        <testcase classname="src/test/domain/wakeOrder.test.ts" name="wakeOrder &gt; collectWakingRoles &gt; ignores selected ids that are absent from the role list" time="0.000084875">
        </testcase>
        <testcase classname="src/test/domain/wakeOrder.test.ts" name="wakeOrder &gt; collectWakingRoles &gt; sorts by wake_order ascending" time="0.000082459">
        </testcase>
        <testcase classname="src/test/domain/wakeOrder.test.ts" name="wakeOrder &gt; collectWakingRoles &gt; projects id, name, team and wake_order" time="0.000070958">
        </testcase>
        <testcase classname="src/test/domain/wakeOrder.test.ts" name="wakeOrder &gt; getWakeGroupKeys &gt; returns an empty list for no waking roles" time="0.000056625">
        </testcase>
        <testcase classname="src/test/domain/wakeOrder.test.ts" name="wakeOrder &gt; getWakeGroupKeys &gt; returns unique wake_order values sorted ascending" time="0.000068625">
        </testcase>
        <testcase classname="src/test/domain/wakeOrder.test.ts" name="wakeOrder &gt; buildGroupOrders &gt; returns an empty map for no waking roles" time="0.000079583">
        </testcase>
        <testcase classname="src/test/domain/wakeOrder.test.ts" name="wakeOrder &gt; buildGroupOrders &gt; groups role ids by wake_order" time="0.000102833">
        </testcase>
        <testcase classname="src/test/domain/wakeOrder.test.ts" name="wakeOrder &gt; buildGroupOrders &gt; shuffles only within a group — never across groups" time="0.000076416">
        </testcase>
        <testcase classname="src/test/domain/wakeOrder.test.ts" name="wakeOrder &gt; buildGroupOrders &gt; is deterministic for a given RNG" time="0.000063291">
        </testcase>
        <testcase classname="src/test/domain/wakeOrder.test.ts" name="wakeOrder &gt; buildGroupOrders &gt; defaults to Math.random when no RNG is injected" time="0.000050542">
        </testcase>
        <testcase classname="src/test/domain/wakeOrder.test.ts" name="wakeOrder &gt; flattenWakeOrder &gt; returns an empty sequence when there are no groups" time="0.000056541">
        </testcase>
        <testcase classname="src/test/domain/wakeOrder.test.ts" name="wakeOrder &gt; flattenWakeOrder &gt; concatenates groups in ascending group order" time="0.00007425">
        </testcase>
        <testcase classname="src/test/domain/wakeOrder.test.ts" name="wakeOrder &gt; flattenWakeOrder &gt; preserves the within-group order it is given" time="0.000044708">
        </testcase>
        <testcase classname="src/test/domain/wakeOrder.test.ts" name="wakeOrder &gt; flattenWakeOrder &gt; skips group keys that have no entry" time="0.000048959">
        </testcase>
        <testcase classname="src/test/domain/wakeOrder.test.ts" name="wakeOrder &gt; expandRoleIds &gt; returns an empty list for an empty selection" time="0.000065042">
        </testcase>
        <testcase classname="src/test/domain/wakeOrder.test.ts" name="wakeOrder &gt; expandRoleIds &gt; repeats each role id by its selected count" time="0.000049542">
        </testcase>
        <testcase classname="src/test/domain/wakeOrder.test.ts" name="wakeOrder &gt; expandRoleIds &gt; omits roles selected zero times" time="0.000042708">
        </testcase>
    </testsuite>
    <testsuite name="src/test/data/conversion.test.ts" timestamp="2026-09-16T21:29:12.497Z" hostname="Jennys-MacBook-Air.local" tests="5" failures="0" errors="0" skipped="0" time="0.012733">
        <testcase classname="src/test/data/conversion.test.ts" name="seed conversion &gt; converts the shipped catalog with defaults and stable nested ids" time="0.008381">
        </testcase>
        <testcase classname="src/test/data/conversion.test.ts" name="seed conversion &gt; resolves dependencies by name and rejects unknown ability types" time="0.001604541">
        </testcase>
        <testcase classname="src/test/data/conversion.test.ts" name="seed conversion &gt; rejects generated id collisions in roles, abilities, steps, and dependencies" time="0.000694">
        </testcase>
        <testcase classname="src/test/data/conversion.test.ts" name="seed conversion &gt; creates private custom roles with a UUID and local defaults" time="0.001063208">
        </testcase>
        <testcase classname="src/test/data/conversion.test.ts" name="seed conversion &gt; exports a positive seed version" time="0.00009875">
        </testcase>
    </testsuite>
    <testsuite name="src/test/data/repositories.test.ts" timestamp="2026-09-16T21:29:12.498Z" hostname="Jennys-MacBook-Air.local" tests="8" failures="0" errors="0" skipped="0" time="0.1669375">
        <testcase classname="src/test/data/repositories.test.ts" name="IndexedDB repositories &gt; bootstraps 30 official roles, 15 abilities, and metadata" time="0.022099291">
        </testcase>
        <testcase classname="src/test/data/repositories.test.ts" name="IndexedDB repositories &gt; does nothing for a matching seed version" time="0.017818416">
        </testcase>
        <testcase classname="src/test/data/repositories.test.ts" name="IndexedDB repositories &gt; lists by team and visibility, gets, puts, deletes, and returns null when missing" time="0.0131455">
        </testcase>
        <testcase classname="src/test/data/repositories.test.ts" name="IndexedDB repositories &gt; stores and loads a game snapshot with null-on-missing semantics" time="0.006565166">
        </testcase>
        <testcase classname="src/test/data/repositories.test.ts" name="IndexedDB repositories &gt; treats malformed game rows as missing" time="0.006962834">
        </testcase>
        <testcase classname="src/test/data/repositories.test.ts" name="IndexedDB repositories &gt; treats malformed snapshot roles and arrays as missing" time="0.012420292">
        </testcase>
        <testcase classname="src/test/data/repositories.test.ts" name="IndexedDB repositories &gt; reseeds official records while preserving custom records and removing stale officials" time="0.038137042">
        </testcase>
        <testcase classname="src/test/data/repositories.test.ts" name="IndexedDB repositories &gt; rolls back every store after a partial seed transaction failure" time="0.048239375">
        </testcase>
    </testsuite>
    <testsuite name="src/test/data/seed_parity.test.ts" timestamp="2026-09-16T21:29:12.499Z" hostname="Jennys-MacBook-Air.local" tests="3" failures="0" errors="0" skipped="0" time="0.005163208">
        <testcase classname="src/test/data/seed_parity.test.ts" name="frontend seed copies &gt; matches the canonical roles file" time="0.002584375">
        </testcase>
        <testcase classname="src/test/data/seed_parity.test.ts" name="frontend seed copies &gt; matches the canonical abilities file" time="0.000599416">
        </testcase>
        <testcase classname="src/test/data/seed_parity.test.ts" name="frontend seed copies &gt; fails when a copied seed is mutated" time="0.001216958">
        </testcase>
    </testsuite>
    <testsuite name="src/test/data/type_compatibility.test.ts" timestamp="2026-09-16T21:29:12.499Z" hostname="Jennys-MacBook-Air.local" tests="1" failures="0" errors="0" skipped="0" time="0.000883542">
        <testcase classname="src/test/data/type_compatibility.test.ts" name="local role records are structurally compatible with transport role views" time="0.000476542">
        </testcase>
    </testsuite>
    <testsuite name="src/test/engine/gameSession.test.ts" timestamp="2026-09-16T21:29:12.499Z" hostname="Jennys-MacBook-Air.local" tests="16" failures="0" errors="0" skipped="0" time="0.004707833">
        <testcase classname="src/test/engine/gameSession.test.ts" name="engine game session creation &gt; creates a setup session with caller values and injected id" time="0.001335208">
        </testcase>
        <testcase classname="src/test/engine/gameSession.test.ts" name="engine game session creation &gt; keeps an omitted wake sequence absent" time="0.00013825">
        </testcase>
        <testcase classname="src/test/engine/gameSession.test.ts" name="engine game session creation &gt; propagates dependency warnings to the session" time="0.000143292">
        </testcase>
        <testcase classname="src/test/engine/gameSession.test.ts" name="engine game session creation &gt; does not mutate create input values" time="0.000317541">
        </testcase>
        <testcase classname="src/test/engine/gameSession.test.ts" name="engine game session creation &gt; uses a deterministic id generator without ambient crypto" time="0.000399">
        </testcase>
        <testcase classname="src/test/engine/gameSession.test.ts" name="engine game session creation &gt; rejects before creating a session or mutating caller-owned values" time="0.000371083">
        </testcase>
        <testcase classname="src/test/engine/gameSession.test.ts" name="engine game session transitions &gt; starts only from setup and initializes wake order to zero" time="0.0001605">
        </testcase>
        <testcase classname="src/test/engine/gameSession.test.ts" name="engine game session transitions &gt; rejects starting a non-setup session without mutation" time="0.000114084">
        </testcase>
        <testcase classname="src/test/engine/gameSession.test.ts" name="engine game session transitions &gt; rejects advance from setup without mutation" time="0.000137958">
        </testcase>
        <testcase classname="src/test/engine/gameSession.test.ts" name="engine game session transitions &gt; advances night to discussion" time="0.000071">
        </testcase>
        <testcase classname="src/test/engine/gameSession.test.ts" name="engine game session transitions &gt; advances discussion to voting" time="0.000047666">
        </testcase>
        <testcase classname="src/test/engine/gameSession.test.ts" name="engine game session transitions &gt; advances voting to resolution" time="0.00004575">
        </testcase>
        <testcase classname="src/test/engine/gameSession.test.ts" name="engine game session transitions &gt; advances resolution to complete" time="0.000047625">
        </testcase>
        <testcase classname="src/test/engine/gameSession.test.ts" name="engine game session transitions &gt; rejects advance from complete without mutation" time="0.000119583">
        </testcase>
        <testcase classname="src/test/engine/gameSession.test.ts" name="engine game session transitions &gt; advances a started session through the complete phase path" time="0.000077666">
        </testcase>
        <testcase classname="src/test/engine/gameSession.test.ts" name="engine game session transitions &gt; returns new values for successful transitions" time="0.0002745">
        </testcase>
    </testsuite>
    <testsuite name="src/test/engine/gameSetupValidation.test.ts" timestamp="2026-09-16T21:29:12.501Z" hostname="Jennys-MacBook-Air.local" tests="34" failures="0" errors="0" skipped="0" time="0.006169375">
        <testcase classname="src/test/engine/gameSetupValidation.test.ts" name="engine setup validation &gt; returns no warnings for a valid setup" time="0.001420459">
        </testcase>
        <testcase classname="src/test/engine/gameSetupValidation.test.ts" name="engine setup validation &gt; normalizes a valid wake order sequence to strings" time="0.000312">
        </testcase>
        <testcase classname="src/test/engine/gameSetupValidation.test.ts" name="engine setup validation &gt; rejects a broken setup" time="0.000395541">
        </testcase>
        <testcase classname="src/test/engine/gameSetupValidation.test.ts" name="engine setup rule precedence &gt; count rule precedes unknown role id check" time="0.000195708">
        </testcase>
        <testcase classname="src/test/engine/gameSetupValidation.test.ts" name="engine setup rule precedence &gt; unknown role id precedes card count rule" time="0.000109583">
        </testcase>
        <testcase classname="src/test/engine/gameSetupValidation.test.ts" name="engine setup rule precedence &gt; card count rule precedes primary team rule" time="0.000116084">
        </testcase>
        <testcase classname="src/test/engine/gameSetupValidation.test.ts" name="engine setup rule precedence &gt; primary team rule precedes dependency rule" time="0.000092083">
        </testcase>
        <testcase classname="src/test/engine/gameSetupValidation.test.ts" name="engine setup rule precedence &gt; dependency rule precedes wake sequence rule" time="0.000196167">
        </testcase>
        <testcase classname="src/test/engine/gameSetupValidation.test.ts" name="engine create-boundary setup cases &gt; rejects an unknown role id" time="0.000083333">
        </testcase>
        <testcase classname="src/test/engine/gameSetupValidation.test.ts" name="engine create-boundary setup cases &gt; rejects multiple unknown role ids" time="0.000076875">
        </testcase>
        <testcase classname="src/test/engine/gameSetupValidation.test.ts" name="engine create-boundary setup cases &gt; rejects too few roles" time="0.000055375">
        </testcase>
        <testcase classname="src/test/engine/gameSetupValidation.test.ts" name="engine create-boundary setup cases &gt; rejects too many roles" time="0.000057583">
        </testcase>
        <testcase classname="src/test/engine/gameSetupValidation.test.ts" name="engine create-boundary setup cases &gt; accepts an exact role count" time="0.000075375">
        </testcase>
        <testcase classname="src/test/engine/gameSetupValidation.test.ts" name="engine create-boundary setup cases &gt; count rule precedes unknown role id check" time="0.00005625">
        </testcase>
        <testcase classname="src/test/engine/gameSetupValidation.test.ts" name="engine create-boundary setup cases &gt; rejects exceeding max count" time="0.000064875">
        </testcase>
        <testcase classname="src/test/engine/gameSetupValidation.test.ts" name="engine create-boundary setup cases &gt; rejects below min count" time="0.000068542">
        </testcase>
        <testcase classname="src/test/engine/gameSetupValidation.test.ts" name="engine create-boundary setup cases &gt; accepts valid card counts" time="0.000065625">
        </testcase>
        <testcase classname="src/test/engine/gameSetupValidation.test.ts" name="engine create-boundary setup cases &gt; rejects a missing required dependency" time="0.000057292">
        </testcase>
        <testcase classname="src/test/engine/gameSetupValidation.test.ts" name="engine create-boundary setup cases &gt; accepts a satisfied required dependency" time="0.000050125">
        </testcase>
        <testcase classname="src/test/engine/gameSetupValidation.test.ts" name="engine create-boundary setup cases &gt; warns on a missing recommends dependency" time="0.000189625">
        </testcase>
        <testcase classname="src/test/engine/gameSetupValidation.test.ts" name="engine create-boundary setup cases &gt; returns no warnings when recommends is satisfied" time="0.000216">
        </testcase>
        <testcase classname="src/test/engine/gameSetupValidation.test.ts" name="engine create-boundary setup cases &gt; rejects only a minion without a primary wolf" time="0.00020275">
        </testcase>
        <testcase classname="src/test/engine/gameSetupValidation.test.ts" name="engine create-boundary setup cases &gt; accepts a werewolf and minion" time="0.000069792">
        </testcase>
        <testcase classname="src/test/engine/gameSetupValidation.test.ts" name="engine create-boundary setup cases &gt; rejects only a squire without a primary wolf" time="0.000215875">
        </testcase>
        <testcase classname="src/test/engine/gameSetupValidation.test.ts" name="engine create-boundary setup cases &gt; rejects multiple teams without primary roles" time="0.000073333">
        </testcase>
        <testcase classname="src/test/engine/gameSetupValidation.test.ts" name="engine create-boundary setup cases &gt; stores a valid wake order sequence" time="0.000072583">
        </testcase>
        <testcase classname="src/test/engine/gameSetupValidation.test.ts" name="engine create-boundary setup cases &gt; rejects an extra role in the sequence" time="0.000063083">
        </testcase>
        <testcase classname="src/test/engine/gameSetupValidation.test.ts" name="engine create-boundary setup cases &gt; rejects a missing waking role in the sequence" time="0.000061125">
        </testcase>
        <testcase classname="src/test/engine/gameSetupValidation.test.ts" name="engine create-boundary setup cases &gt; rejects duplicate ids in the sequence" time="0.00008175">
        </testcase>
        <testcase classname="src/test/engine/gameSetupValidation.test.ts" name="engine create-boundary setup cases &gt; accepts a null sequence as omitted" time="0.00005525">
        </testcase>
        <testcase classname="src/test/engine/gameSetupValidation.test.ts" name="engine create-boundary setup cases &gt; accepts an empty sequence with no waking roles" time="0.000082083">
        </testcase>
        <testcase classname="src/test/engine/gameSetupValidation.test.ts" name="engine create-boundary setup cases &gt; rejects a non-waking role in the sequence" time="0.0000565">
        </testcase>
        <testcase classname="src/test/engine/gameSetupValidation.test.ts" name="engine setup edge paths &gt; checks vampire primary roles" time="0.00005175">
        </testcase>
        <testcase classname="src/test/engine/gameSetupValidation.test.ts" name="engine setup edge paths &gt; checks alien primary roles" time="0.000050292">
        </testcase>
    </testsuite>
    <testsuite name="src/test/engine/narration.test.ts" timestamp="2026-09-16T21:29:12.503Z" hostname="Jennys-MacBook-Air.local" tests="13" failures="0" errors="0" skipped="0" time="0.008989458">
        <testcase classname="src/test/engine/narration.test.ts" name="narration engine &gt; sorts waking roles deterministically and applies custom ordering rules" time="0.000957583">
        </testcase>
        <testcase classname="src/test/engine/narration.test.ts" name="narration engine &gt; deduplicates ids and sorts unnamed custom roles by wake order and name" time="0.000263541">
        </testcase>
        <testcase classname="src/test/engine/narration.test.ts" name="narration engine &gt; builds dense role actions and preserves required and OR flags" time="0.000323375">
        </testcase>
        <testcase classname="src/test/engine/narration.test.ts" name="narration engine &gt; builds wake and close-eyes actions for a role without steps" time="0.000080416">
        </testcase>
        <testcase classname="src/test/engine/narration.test.ts" name="narration engine &gt; skips unknown inherited ability names without duration" time="0.000418625">
        </testcase>
        <testcase classname="src/test/engine/narration.test.ts" name="narration engine &gt; assembles opening, unique waking role blocks, and closing actions" time="0.000152042">
        </testcase>
        <testcase classname="src/test/engine/narration.test.ts" name="narration engine &gt; keeps opening and closing actions when no roles wake" time="0.000179334">
        </testcase>
        <testcase classname="src/test/engine/narration.test.ts" name="narration engine &gt; builds previews with one copied-role section header" time="0.000301791">
        </testcase>
        <testcase classname="src/test/engine/narration.test.ts" name="narration engine &gt; returns no preview for null or zero wake order" time="0.000194333">
        </testcase>
        <testcase classname="src/test/engine/narration.test.ts" name="narration engine &gt; does not mutate generated action inputs" time="0.000291">
        </testcase>
        <testcase classname="src/test/engine/narration.test.ts" name="narration engine &gt; keeps fixture roles in the verified engine input shape" time="0.002934125">
        </testcase>
        <testcase classname="src/test/engine/narration.test.ts" name="narration engine &gt; matches the Python-generated night-script fixtures for all seed roles" time="0.001177292">
        </testcase>
        <testcase classname="src/test/engine/narration.test.ts" name="narration engine &gt; matches the Python-generated previews for all seed roles" time="0.000797416">
        </testcase>
    </testsuite>
    <testsuite name="src/test/engine/templates.test.ts" timestamp="2026-09-16T21:29:12.504Z" hostname="Jennys-MacBook-Air.local" tests="81" failures="0" errors="0" skipped="0" time="0.004869958">
        <testcase classname="src/test/engine/templates.test.ts" name="engine narration templates &gt; renders wake target null" time="0.000468708">
        </testcase>
        <testcase classname="src/test/engine/templates.test.ts" name="engine narration templates &gt; renders wake target player.self" time="0.000064209">
        </testcase>
        <testcase classname="src/test/engine/templates.test.ts" name="engine narration templates &gt; renders wake target team.werewolf" time="0.000052958">
        </testcase>
        <testcase classname="src/test/engine/templates.test.ts" name="engine narration templates &gt; renders wake target team.alien" time="0.000045042">
        </testcase>
        <testcase classname="src/test/engine/templates.test.ts" name="engine narration templates &gt; renders wake target team.vampire" time="0.000042875">
        </testcase>
        <testcase classname="src/test/engine/templates.test.ts" name="engine narration templates &gt; renders wake target role.doppelganger" time="0.000053292">
        </testcase>
        <testcase classname="src/test/engine/templates.test.ts" name="engine narration templates &gt; renders wake target role.the_thing" time="0.000044875">
        </testcase>
        <testcase classname="src/test/engine/templates.test.ts" name="engine narration templates &gt; renders wake target team.unknown" time="0.000037958">
        </testcase>
        <testcase classname="src/test/engine/templates.test.ts" name="engine narration templates &gt; renders wake target garbage" time="0.000044042">
        </testcase>
        <testcase classname="src/test/engine/templates.test.ts" name="engine narration templates &gt; renders wake target " time="0.00005175">
        </testcase>
        <testcase classname="src/test/engine/templates.test.ts" name="engine narration templates &gt; rewrites underscores in role wake targets" time="0.00004775">
        </testcase>
        <testcase classname="src/test/engine/templates.test.ts" name="engine narration templates &gt; empty wake targets follow the player self path" time="0.000041208">
        </testcase>
        <testcase classname="src/test/engine/templates.test.ts" name="engine narration templates &gt; renders view_card with literal parameters" time="0.000089375">
        </testcase>
        <testcase classname="src/test/engine/templates.test.ts" name="engine narration templates &gt; renders view_card with literal parameters" time="0.000035916">
        </testcase>
        <testcase classname="src/test/engine/templates.test.ts" name="engine narration templates &gt; renders view_card with literal parameters" time="0.000035">
        </testcase>
        <testcase classname="src/test/engine/templates.test.ts" name="engine narration templates &gt; renders view_card with literal parameters" time="0.000033375">
        </testcase>
        <testcase classname="src/test/engine/templates.test.ts" name="engine narration templates &gt; renders view_card with literal parameters" time="0.000045625">
        </testcase>
        <testcase classname="src/test/engine/templates.test.ts" name="engine narration templates &gt; renders view_card with literal parameters" time="0.000032958">
        </testcase>
        <testcase classname="src/test/engine/templates.test.ts" name="engine narration templates &gt; renders view_card with literal parameters" time="0.000032916">
        </testcase>
        <testcase classname="src/test/engine/templates.test.ts" name="engine narration templates &gt; renders swap_card with literal parameters" time="0.000046708">
        </testcase>
        <testcase classname="src/test/engine/templates.test.ts" name="engine narration templates &gt; renders swap_card with literal parameters" time="0.000035792">
        </testcase>
        <testcase classname="src/test/engine/templates.test.ts" name="engine narration templates &gt; renders swap_card with literal parameters" time="0.000040916">
        </testcase>
        <testcase classname="src/test/engine/templates.test.ts" name="engine narration templates &gt; renders swap_card with literal parameters" time="0.000036166">
        </testcase>
        <testcase classname="src/test/engine/templates.test.ts" name="engine narration templates &gt; renders swap_card with literal parameters" time="0.000034916">
        </testcase>
        <testcase classname="src/test/engine/templates.test.ts" name="engine narration templates &gt; renders swap_card with literal parameters" time="0.000032583">
        </testcase>
        <testcase classname="src/test/engine/templates.test.ts" name="engine narration templates &gt; renders take_card with literal parameters" time="0.000043291">
        </testcase>
        <testcase classname="src/test/engine/templates.test.ts" name="engine narration templates &gt; renders take_card with literal parameters" time="0.000032042">
        </testcase>
        <testcase classname="src/test/engine/templates.test.ts" name="engine narration templates &gt; renders take_card with literal parameters" time="0.000032541">
        </testcase>
        <testcase classname="src/test/engine/templates.test.ts" name="engine narration templates &gt; renders view_awake with literal parameters" time="0.00003525">
        </testcase>
        <testcase classname="src/test/engine/templates.test.ts" name="engine narration templates &gt; renders thumbs_up with literal parameters" time="0.00004975">
        </testcase>
        <testcase classname="src/test/engine/templates.test.ts" name="engine narration templates &gt; renders thumbs_up with literal parameters" time="0.00005525">
        </testcase>
        <testcase classname="src/test/engine/templates.test.ts" name="engine narration templates &gt; renders thumbs_up with literal parameters" time="0.000042458">
        </testcase>
        <testcase classname="src/test/engine/templates.test.ts" name="engine narration templates &gt; renders thumbs_up with literal parameters" time="0.000035666">
        </testcase>
        <testcase classname="src/test/engine/templates.test.ts" name="engine narration templates &gt; renders thumbs_up with literal parameters" time="0.000032041">
        </testcase>
        <testcase classname="src/test/engine/templates.test.ts" name="engine narration templates &gt; renders thumbs_up with literal parameters" time="0.000031833">
        </testcase>
        <testcase classname="src/test/engine/templates.test.ts" name="engine narration templates &gt; renders thumbs_up with literal parameters" time="0.000031792">
        </testcase>
        <testcase classname="src/test/engine/templates.test.ts" name="engine narration templates &gt; renders explicit_no_view with literal parameters" time="0.000035209">
        </testcase>
        <testcase classname="src/test/engine/templates.test.ts" name="engine narration templates &gt; renders rotate_all with literal parameters" time="0.00003925">
        </testcase>
        <testcase classname="src/test/engine/templates.test.ts" name="engine narration templates &gt; renders rotate_all with literal parameters" time="0.000031292">
        </testcase>
        <testcase classname="src/test/engine/templates.test.ts" name="engine narration templates &gt; renders touch with literal parameters" time="0.000034417">
        </testcase>
        <testcase classname="src/test/engine/templates.test.ts" name="engine narration templates &gt; renders flip_card with literal parameters" time="0.000034375">
        </testcase>
        <testcase classname="src/test/engine/templates.test.ts" name="engine narration templates &gt; renders copy_role with literal parameters" time="0.000039416">
        </testcase>
        <testcase classname="src/test/engine/templates.test.ts" name="engine narration templates &gt; renders change_to_team with literal parameters" time="0.000046292">
        </testcase>
        <testcase classname="src/test/engine/templates.test.ts" name="engine narration templates &gt; renders change_to_team with literal parameters" time="0.000032333">
        </testcase>
        <testcase classname="src/test/engine/templates.test.ts" name="engine narration templates &gt; renders perform_as with literal parameters" time="0.000048709">
        </testcase>
        <testcase classname="src/test/engine/templates.test.ts" name="engine narration templates &gt; renders perform_immediately with literal parameters" time="0.000047292">
        </testcase>
        <testcase classname="src/test/engine/templates.test.ts" name="engine narration templates &gt; renders stop with literal parameters" time="0.000036791">
        </testcase>
        <testcase classname="src/test/engine/templates.test.ts" name="engine narration templates &gt; renders random_num_players with literal parameters" time="0.000058208">
        </testcase>
        <testcase classname="src/test/engine/templates.test.ts" name="engine narration templates &gt; renders random_num_players with literal parameters" time="0.000033167">
        </testcase>
        <testcase classname="src/test/engine/templates.test.ts" name="engine narration templates &gt; renders random_num_players with literal parameters" time="0.000036708">
        </testcase>
        <testcase classname="src/test/engine/templates.test.ts" name="engine narration templates &gt; renders random_num_players with literal parameters" time="0.000054208">
        </testcase>
        <testcase classname="src/test/engine/templates.test.ts" name="engine narration templates &gt; renders random_num_players with literal parameters" time="0.000032417">
        </testcase>
        <testcase classname="src/test/engine/templates.test.ts" name="engine narration templates &gt; renders unknown_type with literal parameters" time="0.000032417">
        </testcase>
        <testcase classname="src/test/engine/templates.test.ts" name="engine narration templates &gt; OR prefixes a recognized instruction" time="0.000044166">
        </testcase>
        <testcase classname="src/test/engine/templates.test.ts" name="engine narration templates &gt; OR does not prefix an unknown instruction" time="0.000050875">
        </testcase>
        <testcase classname="src/test/engine/templates.test.ts" name="engine narration templates &gt; treats inherited property constructor as an unknown instruction" time="0.00004225">
        </testcase>
        <testcase classname="src/test/engine/templates.test.ts" name="engine narration templates &gt; treats inherited property toString as an unknown instruction" time="0.000031375">
        </testcase>
        <testcase classname="src/test/engine/templates.test.ts" name="engine narration templates &gt; treats inherited property __proto__ as an unknown instruction" time="0.000031042">
        </testcase>
        <testcase classname="src/test/engine/templates.test.ts" name="engine narration templates &gt; non-OR modifier none does not prefix" time="0.000039667">
        </testcase>
        <testcase classname="src/test/engine/templates.test.ts" name="engine narration templates &gt; non-OR modifier and does not prefix" time="0.000032541">
        </testcase>
        <testcase classname="src/test/engine/templates.test.ts" name="engine narration templates &gt; non-OR modifier if does not prefix" time="0.000031833">
        </testcase>
        <testcase classname="src/test/engine/templates.test.ts" name="engine narration templates &gt; uses the duration for view_card" time="0.000049041">
        </testcase>
        <testcase classname="src/test/engine/templates.test.ts" name="engine narration templates &gt; uses the duration for swap_card" time="0.000033667">
        </testcase>
        <testcase classname="src/test/engine/templates.test.ts" name="engine narration templates &gt; uses the duration for take_card" time="0.000037291">
        </testcase>
        <testcase classname="src/test/engine/templates.test.ts" name="engine narration templates &gt; uses the duration for view_awake" time="0.000032167">
        </testcase>
        <testcase classname="src/test/engine/templates.test.ts" name="engine narration templates &gt; uses the duration for thumbs_up" time="0.000031209">
        </testcase>
        <testcase classname="src/test/engine/templates.test.ts" name="engine narration templates &gt; uses the duration for explicit_no_view" time="0.000033916">
        </testcase>
        <testcase classname="src/test/engine/templates.test.ts" name="engine narration templates &gt; uses the duration for rotate_all" time="0.00003075">
        </testcase>
        <testcase classname="src/test/engine/templates.test.ts" name="engine narration templates &gt; uses the duration for touch" time="0.000030917">
        </testcase>
        <testcase classname="src/test/engine/templates.test.ts" name="engine narration templates &gt; uses the duration for flip_card" time="0.000032459">
        </testcase>
        <testcase classname="src/test/engine/templates.test.ts" name="engine narration templates &gt; uses the duration for copy_role" time="0.000034709">
        </testcase>
        <testcase classname="src/test/engine/templates.test.ts" name="engine narration templates &gt; uses the duration for change_to_team" time="0.000032333">
        </testcase>
        <testcase classname="src/test/engine/templates.test.ts" name="engine narration templates &gt; uses the duration for perform_as" time="0.000034042">
        </testcase>
        <testcase classname="src/test/engine/templates.test.ts" name="engine narration templates &gt; uses the duration for perform_immediately" time="0.000030875">
        </testcase>
        <testcase classname="src/test/engine/templates.test.ts" name="engine narration templates &gt; uses the duration for stop" time="0.000030666">
        </testcase>
        <testcase classname="src/test/engine/templates.test.ts" name="engine narration templates &gt; uses the duration for random_num_players" time="0.000034375">
        </testcase>
        <testcase classname="src/test/engine/templates.test.ts" name="engine narration templates &gt; unknown durations default to five seconds" time="0.000041292">
        </testcase>
        <testcase classname="src/test/engine/templates.test.ts" name="engine narration templates &gt; uses the default duration for inherited property constructor" time="0.000041375">
        </testcase>
        <testcase classname="src/test/engine/templates.test.ts" name="engine narration templates &gt; uses the default duration for inherited property toString" time="0.000030166">
        </testcase>
        <testcase classname="src/test/engine/templates.test.ts" name="engine narration templates &gt; uses the default duration for inherited property __proto__" time="0.000030417">
        </testcase>
        <testcase classname="src/test/engine/templates.test.ts" name="engine narration templates &gt; the public shape includes all required engine and production output fields" time="0.000534583">
        </testcase>
    </testsuite>
    <testsuite name="src/test/hooks/useAbilities.test.tsx" timestamp="2026-09-16T21:29:12.510Z" hostname="Jennys-MacBook-Air.local" tests="3" failures="0" errors="0" skipped="0" time="0.185900417">
        <testcase classname="src/test/hooks/useAbilities.test.tsx" name="useAbilities &gt; starts with loading true while the repository read is pending" time="0.018680208">
        </testcase>
        <testcase classname="src/test/hooks/useAbilities.test.tsx" name="useAbilities &gt; returns the complete offline ability catalog" time="0.054865708">
        </testcase>
        <testcase classname="src/test/hooks/useAbilities.test.tsx" name="useAbilities &gt; preserves repository errors and the existing fallback for non-Error failures" time="0.111386583">
        </testcase>
    </testsuite>
    <testsuite name="src/test/hooks/useFetch.test.ts" timestamp="2026-09-16T21:29:12.510Z" hostname="Jennys-MacBook-Air.local" tests="6" failures="0" errors="0" skipped="0" time="0.282315875">
        <testcase classname="src/test/hooks/useFetch.test.ts" name="useFetch &gt; initial state &gt; starts with loading true" time="0.006866042">
        </testcase>
        <testcase classname="src/test/hooks/useFetch.test.ts" name="useFetch &gt; successful fetch &gt; fetches data on mount" time="0.055096084">
        </testcase>
        <testcase classname="src/test/hooks/useFetch.test.ts" name="useFetch &gt; successful fetch &gt; refetch updates data" time="0.055946125">
        </testcase>
        <testcase classname="src/test/hooks/useFetch.test.ts" name="useFetch &gt; error handling &gt; sets error on failure" time="0.055352125">
        </testcase>
        <testcase classname="src/test/hooks/useFetch.test.ts" name="useFetch &gt; error handling &gt; sets generic error for non-Error throws" time="0.054720833">
        </testcase>
        <testcase classname="src/test/hooks/useFetch.test.ts" name="useFetch &gt; with initialData &gt; uses initialData as default" time="0.0531175">
        </testcase>
    </testsuite>
    <testsuite name="src/test/hooks/useGame.test.ts" timestamp="2026-09-16T21:29:12.510Z" hostname="Jennys-MacBook-Air.local" tests="11" failures="0" errors="0" skipped="0" time="0.551107167">
        <testcase classname="src/test/hooks/useGame.test.ts" name="useGame &gt; starts loading and returns the stored session" time="0.081871625">
        </testcase>
        <testcase classname="src/test/hooks/useGame.test.ts" name="useGame &gt; returns an absent game without an error" time="0.056979292">
        </testcase>
        <testcase classname="src/test/hooks/useGame.test.ts" name="useGame &gt; refetches a changed snapshot" time="0.06108525">
        </testcase>
        <testcase classname="src/test/hooks/useGame.test.ts" name="useGame &gt; reads the game snapshot from the repository provider" time="0.056795333">
        </testcase>
        <testcase classname="src/test/hooks/useGame.test.ts" name="useNightScript &gt; builds a script from the stored roles and wake sequence" time="0.0550355">
        </testcase>
        <testcase classname="src/test/hooks/useGame.test.ts" name="useNightScript &gt; rebuilds the same ordered script from the stored custom sequence" time="0.111111292">
        </testcase>
        <testcase classname="src/test/hooks/useGame.test.ts" name="useNightScript &gt; does not read a script when disabled" time="0.001332208">
        </testcase>
        <testcase classname="src/test/hooks/useGame.test.ts" name="useNightScript &gt; returns no script when the snapshot is missing" time="0.055068292">
        </testcase>
        <testcase classname="src/test/hooks/useGame.test.ts" name="useNightScript &gt; ignores a stale night-script read after the request is disabled" time="0.008128959">
        </testcase>
        <testcase classname="src/test/hooks/useGame.test.ts" name="useNightScript &gt; ignores a stale night-script read after the game id changes" time="0.056933709">
        </testcase>
        <testcase classname="src/test/hooks/useGame.test.ts" name="useNightScript &gt; does not build a stale night script after unmount" time="0.005344541">
        </testcase>
    </testsuite>
    <testsuite name="src/test/hooks/useNameCheck.test.ts" timestamp="2026-09-16T21:29:12.511Z" hostname="Jennys-MacBook-Air.local" tests="13" failures="0" errors="0" skipped="0" time="0.042759708">
        <testcase classname="src/test/hooks/useNameCheck.test.ts" name="useNameCheck &gt; names too short to check &gt; stays idle for an empty name and does not call the API" time="0.015339">
        </testcase>
        <testcase classname="src/test/hooks/useNameCheck.test.ts" name="useNameCheck &gt; names too short to check &gt; stays idle for a whitespace-only name and does not call the API" time="0.000869667">
        </testcase>
        <testcase classname="src/test/hooks/useNameCheck.test.ts" name="useNameCheck &gt; names too short to check &gt; stays idle for a single-character name and does not call the API" time="0.000619125">
        </testcase>
        <testcase classname="src/test/hooks/useNameCheck.test.ts" name="useNameCheck &gt; debounce &gt; reports checking immediately without calling the API" time="0.002505458">
        </testcase>
        <testcase classname="src/test/hooks/useNameCheck.test.ts" name="useNameCheck &gt; debounce &gt; calls the API once 500ms have elapsed" time="0.004894">
        </testcase>
        <testcase classname="src/test/hooks/useNameCheck.test.ts" name="useNameCheck &gt; debounce &gt; trims the name before sending it to the API" time="0.006859334">
        </testcase>
        <testcase classname="src/test/hooks/useNameCheck.test.ts" name="useNameCheck &gt; debounce &gt; only issues one request when the name changes rapidly" time="0.002014667">
        </testcase>
        <testcase classname="src/test/hooks/useNameCheck.test.ts" name="useNameCheck &gt; result states &gt; reports available when the name is free" time="0.000992458">
        </testcase>
        <testcase classname="src/test/hooks/useNameCheck.test.ts" name="useNameCheck &gt; result states &gt; reports taken when the name is in use" time="0.0006015">
        </testcase>
        <testcase classname="src/test/hooks/useNameCheck.test.ts" name="useNameCheck &gt; result states &gt; falls back to idle when the request fails" time="0.001561417">
        </testcase>
        <testcase classname="src/test/hooks/useNameCheck.test.ts" name="useNameCheck &gt; stale-response handling &gt; ignores a resolved response once the name has moved on" time="0.002909458">
        </testcase>
        <testcase classname="src/test/hooks/useNameCheck.test.ts" name="useNameCheck &gt; stale-response handling &gt; ignores a pending response after the name becomes too short to check" time="0.000981334">
        </testcase>
        <testcase classname="src/test/hooks/useNameCheck.test.ts" name="useNameCheck &gt; stale-response handling &gt; ignores a pending response after name checking is disabled" time="0.001302083">
        </testcase>
    </testsuite>
    <testsuite name="src/test/hooks/useRoles.test.tsx" timestamp="2026-09-16T21:29:12.512Z" hostname="Jennys-MacBook-Air.local" tests="6" failures="0" errors="0" skipped="0" time="0.357158">
        <testcase classname="src/test/hooks/useRoles.test.tsx" name="useRoles &gt; starts with loading true while the repository read is pending" time="0.008277542">
        </testcase>
        <testcase classname="src/test/hooks/useRoles.test.tsx" name="useRoles &gt; returns the roles matching every requested visibility" time="0.056569333">
        </testcase>
        <testcase classname="src/test/hooks/useRoles.test.tsx" name="useRoles &gt; returns the complete unfiltered catalog without arguments" time="0.055624">
        </testcase>
        <testcase classname="src/test/hooks/useRoles.test.tsx" name="useRoles &gt; refetches when visibility changes and when explicitly requested" time="0.059641833">
        </testcase>
        <testcase classname="src/test/hooks/useRoles.test.tsx" name="useRoles &gt; sets loading during a pending refetch and clears the previous error after success" time="0.063644375">
        </testcase>
        <testcase classname="src/test/hooks/useRoles.test.tsx" name="useRoles &gt; propagates Error and non-Error repository failures" time="0.112461375">
        </testcase>
    </testsuite>
    <testsuite name="src/test/integration/phase_05a_smoke.test.tsx" timestamp="2026-09-16T21:29:12.513Z" hostname="Jennys-MacBook-Air.local" tests="2" failures="0" errors="0" skipped="0" time="0.416206875">
        <testcase classname="src/test/integration/phase_05a_smoke.test.tsx" name="Phase 05A application smoke flow &gt; makes a saved custom role visible to list and setup consumers" time="0.1580375">
            <system-err>
⚠️ React Router Future Flag Warning: React Router will begin wrapping state updates in `React.startTransition` in v7. You can use the `v7_startTransition` future flag to opt-in early. For more information, see https://reactrouter.com/v6/upgrading/future#v7_starttransition.
⚠️ React Router Future Flag Warning: Relative route resolution within Splat routes is changing in v7. You can use the `v7_relativeSplatPath` future flag to opt-in early. For more information, see https://reactrouter.com/v6/upgrading/future#v7_relativesplatpath.

            </system-err>
        </testcase>
        <testcase classname="src/test/integration/phase_05a_smoke.test.tsx" name="Phase 05A application smoke flow &gt; completes a seeded game through one repository provider without API traffic" time="0.257226042">
        </testcase>
    </testsuite>
    <testsuite name="src/test/pages/GameFacilitator.test.tsx" timestamp="2026-09-16T21:29:12.513Z" hostname="Jennys-MacBook-Air.local" tests="14" failures="0" errors="0" skipped="0" time="0.379278584">
        <testcase classname="src/test/pages/GameFacilitator.test.tsx" name="GameFacilitatorPage &gt; shows a setup link for a missing game" time="0.088787959">
            <system-err>
⚠️ React Router Future Flag Warning: React Router will begin wrapping state updates in `React.startTransition` in v7. You can use the `v7_startTransition` future flag to opt-in early. For more information, see https://reactrouter.com/v6/upgrading/future#v7_starttransition.
⚠️ React Router Future Flag Warning: Relative route resolution within Splat routes is changing in v7. You can use the `v7_relativeSplatPath` future flag to opt-in early. For more information, see https://reactrouter.com/v6/upgrading/future#v7_relativesplatpath.

            </system-err>
        </testcase>
        <testcase classname="src/test/pages/GameFacilitator.test.tsx" name="GameFacilitatorPage &gt; shows a setup link when the game id route parameter is missing" time="0.010445958">
        </testcase>
        <testcase classname="src/test/pages/GameFacilitator.test.tsx" name="GameFacilitatorPage &gt; shows loading while the stored snapshot is being read" time="0.008059667">
        </testcase>
        <testcase classname="src/test/pages/GameFacilitator.test.tsx" name="GameFacilitatorPage &gt; treats corrupt storage as a missing game with setup recovery" time="0.008583834">
        </testcase>
        <testcase classname="src/test/pages/GameFacilitator.test.tsx" name="GameFacilitatorPage &gt; renders setup warnings only when present" time="0.014853667">
        </testcase>
        <testcase classname="src/test/pages/GameFacilitator.test.tsx" name="GameFacilitatorPage &gt; starts locally and persists the night phase" time="0.013544291">
        </testcase>
        <testcase classname="src/test/pages/GameFacilitator.test.tsx" name="GameFacilitatorPage &gt; keeps setup visible while the start write is pending" time="0.061411208">
        </testcase>
[...]
        <testcase classname="src/test/components/RoleBuilder/steps/BasicInfoStep.test.tsx" name="BasicInfoStep &gt; rendering &gt; renders all 5 team buttons" time="0.025379458">
        </testcase>
        <testcase classname="src/test/components/RoleBuilder/steps/BasicInfoStep.test.tsx" name="BasicInfoStep &gt; rendering &gt; shows current draft values" time="0.003590916">
        </testcase>
        <testcase classname="src/test/components/RoleBuilder/steps/BasicInfoStep.test.tsx" name="BasicInfoStep &gt; name field interactions &gt; calls onChange when name changes" time="0.006345334">
        </testcase>
        <testcase classname="src/test/components/RoleBuilder/steps/BasicInfoStep.test.tsx" name="BasicInfoStep &gt; name field interactions &gt; triggers name check after 500ms debounce" time="0.004235667">
        </testcase>
        <testcase classname="src/test/components/RoleBuilder/steps/BasicInfoStep.test.tsx" name="BasicInfoStep &gt; name field interactions &gt; shows Available status after name check" time="0.005471959">
        </testcase>
        <testcase classname="src/test/components/RoleBuilder/steps/BasicInfoStep.test.tsx" name="BasicInfoStep &gt; name field interactions &gt; shows Taken status when name is unavailable" time="0.016139833">
        </testcase>
        <testcase classname="src/test/components/RoleBuilder/steps/BasicInfoStep.test.tsx" name="BasicInfoStep &gt; team selection &gt; calls onChange with correct team on button click" time="0.0115465">
        </testcase>
        <testcase classname="src/test/components/RoleBuilder/steps/BasicInfoStep.test.tsx" name="BasicInfoStep &gt; team selection &gt; calls onChange for each team" time="0.022616541">
        </testcase>
        <testcase classname="src/test/components/RoleBuilder/steps/BasicInfoStep.test.tsx" name="BasicInfoStep &gt; primary team role toggle &gt; renders toggle for werewolf team" time="0.016551458">
        </testcase>
        <testcase classname="src/test/components/RoleBuilder/steps/BasicInfoStep.test.tsx" name="BasicInfoStep &gt; primary team role toggle &gt; renders toggle for vampire team" time="0.002649583">
        </testcase>
        <testcase classname="src/test/components/RoleBuilder/steps/BasicInfoStep.test.tsx" name="BasicInfoStep &gt; primary team role toggle &gt; renders toggle for alien team" time="0.004612833">
        </testcase>
        <testcase classname="src/test/components/RoleBuilder/steps/BasicInfoStep.test.tsx" name="BasicInfoStep &gt; primary team role toggle &gt; hides toggle for village team" time="0.004623958">
        </testcase>
        <testcase classname="src/test/components/RoleBuilder/steps/BasicInfoStep.test.tsx" name="BasicInfoStep &gt; primary team role toggle &gt; hides toggle for neutral team" time="0.005976625">
        </testcase>
        <testcase classname="src/test/components/RoleBuilder/steps/BasicInfoStep.test.tsx" name="BasicInfoStep &gt; primary team role toggle &gt; checking toggle calls onChange with is_primary_team_role true" time="0.010184">
        </testcase>
        <testcase classname="src/test/components/RoleBuilder/steps/BasicInfoStep.test.tsx" name="BasicInfoStep &gt; primary team role toggle &gt; switching to village clears is_primary_team_role to false" time="0.008823084">
        </testcase>
        <testcase classname="src/test/components/RoleBuilder/steps/BasicInfoStep.test.tsx" name="BasicInfoStep &gt; primary team role toggle &gt; switching to neutral clears is_primary_team_role to false" time="0.004392375">
        </testcase>
        <testcase classname="src/test/components/RoleBuilder/steps/BasicInfoStep.test.tsx" name="BasicInfoStep &gt; other field interactions &gt; calls onChange when description changes" time="0.00234275">
        </testcase>
        <testcase classname="src/test/components/RoleBuilder/steps/BasicInfoStep.test.tsx" name="BasicInfoStep &gt; other field interactions &gt; calls onChange when wake order changes" time="0.001961625">
        </testcase>
        <testcase classname="src/test/components/RoleBuilder/steps/BasicInfoStep.test.tsx" name="BasicInfoStep &gt; other field interactions &gt; calls onChange when votes changes" time="0.001843459">
        </testcase>
        <testcase classname="src/test/components/RoleBuilder/steps/BasicInfoStep.test.tsx" name="BasicInfoStep &gt; other field interactions &gt; clearing wake order sets it to 0 not null" time="0.005009917">
        </testcase>
        <testcase classname="src/test/components/RoleBuilder/steps/BasicInfoStep.test.tsx" name="BasicInfoStep &gt; wake order label and hint &gt; renders wake order label with range hint (0–40)" time="0.01424875">
        </testcase>
        <testcase classname="src/test/components/RoleBuilder/steps/BasicInfoStep.test.tsx" name="BasicInfoStep &gt; wake order label and hint &gt; shows does-not-wake hint when wake_order is 0" time="0.002194209">
        </testcase>
        <testcase classname="src/test/components/RoleBuilder/steps/BasicInfoStep.test.tsx" name="BasicInfoStep &gt; wake order label and hint &gt; hides does-not-wake hint when wake_order &gt; 0" time="0.001585">
        </testcase>
        <testcase classname="src/test/components/RoleBuilder/steps/BasicInfoStep.test.tsx" name="BasicInfoStep &gt; wake order label and hint &gt; shows does-not-wake hint when wake_order is null (legacy)" time="0.001528125">
        </testcase>
    </testsuite>
    <testsuite name="src/test/components/RoleBuilder/steps/ReviewStep.test.tsx" timestamp="2026-09-16T21:29:12.544Z" hostname="Jennys-MacBook-Air.local" tests="15" failures="0" errors="0" skipped="0" time="0.09872775">
        <testcase classname="src/test/components/RoleBuilder/steps/ReviewStep.test.tsx" name="ReviewStep &gt; role summary &gt; shows role name" time="0.038767416">
        </testcase>
        <testcase classname="src/test/components/RoleBuilder/steps/ReviewStep.test.tsx" name="ReviewStep &gt; role summary &gt; shows team" time="0.002414958">
        </testcase>
        <testcase classname="src/test/components/RoleBuilder/steps/ReviewStep.test.tsx" name="ReviewStep &gt; role summary &gt; shows description" time="0.00174325">
        </testcase>
        <testcase classname="src/test/components/RoleBuilder/steps/ReviewStep.test.tsx" name="ReviewStep &gt; role summary &gt; shows wake order when set" time="0.001627791">
        </testcase>
        <testcase classname="src/test/components/RoleBuilder/steps/ReviewStep.test.tsx" name="ReviewStep &gt; role summary &gt; shows votes" time="0.014658791">
        </testcase>
        <testcase classname="src/test/components/RoleBuilder/steps/ReviewStep.test.tsx" name="ReviewStep &gt; ability steps &gt; shows ability steps" time="0.007553125">
        </testcase>
        <testcase classname="src/test/components/RoleBuilder/steps/ReviewStep.test.tsx" name="ReviewStep &gt; ability steps &gt; shows step order and modifier" time="0.003944833">
        </testcase>
        <testcase classname="src/test/components/RoleBuilder/steps/ReviewStep.test.tsx" name="ReviewStep &gt; ability steps &gt; shows descriptive modifier labels instead of raw values" time="0.005455959">
        </testcase>
        <testcase classname="src/test/components/RoleBuilder/steps/ReviewStep.test.tsx" name="ReviewStep &gt; ability steps &gt; shows no ability steps message when empty" time="0.01263575">
        </testcase>
        <testcase classname="src/test/components/RoleBuilder/steps/ReviewStep.test.tsx" name="ReviewStep &gt; win conditions &gt; shows win conditions" time="0.002462167">
        </testcase>
        <testcase classname="src/test/components/RoleBuilder/steps/ReviewStep.test.tsx" name="ReviewStep &gt; win conditions &gt; shows no win conditions message when empty" time="0.001198458">
        </testcase>
        <testcase classname="src/test/components/RoleBuilder/steps/ReviewStep.test.tsx" name="ReviewStep &gt; validation display &gt; shows Validating... when validation is null" time="0.001141083">
        </testcase>
        <testcase classname="src/test/components/RoleBuilder/steps/ReviewStep.test.tsx" name="ReviewStep &gt; validation display &gt; shows validation errors in red" time="0.001514458">
        </testcase>
        <testcase classname="src/test/components/RoleBuilder/steps/ReviewStep.test.tsx" name="ReviewStep &gt; validation display &gt; shows validation warnings in yellow" time="0.001072125">
        </testcase>
        <testcase classname="src/test/components/RoleBuilder/steps/ReviewStep.test.tsx" name="ReviewStep &gt; validation display &gt; shows valid status when validation passes" time="0.001667209">
        </testcase>
    </testsuite>
    <testsuite name="src/test/components/RoleBuilder/steps/StepList.test.tsx" timestamp="2026-09-16T21:29:12.547Z" hostname="Jennys-MacBook-Air.local" tests="17" failures="0" errors="0" skipped="0" time="0.270000417">
        <testcase classname="src/test/components/RoleBuilder/steps/StepList.test.tsx" name="StepList &gt; rendering &gt; renders each step with its order and ability name" time="0.038748459">
        </testcase>
        <testcase classname="src/test/components/RoleBuilder/steps/StepList.test.tsx" name="StepList &gt; rendering &gt; renders nothing for an empty step list" time="0.001359667">
        </testcase>
        <testcase classname="src/test/components/RoleBuilder/steps/StepList.test.tsx" name="StepList &gt; modifier control &gt; hides the modifier dropdown on the first step" time="0.014725917">
        </testcase>
        <testcase classname="src/test/components/RoleBuilder/steps/StepList.test.tsx" name="StepList &gt; modifier control &gt; shows the Then: label on subsequent steps" time="0.011132083">
        </testcase>
        <testcase classname="src/test/components/RoleBuilder/steps/StepList.test.tsx" name="StepList &gt; modifier control &gt; offers every modifier except none, with descriptive labels" time="0.034085209">
        </testcase>
        <testcase classname="src/test/components/RoleBuilder/steps/StepList.test.tsx" name="StepList &gt; modifier control &gt; reflects the step modifier as the select value" time="0.024227792">
        </testcase>
        <testcase classname="src/test/components/RoleBuilder/steps/StepList.test.tsx" name="StepList &gt; modifier control &gt; reports the step index and raw modifier value on change" time="0.013709667">
        </testcase>
        <testcase classname="src/test/components/RoleBuilder/steps/StepList.test.tsx" name="StepList &gt; reordering and removal &gt; disables move up on the first step" time="0.028317708">
        </testcase>
        <testcase classname="src/test/components/RoleBuilder/steps/StepList.test.tsx" name="StepList &gt; reordering and removal &gt; disables move down on the last step" time="0.012421333">
        </testcase>
        <testcase classname="src/test/components/RoleBuilder/steps/StepList.test.tsx" name="StepList &gt; reordering and removal &gt; reports the index on move up" time="0.030511375">
        </testcase>
        <testcase classname="src/test/components/RoleBuilder/steps/StepList.test.tsx" name="StepList &gt; reordering and removal &gt; reports the index on move down" time="0.00947625">
        </testcase>
        <testcase classname="src/test/components/RoleBuilder/steps/StepList.test.tsx" name="StepList &gt; reordering and removal &gt; reports the index on remove" time="0.015158542">
        </testcase>
        <testcase classname="src/test/components/RoleBuilder/steps/StepList.test.tsx" name="StepList &gt; parameter inputs &gt; renders parameter inputs using the schema resolved for the step ability type" time="0.01213">
        </testcase>
        <testcase classname="src/test/components/RoleBuilder/steps/StepList.test.tsx" name="StepList &gt; parameter inputs &gt; renders no parameter inputs when the schema cannot be resolved" time="0.002568667">
        </testcase>
        <testcase classname="src/test/components/RoleBuilder/steps/StepList.test.tsx" name="StepList &gt; parameter inputs &gt; reports the step index, key and raw value on parameter change" time="0.010092417">
        </testcase>
        <testcase classname="src/test/components/RoleBuilder/steps/StepList.test.tsx" name="ReadOnlyStepList &gt; lists each step with its order and ability name" time="0.00906">
        </testcase>
        <testcase classname="src/test/components/RoleBuilder/steps/StepList.test.tsx" name="ReadOnlyStepList &gt; renders no interactive controls" time="0.0006185">
        </testcase>
    </testsuite>
    <testsuite name="src/test/components/RoleBuilder/steps/StepParameterInputs.test.tsx" timestamp="2026-09-16T21:29:12.550Z" hostname="Jennys-MacBook-Air.local" tests="18" failures="0" errors="0" skipped="0" time="0.123380583">
        <testcase classname="src/test/components/RoleBuilder/steps/StepParameterInputs.test.tsx" name="StepParameterInputs &gt; no-render paths &gt; renders nothing when schema has no properties key" time="0.005614209">
        </testcase>
        <testcase classname="src/test/components/RoleBuilder/steps/StepParameterInputs.test.tsx" name="StepParameterInputs &gt; no-render paths &gt; renders nothing when properties is empty" time="0.00059">
        </testcase>
        <testcase classname="src/test/components/RoleBuilder/steps/StepParameterInputs.test.tsx" name="StepParameterInputs &gt; no-render paths &gt; skips properties with an unknown type" time="0.011178666">
        </testcase>
        <testcase classname="src/test/components/RoleBuilder/steps/StepParameterInputs.test.tsx" name="StepParameterInputs &gt; enum string parameter &gt; renders a select containing every enum option plus the empty placeholder" time="0.05326975">
        </testcase>
        <testcase classname="src/test/components/RoleBuilder/steps/StepParameterInputs.test.tsx" name="StepParameterInputs &gt; enum string parameter &gt; reflects the current value" time="0.003939291">
        </testcase>
        <testcase classname="src/test/components/RoleBuilder/steps/StepParameterInputs.test.tsx" name="StepParameterInputs &gt; enum string parameter &gt; emits the raw selected value through onChange" time="0.004648708">
        </testcase>
        <testcase classname="src/test/components/RoleBuilder/steps/StepParameterInputs.test.tsx" name="StepParameterInputs &gt; free string parameter &gt; renders a select backed by STRING_TARGET_OPTIONS" time="0.022893375">
        </testcase>
        <testcase classname="src/test/components/RoleBuilder/steps/StepParameterInputs.test.tsx" name="StepParameterInputs &gt; free string parameter &gt; emits the raw selected value through onChange" time="0.003349417">
        </testcase>
        <testcase classname="src/test/components/RoleBuilder/steps/StepParameterInputs.test.tsx" name="StepParameterInputs &gt; integer parameter &gt; renders a number input with min 1" time="0.002463291">
        </testcase>
        <testcase classname="src/test/components/RoleBuilder/steps/StepParameterInputs.test.tsx" name="StepParameterInputs &gt; integer parameter &gt; falls back to the schema default when the value is absent" time="0.001578458">
        </testcase>
        <testcase classname="src/test/components/RoleBuilder/steps/StepParameterInputs.test.tsx" name="StepParameterInputs &gt; integer parameter &gt; falls back to 1 when neither value nor schema default exists" time="0.001504125">
        </testcase>
        <testcase classname="src/test/components/RoleBuilder/steps/StepParameterInputs.test.tsx" name="StepParameterInputs &gt; integer parameter &gt; emits the raw string input through onChange, leaving coercion to the caller" time="0.002293417">
        </testcase>
        <testcase classname="src/test/components/RoleBuilder/steps/StepParameterInputs.test.tsx" name="StepParameterInputs &gt; array parameter &gt; renders array values as a comma-separated text input" time="0.001418584">
        </testcase>
        <testcase classname="src/test/components/RoleBuilder/steps/StepParameterInputs.test.tsx" name="StepParameterInputs &gt; array parameter &gt; renders an empty string when the array value is absent" time="0.001147542">
        </testcase>
        <testcase classname="src/test/components/RoleBuilder/steps/StepParameterInputs.test.tsx" name="StepParameterInputs &gt; array parameter &gt; emits the raw text through onChange, leaving parsing to the caller" time="0.001301833">
        </testcase>
        <testcase classname="src/test/components/RoleBuilder/steps/StepParameterInputs.test.tsx" name="StepParameterInputs &gt; labels and ids &gt; marks required params with an asterisk and optional params as (optional)" time="0.001893875">
        </testcase>
        <testcase classname="src/test/components/RoleBuilder/steps/StepParameterInputs.test.tsx" name="StepParameterInputs &gt; labels and ids &gt; treats every param as optional when the schema declares no required list" time="0.0005515">
        </testcase>
        <testcase classname="src/test/components/RoleBuilder/steps/StepParameterInputs.test.tsx" name="StepParameterInputs &gt; labels and ids &gt; namespaces input ids by step index so multiple steps do not collide" time="0.002924625">
        </testcase>
    </testsuite>
    <testsuite name="src/test/components/RoleBuilder/steps/WinConditionsStep.test.tsx" timestamp="2026-09-16T21:29:12.553Z" hostname="Jennys-MacBook-Air.local" tests="11" failures="0" errors="0" skipped="0" time="0.124178833">
        <testcase classname="src/test/components/RoleBuilder/steps/WinConditionsStep.test.tsx" name="WinConditionsStep &gt; rendering &gt; renders Add Condition button" time="0.078569875">
        </testcase>
        <testcase classname="src/test/components/RoleBuilder/steps/WinConditionsStep.test.tsx" name="WinConditionsStep &gt; rendering &gt; shows empty state when no win conditions" time="0.001705208">
        </testcase>
        <testcase classname="src/test/components/RoleBuilder/steps/WinConditionsStep.test.tsx" name="WinConditionsStep &gt; rendering &gt; renders existing win conditions" time="0.007467667">
        </testcase>
        <testcase classname="src/test/components/RoleBuilder/steps/WinConditionsStep.test.tsx" name="WinConditionsStep &gt; adding conditions &gt; clicking Add Condition increases the list" time="0.008965125">
        </testcase>
        <testcase classname="src/test/components/RoleBuilder/steps/WinConditionsStep.test.tsx" name="WinConditionsStep &gt; removing conditions &gt; remove button removes the condition" time="0.006679667">
        </testcase>
        <testcase classname="src/test/components/RoleBuilder/steps/WinConditionsStep.test.tsx" name="WinConditionsStep &gt; primary toggle &gt; setting primary on one unsets others" time="0.006701291">
        </testcase>
        <testcase classname="src/test/components/RoleBuilder/steps/WinConditionsStep.test.tsx" name="WinConditionsStep &gt; label clarity &gt; renders &quot;Primary win condition&quot; label text" time="0.002572625">
        </testcase>
        <testcase classname="src/test/components/RoleBuilder/steps/WinConditionsStep.test.tsx" name="WinConditionsStep &gt; label clarity &gt; renders &quot;(Only one allowed per role)&quot; subtext" time="0.001647583">
        </testcase>
        <testcase classname="src/test/components/RoleBuilder/steps/WinConditionsStep.test.tsx" name="WinConditionsStep &gt; label clarity &gt; renders &quot;Independent win&quot; label text" time="0.001568792">
        </testcase>
        <testcase classname="src/test/components/RoleBuilder/steps/WinConditionsStep.test.tsx" name="WinConditionsStep &gt; label clarity &gt; renders &quot;(Wins regardless of team outcome)&quot; subtext" time="0.00259125">
        </testcase>
        <testcase classname="src/test/components/RoleBuilder/steps/WinConditionsStep.test.tsx" name="WinConditionsStep &gt; condition type dropdown &gt; changing condition type calls onChange" time="0.003760792">
        </testcase>
    </testsuite>
</testsuites>
