<?xml version="1.0" encoding="UTF-8" ?>
<testsuites name="vitest tests" tests="741" failures="0" errors="0" time="5.836">
    <testsuite name="src/test/App.test.tsx" timestamp="2026-09-16T22:38:27.242Z" hostname="Jennys-MacBook-Air.local" tests="3" failures="0" errors="0" skipped="0" time="0.093884333">
        <testcase classname="src/test/App.test.tsx" name="App &gt; rendering &gt; renders without crashing" time="0.052234708">
            <system-err>
⚠️ React Router Future Flag Warning: React Router will begin wrapping state updates in `React.startTransition` in v7. You can use the `v7_startTransition` future flag to opt-in early. For more information, see https://reactrouter.com/v6/upgrading/future#v7_starttransition.
⚠️ React Router Future Flag Warning: Relative route resolution within Splat routes is changing in v7. You can use the `v7_relativeSplatPath` future flag to opt-in early. For more information, see https://reactrouter.com/v6/upgrading/future#v7_relativesplatpath.

            </system-err>
        </testcase>
        <testcase classname="src/test/App.test.tsx" name="App &gt; rendering &gt; keeps the navigation shell visible while bootstrap is pending" time="0.02511325">
        </testcase>
        <testcase classname="src/test/App.test.tsx" name="App &gt; rendering &gt; shows the bootstrap failure without rendering catalog routes" time="0.015584959">
        </testcase>
    </testsuite>
    <testsuite name="src/test/routes.test.tsx" timestamp="2026-09-16T22:38:27.243Z" hostname="Jennys-MacBook-Air.local" tests="7" failures="0" errors="0" skipped="0" time="0.108954959">
        <testcase classname="src/test/routes.test.tsx" name="AppRoutes &gt; fails immediately if a test attempts a games request through any HTTP method" time="0.002112166">
        </testcase>
        <testcase classname="src/test/routes.test.tsx" name="AppRoutes &gt; fails immediately if a test attempts a catalog read through HTTP" time="0.000473125">
        </testcase>
        <testcase classname="src/test/routes.test.tsx" name="AppRoutes &gt; home route &gt; renders Home page at &quot;/&quot; path" time="0.032365584">
            <system-err>
⚠️ React Router Future Flag Warning: React Router will begin wrapping state updates in `React.startTransition` in v7. You can use the `v7_startTransition` future flag to opt-in early. For more information, see https://reactrouter.com/v6/upgrading/future#v7_starttransition.
⚠️ React Router Future Flag Warning: Relative route resolution within Splat routes is changing in v7. You can use the `v7_relativeSplatPath` future flag to opt-in early. For more information, see https://reactrouter.com/v6/upgrading/future#v7_relativesplatpath.

            </system-err>
        </testcase>
        <testcase classname="src/test/routes.test.tsx" name="AppRoutes &gt; roles route &gt; renders Roles page at &quot;/roles&quot; path" time="0.022479125">
        </testcase>
        <testcase classname="src/test/routes.test.tsx" name="AppRoutes &gt; role builder route &gt; renders RoleBuilder page at &quot;/roles/new&quot; path" time="0.036950916">
        </testcase>
        <testcase classname="src/test/routes.test.tsx" name="AppRoutes &gt; wake order route &gt; renders WakeOrderResolution page at &quot;/games/new/wake-order&quot; path with state" time="0.0018695">
        </testcase>
        <testcase classname="src/test/routes.test.tsx" name="AppRoutes &gt; wake order route &gt; redirects to /games/new when accessed without state" time="0.01142475">
        </testcase>
    </testsuite>
    <testsuite name="src/test/adapters/role_adapters.test.ts" timestamp="2026-09-16T22:38:27.244Z" hostname="Jennys-MacBook-Air.local" tests="4" failures="0" errors="0" skipped="0" time="0.001710292">
        <testcase classname="src/test/adapters/role_adapters.test.ts" name="role adapters &gt; merges list metadata and detail fields into engine input" time="0.000899875">
        </testcase>
        <testcase classname="src/test/adapters/role_adapters.test.ts" name="role adapters &gt; normalizes absent and runtime-null fields and preserves empty steps" time="0.00016975">
        </testcase>
        <testcase classname="src/test/adapters/role_adapters.test.ts" name="role adapters &gt; converts dependencies with the owning role id" time="0.000097958">
        </testcase>
        <testcase classname="src/test/adapters/role_adapters.test.ts" name="role adapters &gt; converts drafts for local preview with preview-inert count metadata" time="0.000119041">
        </testcase>
    </testsuite>
    <testsuite name="src/test/components/ErrorBanner.test.tsx" timestamp="2026-09-16T22:38:27.244Z" hostname="Jennys-MacBook-Air.local" tests="5" failures="0" errors="0" skipped="0" time="0.092575917">
        <testcase classname="src/test/components/ErrorBanner.test.tsx" name="ErrorBanner &gt; renders the error message" time="0.041912875">
        </testcase>
        <testcase classname="src/test/components/ErrorBanner.test.tsx" name="ErrorBanner &gt; has role=&quot;alert&quot;" time="0.022599">
        </testcase>
        <testcase classname="src/test/components/ErrorBanner.test.tsx" name="ErrorBanner &gt; renders dismiss button when onDismiss is provided" time="0.009758292">
        </testcase>
        <testcase classname="src/test/components/ErrorBanner.test.tsx" name="ErrorBanner &gt; does not render dismiss button when onDismiss is not provided" time="0.006795292">
        </testcase>
        <testcase classname="src/test/components/ErrorBanner.test.tsx" name="ErrorBanner &gt; renders help text when provided" time="0.007960167">
        </testcase>
    </testsuite>
    <testsuite name="src/test/components/Header.test.tsx" timestamp="2026-09-16T22:38:27.244Z" hostname="Jennys-MacBook-Air.local" tests="6" failures="0" errors="0" skipped="0" time="0.15688975">
        <testcase classname="src/test/components/Header.test.tsx" name="Header &gt; rendering &gt; renders header element" time="0.10703725">
            <system-err>
⚠️ React Router Future Flag Warning: React Router will begin wrapping state updates in `React.startTransition` in v7. You can use the `v7_startTransition` future flag to opt-in early. For more information, see https://reactrouter.com/v6/upgrading/future#v7_starttransition.
⚠️ React Router Future Flag Warning: Relative route resolution within Splat routes is changing in v7. You can use the `v7_relativeSplatPath` future flag to opt-in early. For more information, see https://reactrouter.com/v6/upgrading/future#v7_relativesplatpath.

            </system-err>
        </testcase>
        <testcase classname="src/test/components/Header.test.tsx" name="Header &gt; rendering &gt; displays YourWolf branding" time="0.003986208">
        </testcase>
        <testcase classname="src/test/components/Header.test.tsx" name="Header &gt; navigation &gt; has link to home page" time="0.003610667">
        </testcase>
        <testcase classname="src/test/components/Header.test.tsx" name="Header &gt; hamburger button &gt; renders hamburger button when onToggleSidebar is provided" time="0.012439625">
        </testcase>
        <testcase classname="src/test/components/Header.test.tsx" name="Header &gt; hamburger button &gt; does not render hamburger button when onToggleSidebar is not provided" time="0.001359209">
        </testcase>
        <testcase classname="src/test/components/Header.test.tsx" name="Header &gt; hamburger button &gt; calls onToggleSidebar when hamburger button is clicked" time="0.027214958">
        </testcase>
    </testsuite>
    <testsuite name="src/test/components/Layout.test.tsx" timestamp="2026-09-16T22:38:27.245Z" hostname="Jennys-MacBook-Air.local" tests="8" failures="0" errors="0" skipped="0" time="0.144653334">
        <testcase classname="src/test/components/Layout.test.tsx" name="Layout &gt; structure &gt; renders Header component" time="0.022153791">
            <system-err>
⚠️ React Router Future Flag Warning: React Router will begin wrapping state updates in `React.startTransition` in v7. You can use the `v7_startTransition` future flag to opt-in early. For more information, see https://reactrouter.com/v6/upgrading/future#v7_starttransition.
⚠️ React Router Future Flag Warning: Relative route resolution within Splat routes is changing in v7. You can use the `v7_relativeSplatPath` future flag to opt-in early. For more information, see https://reactrouter.com/v6/upgrading/future#v7_relativesplatpath.

            </system-err>
        </testcase>
        <testcase classname="src/test/components/Layout.test.tsx" name="Layout &gt; structure &gt; renders Sidebar component" time="0.001630042">
        </testcase>
        <testcase classname="src/test/components/Layout.test.tsx" name="Layout &gt; structure &gt; renders main content area" time="0.050944959">
        </testcase>
        <testcase classname="src/test/components/Layout.test.tsx" name="Layout &gt; children rendering &gt; renders children content" time="0.002549">
        </testcase>
        <testcase classname="src/test/components/Layout.test.tsx" name="Layout &gt; sidebar toggle &gt; passes onToggleSidebar to Header" time="0.003160583">
        </testcase>
        <testcase classname="src/test/components/Layout.test.tsx" name="Layout &gt; sidebar toggle &gt; sidebar starts closed" time="0.001151209">
        </testcase>
        <testcase classname="src/test/components/Layout.test.tsx" name="Layout &gt; sidebar toggle &gt; toggles sidebar open when Header toggle is clicked" time="0.032047">
        </testcase>
        <testcase classname="src/test/components/Layout.test.tsx" name="Layout &gt; sidebar toggle &gt; closes sidebar when Sidebar onClose is called" time="0.030293458">
        </testcase>
    </testsuite>
    <testsuite name="src/test/components/RoleCard.test.tsx" timestamp="2026-09-16T22:38:27.245Z" hostname="Jennys-MacBook-Air.local" tests="18" failures="0" errors="0" skipped="0" time="0.1125495">
        <testcase classname="src/test/components/RoleCard.test.tsx" name="RoleCard &gt; rendering &gt; renders role name" time="0.038820709">
        </testcase>
        <testcase classname="src/test/components/RoleCard.test.tsx" name="RoleCard &gt; rendering &gt; renders role description" time="0.002032791">
        </testcase>
        <testcase classname="src/test/components/RoleCard.test.tsx" name="RoleCard &gt; rendering &gt; shows default description when none provided" time="0.001390291">
        </testcase>
        <testcase classname="src/test/components/RoleCard.test.tsx" name="RoleCard &gt; rendering &gt; renders team badge" time="0.001464041">
        </testcase>
        <testcase classname="src/test/components/RoleCard.test.tsx" name="RoleCard &gt; rendering &gt; renders wake order when present" time="0.001203">
        </testcase>
        <testcase classname="src/test/components/RoleCard.test.tsx" name="RoleCard &gt; rendering &gt; does not render wake order when null" time="0.008027792">
        </testcase>
        <testcase classname="src/test/components/RoleCard.test.tsx" name="RoleCard &gt; rendering &gt; shows official badge for official roles" time="0.00986075">
        </testcase>
        <testcase classname="src/test/components/RoleCard.test.tsx" name="RoleCard &gt; rendering &gt; does not show official badge for private roles" time="0.001534125">
        </testcase>
        <testcase classname="src/test/components/RoleCard.test.tsx" name="RoleCard &gt; rendering &gt; does not show official badge for public roles" time="0.001068375">
        </testcase>
        <testcase classname="src/test/components/RoleCard.test.tsx" name="RoleCard &gt; team colors &gt; renders village team with correct label" time="0.00185775">
        </testcase>
        <testcase classname="src/test/components/RoleCard.test.tsx" name="RoleCard &gt; team colors &gt; renders werewolf team with correct label" time="0.003225792">
        </testcase>
        <testcase classname="src/test/components/RoleCard.test.tsx" name="RoleCard &gt; team colors &gt; renders vampire team with correct label" time="0.001222208">
        </testcase>
        <testcase classname="src/test/components/RoleCard.test.tsx" name="RoleCard &gt; team colors &gt; renders alien team with correct label" time="0.00105725">
        </testcase>
        <testcase classname="src/test/components/RoleCard.test.tsx" name="RoleCard &gt; team colors &gt; renders neutral team with correct label" time="0.0009825">
        </testcase>
        <testcase classname="src/test/components/RoleCard.test.tsx" name="RoleCard &gt; accessibility &gt; has role name as heading" time="0.0345005">
        </testcase>
        <testcase classname="src/test/components/RoleCard.test.tsx" name="RoleCard &gt; copy count badge &gt; renders range badge for multi-copy role with different min/max" time="0.001245542">
        </testcase>
        <testcase classname="src/test/components/RoleCard.test.tsx" name="RoleCard &gt; copy count badge &gt; renders fixed badge for multi-copy role with same min/max" time="0.000975875">
        </testcase>
        <testcase classname="src/test/components/RoleCard.test.tsx" name="RoleCard &gt; copy count badge &gt; does not render badge for single-copy role" time="0.000840709">
        </testcase>
    </testsuite>
    <testsuite name="src/test/components/ScriptReader.test.tsx" timestamp="2026-09-16T22:38:27.246Z" hostname="Jennys-MacBook-Air.local" tests="10" failures="0" errors="0" skipped="0" time="0.083199917">
        <testcase classname="src/test/components/ScriptReader.test.tsx" name="ScriptReader &gt; shows first action initially" time="0.042320791">
        </testcase>
        <testcase classname="src/test/components/ScriptReader.test.tsx" name="ScriptReader &gt; shows role name for current action" time="0.004789083">
        </testcase>
        <testcase classname="src/test/components/ScriptReader.test.tsx" name="ScriptReader &gt; advances to next action on Next click" time="0.005176334">
        </testcase>
        <testcase classname="src/test/components/ScriptReader.test.tsx" name="ScriptReader &gt; goes back on Previous click" time="0.008322083">
        </testcase>
        <testcase classname="src/test/components/ScriptReader.test.tsx" name="ScriptReader &gt; disables Previous button on first action" time="0.004784084">
        </testcase>
        <testcase classname="src/test/components/ScriptReader.test.tsx" name="ScriptReader &gt; shows Start Discussion on last action" time="0.00277925">
        </testcase>
        <testcase classname="src/test/components/ScriptReader.test.tsx" name="ScriptReader &gt; calls onComplete on last action click" time="0.008371375">
        </testcase>
        <testcase classname="src/test/components/ScriptReader.test.tsx" name="ScriptReader &gt; shows progress indicator" time="0.001436875">
        </testcase>
        <testcase classname="src/test/components/ScriptReader.test.tsx" name="ScriptReader &gt; updates progress indicator on navigation" time="0.002614958">
        </testcase>
        <testcase classname="src/test/components/ScriptReader.test.tsx" name="ScriptReader &gt; shows upcoming roles in preview" time="0.001527542">
        </testcase>
    </testsuite>
    <testsuite name="src/test/components/Sidebar.test.tsx" timestamp="2026-09-16T22:38:27.247Z" hostname="Jennys-MacBook-Air.local" tests="15" failures="0" errors="0" skipped="0" time="0.19155675">
        <testcase classname="src/test/components/Sidebar.test.tsx" name="Sidebar &gt; rendering &gt; renders aside element" time="0.066912375">
            <system-err>
⚠️ React Router Future Flag Warning: React Router will begin wrapping state updates in `React.startTransition` in v7. You can use the `v7_startTransition` future flag to opt-in early. For more information, see https://reactrouter.com/v6/upgrading/future#v7_starttransition.
⚠️ React Router Future Flag Warning: Relative route resolution within Splat routes is changing in v7. You can use the `v7_relativeSplatPath` future flag to opt-in early. For more information, see https://reactrouter.com/v6/upgrading/future#v7_relativesplatpath.

            </system-err>
        </testcase>
        <testcase classname="src/test/components/Sidebar.test.tsx" name="Sidebar &gt; rendering &gt; renders navigation" time="0.014260084">
        </testcase>
        <testcase classname="src/test/components/Sidebar.test.tsx" name="Sidebar &gt; rendering &gt; has sidebar CSS class" time="0.004702875">
        </testcase>
        <testcase classname="src/test/components/Sidebar.test.tsx" name="Sidebar &gt; navigation links &gt; has Home link" time="0.013236">
        </testcase>
        <testcase classname="src/test/components/Sidebar.test.tsx" name="Sidebar &gt; navigation links &gt; has Roles link" time="0.004334541">
        </testcase>
        <testcase classname="src/test/components/Sidebar.test.tsx" name="Sidebar &gt; navigation links &gt; has New Role link" time="0.003783459">
        </testcase>
        <testcase classname="src/test/components/Sidebar.test.tsx" name="Sidebar &gt; navigation links &gt; displays Home icon" time="0.005678625">
        </testcase>
        <testcase classname="src/test/components/Sidebar.test.tsx" name="Sidebar &gt; navigation links &gt; displays Roles icon" time="0.001673041">
        </testcase>
        <testcase classname="src/test/components/Sidebar.test.tsx" name="Sidebar &gt; mobile open/close behavior &gt; adds sidebar-open class when isOpen is true" time="0.019134084">
        </testcase>
        <testcase classname="src/test/components/Sidebar.test.tsx" name="Sidebar &gt; mobile open/close behavior &gt; does not add sidebar-open class when isOpen is false" time="0.001557083">
        </testcase>
        <testcase classname="src/test/components/Sidebar.test.tsx" name="Sidebar &gt; mobile open/close behavior &gt; renders backdrop when isOpen is true" time="0.001272042">
        </testcase>
        <testcase classname="src/test/components/Sidebar.test.tsx" name="Sidebar &gt; mobile open/close behavior &gt; does not render backdrop when isOpen is false" time="0.001124209">
        </testcase>
        <testcase classname="src/test/components/Sidebar.test.tsx" name="Sidebar &gt; mobile open/close behavior &gt; calls onClose when backdrop is clicked" time="0.015453292">
        </testcase>
        <testcase classname="src/test/components/Sidebar.test.tsx" name="Sidebar &gt; mobile open/close behavior &gt; calls onClose when a nav link is clicked" time="0.019836042">
        </testcase>
        <testcase classname="src/test/components/Sidebar.test.tsx" name="Sidebar &gt; mobile open/close behavior &gt; does not call onClose on nav click when onClose is not provided" time="0.016736208">
        </testcase>
    </testsuite>
    <testsuite name="src/test/components/Timer.test.tsx" timestamp="2026-09-16T22:38:27.248Z" hostname="Jennys-MacBook-Air.local" tests="7" failures="0" errors="0" skipped="0" time="0.076030541">
        <testcase classname="src/test/components/Timer.test.tsx" name="Timer &gt; displays initial time correctly" time="0.045843083">
        </testcase>
        <testcase classname="src/test/components/Timer.test.tsx" name="Timer &gt; displays single-digit seconds with leading zero" time="0.002223917">
        </testcase>
        <testcase classname="src/test/components/Timer.test.tsx" name="Timer &gt; counts down each second" time="0.006569541">
        </testcase>
        <testcase classname="src/test/components/Timer.test.tsx" name="Timer &gt; calls onComplete when timer reaches zero" time="0.008211791">
        </testcase>
        <testcase classname="src/test/components/Timer.test.tsx" name="Timer &gt; can be paused and resumed" time="0.010132417">
        </testcase>
        <testcase classname="src/test/components/Timer.test.tsx" name="Timer &gt; calls onComplete when Skip to Voting is clicked" time="0.00138325">
        </testcase>
        <testcase classname="src/test/components/Timer.test.tsx" name="Timer &gt; does not auto-start when autoStart is false" time="0.000953916">
        </testcase>
    </testsuite>
    <testsuite name="src/test/context/repository_context.test.tsx" timestamp="2026-09-16T22:38:27.248Z" hostname="Jennys-MacBook-Air.local" tests="7" failures="0" errors="0" skipped="0" time="0.079679625">
        <testcase classname="src/test/context/repository_context.test.tsx" name="RepositoryProvider &gt; bootstraps repositories before exposing them to children" time="0.0411335">
        </testcase>
        <testcase classname="src/test/context/repository_context.test.tsx" name="RepositoryProvider &gt; surfaces the original bootstrap failure" time="0.0093865">
        </testcase>
        <testcase classname="src/test/context/repository_context.test.tsx" name="RepositoryProvider &gt; surfaces a repository open failure without exposing a repository" time="0.00813975">
        </testcase>
        <testcase classname="src/test/context/repository_context.test.tsx" name="RepositoryProvider &gt; keeps the context value stable across unchanged renders" time="0.00378575">
        </testcase>
        <testcase classname="src/test/context/repository_context.test.tsx" name="RepositoryProvider &gt; closes an owned repository once after bootstrap failure and unmount" time="0.005493292">
        </testcase>
        <testcase classname="src/test/context/repository_context.test.tsx" name="RepositoryProvider &gt; closes an owned repository once when unmounted during bootstrap" time="0.007266875">
        </testcase>
        <testcase classname="src/test/context/repository_context.test.tsx" name="RepositoryProvider &gt; deletes an isolated test database when opening the repository fails" time="0.003690917">
        </testcase>
    </testsuite>
    <testsuite name="src/test/api/abilities.api.test.ts" timestamp="2026-09-16T22:38:27.248Z" hostname="Jennys-MacBook-Air.local" tests="2" failures="0" errors="0" skipped="0" time="0.001704791">
        <testcase classname="src/test/api/abilities.api.test.ts" name="abilitiesApi &gt; list &gt; fetches all abilities" time="0.001115625">
        </testcase>
        <testcase classname="src/test/api/abilities.api.test.ts" name="abilitiesApi &gt; list &gt; returns empty array when no abilities" time="0.000104666">
        </testcase>
    </testsuite>
    <testsuite name="src/test/api/errors.api.test.ts" timestamp="2026-09-16T22:38:27.248Z" hostname="Jennys-MacBook-Air.local" tests="15" failures="0" errors="0" skipped="0" time="0.005102125">
        <testcase classname="src/test/api/errors.api.test.ts" name="extractApiErrorMessages &gt; pydantic 422 detail arrays &gt; reads the message out of a single-item detail array" time="0.001414208">
        </testcase>
        <testcase classname="src/test/api/errors.api.test.ts" name="extractApiErrorMessages &gt; pydantic 422 detail arrays &gt; reads the message for an over-long name" time="0.000252625">
        </testcase>
        <testcase classname="src/test/api/errors.api.test.ts" name="extractApiErrorMessages &gt; pydantic 422 detail arrays &gt; reports every entry when several fields fail" time="0.000196792">
        </testcase>
        <testcase classname="src/test/api/errors.api.test.ts" name="extractApiErrorMessages &gt; pydantic 422 detail arrays &gt; joins nested locations into a dotted path" time="0.000181959">
        </testcase>
        <testcase classname="src/test/api/errors.api.test.ts" name="extractApiErrorMessages &gt; pydantic 422 detail arrays &gt; falls back to the bare message when loc carries no field" time="0.000182792">
        </testcase>
        <testcase classname="src/test/api/errors.api.test.ts" name="extractApiErrorMessages &gt; pydantic 422 detail arrays &gt; skips entries that carry no message" time="0.000299417">
        </testcase>
        <testcase classname="src/test/api/errors.api.test.ts" name="extractApiErrorMessages &gt; pydantic 422 detail arrays &gt; returns null when the detail array yields no usable message" time="0.000179375">
        </testcase>
        <testcase classname="src/test/api/errors.api.test.ts" name="extractApiErrorMessages &gt; domain-error string details &gt; reads a 400 string detail" time="0.00018">
        </testcase>
        <testcase classname="src/test/api/errors.api.test.ts" name="extractApiErrorMessages &gt; domain-error string details &gt; reads a 403 string detail" time="0.000184833">
        </testcase>
        <testcase classname="src/test/api/errors.api.test.ts" name="extractApiErrorMessages &gt; domain-error string details &gt; reads a 404 string detail" time="0.000163583">
        </testcase>
        <testcase classname="src/test/api/errors.api.test.ts" name="extractApiErrorMessages &gt; domain-error string details &gt; ignores a blank string detail" time="0.000120208">
        </testcase>
        <testcase classname="src/test/api/errors.api.test.ts" name="extractApiErrorMessages &gt; errors the caller must handle itself &gt; returns null for a network error with no response" time="0.000120709">
        </testcase>
        <testcase classname="src/test/api/errors.api.test.ts" name="extractApiErrorMessages &gt; errors the caller must handle itself &gt; returns null for a 500 with no detail" time="0.000111042">
        </testcase>
        <testcase classname="src/test/api/errors.api.test.ts" name="extractApiErrorMessages &gt; errors the caller must handle itself &gt; returns null for an HTML error body" time="0.000109625">
        </testcase>
        <testcase classname="src/test/api/errors.api.test.ts" name="extractApiErrorMessages &gt; errors the caller must handle itself &gt; returns null for a non-error value" time="0.000146833">
        </testcase>
    </testsuite>
    <testsuite name="src/test/api/roles.api.test.ts" timestamp="2026-09-16T22:38:27.249Z" hostname="Jennys-MacBook-Air.local" tests="11" failures="0" errors="0" skipped="0" time="0.00439675">
        <testcase classname="src/test/api/roles.api.test.ts" name="rolesApi &gt; list &gt; fetches roles without parameters" time="0.001290083">
        </testcase>
        <testcase classname="src/test/api/roles.api.test.ts" name="rolesApi &gt; list &gt; passes team filter" time="0.00020175">
        </testcase>
        <testcase classname="src/test/api/roles.api.test.ts" name="rolesApi &gt; list &gt; passes visibility filter as array" time="0.000151917">
        </testcase>
        <testcase classname="src/test/api/roles.api.test.ts" name="rolesApi &gt; list &gt; passes combined parameters" time="0.000142834">
        </testcase>
        <testcase classname="src/test/api/roles.api.test.ts" name="rolesApi &gt; list &gt; propagates API errors" time="0.00061825">
        </testcase>
        <testcase classname="src/test/api/roles.api.test.ts" name="rolesApi &gt; getById &gt; fetches and returns the role detail projection" time="0.000124">
        </testcase>
        <testcase classname="src/test/api/roles.api.test.ts" name="rolesApi &gt; validate &gt; posts draft to /roles/validate" time="0.000644959">
        </testcase>
        <testcase classname="src/test/api/roles.api.test.ts" name="rolesApi &gt; validate &gt; returns validation errors from backend" time="0.000217208">
        </testcase>
        <testcase classname="src/test/api/roles.api.test.ts" name="rolesApi &gt; checkName &gt; gets /roles/check-name with name param" time="0.000120667">
        </testcase>
        <testcase classname="src/test/api/roles.api.test.ts" name="rolesApi &gt; checkName &gt; returns available for unique name" time="0.000071792">
        </testcase>
        <testcase classname="src/test/api/roles.api.test.ts" name="rolesApi &gt; create &gt; posts draft to /roles" time="0.000165708">
        </testcase>
    </testsuite>
    <testsuite name="src/test/data/conversion.test.ts" timestamp="2026-09-16T22:38:27.250Z" hostname="Jennys-MacBook-Air.local" tests="5" failures="0" errors="0" skipped="0" time="0.006045209">
        <testcase classname="src/test/data/conversion.test.ts" name="seed conversion &gt; converts the shipped catalog with defaults and stable nested ids" time="0.004005791">
        </testcase>
        <testcase classname="src/test/data/conversion.test.ts" name="seed conversion &gt; resolves dependencies by name and rejects unknown ability types" time="0.000731958">
        </testcase>
        <testcase classname="src/test/data/conversion.test.ts" name="seed conversion &gt; rejects generated id collisions in roles, abilities, steps, and dependencies" time="0.000291958">
        </testcase>
        <testcase classname="src/test/data/conversion.test.ts" name="seed conversion &gt; creates private custom roles with a UUID and local defaults" time="0.000443708">
        </testcase>
        <testcase classname="src/test/data/conversion.test.ts" name="seed conversion &gt; exports a positive seed version" time="0.00007225">
        </testcase>
    </testsuite>
    <testsuite name="src/test/data/repositories.test.ts" timestamp="2026-09-16T22:38:27.250Z" hostname="Jennys-MacBook-Air.local" tests="8" failures="0" errors="0" skipped="0" time="0.195457625">
        <testcase classname="src/test/data/repositories.test.ts" name="IndexedDB repositories &gt; bootstraps 30 official roles, 15 abilities, and metadata" time="0.038858">
        </testcase>
        <testcase classname="src/test/data/repositories.test.ts" name="IndexedDB repositories &gt; does nothing for a matching seed version" time="0.01887175">
        </testcase>
        <testcase classname="src/test/data/repositories.test.ts" name="IndexedDB repositories &gt; lists by team and visibility, gets, puts, deletes, and returns null when missing" time="0.026439083">
        </testcase>
        <testcase classname="src/test/data/repositories.test.ts" name="IndexedDB repositories &gt; stores and loads a game snapshot with null-on-missing semantics" time="0.008598667">
        </testcase>
        <testcase classname="src/test/data/repositories.test.ts" name="IndexedDB repositories &gt; treats malformed game rows as missing" time="0.004249667">
        </testcase>
        <testcase classname="src/test/data/repositories.test.ts" name="IndexedDB repositories &gt; treats malformed snapshot roles and arrays as missing" time="0.023987417">
        </testcase>
        <testcase classname="src/test/data/repositories.test.ts" name="IndexedDB repositories &gt; reseeds official records while preserving custom records and removing stale officials" time="0.025045208">
        </testcase>
        <testcase classname="src/test/data/repositories.test.ts" name="IndexedDB repositories &gt; rolls back every store after a partial seed transaction failure" time="0.047986875">
        </testcase>
    </testsuite>
    <testsuite name="src/test/data/seed_parity.test.ts" timestamp="2026-09-16T22:38:27.250Z" hostname="Jennys-MacBook-Air.local" tests="3" failures="0" errors="0" skipped="0" time="0.004950167">
        <testcase classname="src/test/data/seed_parity.test.ts" name="frontend seed copies &gt; matches the canonical roles file" time="0.002545875">
        </testcase>
        <testcase classname="src/test/data/seed_parity.test.ts" name="frontend seed copies &gt; matches the canonical abilities file" time="0.000539417">
        </testcase>
        <testcase classname="src/test/data/seed_parity.test.ts" name="frontend seed copies &gt; fails when a copied seed is mutated" time="0.001124416">
        </testcase>
    </testsuite>
    <testsuite name="src/test/data/type_compatibility.test.ts" timestamp="2026-09-16T22:38:27.251Z" hostname="Jennys-MacBook-Air.local" tests="1" failures="0" errors="0" skipped="0" time="0.000805083">
        <testcase classname="src/test/data/type_compatibility.test.ts" name="local role records are structurally compatible with transport role views" time="0.000448209">
        </testcase>
    </testsuite>
    <testsuite name="src/test/engine/gameSession.test.ts" timestamp="2026-09-16T22:38:27.251Z" hostname="Jennys-MacBook-Air.local" tests="16" failures="0" errors="0" skipped="0" time="0.003905041">
        <testcase classname="src/test/engine/gameSession.test.ts" name="engine game session creation &gt; creates a setup session with caller values and injected id" time="0.000907834">
        </testcase>
        <testcase classname="src/test/engine/gameSession.test.ts" name="engine game session creation &gt; keeps an omitted wake sequence absent" time="0.000145334">
        </testcase>
        <testcase classname="src/test/engine/gameSession.test.ts" name="engine game session creation &gt; propagates dependency warnings to the session" time="0.000149542">
        </testcase>
        <testcase classname="src/test/engine/gameSession.test.ts" name="engine game session creation &gt; does not mutate create input values" time="0.000319625">
        </testcase>
        <testcase classname="src/test/engine/gameSession.test.ts" name="engine game session creation &gt; uses a deterministic id generator without ambient crypto" time="0.000424708">
        </testcase>
        <testcase classname="src/test/engine/gameSession.test.ts" name="engine game session creation &gt; rejects before creating a session or mutating caller-owned values" time="0.000381708">
        </testcase>
        <testcase classname="src/test/engine/gameSession.test.ts" name="engine game session transitions &gt; starts only from setup and initializes wake order to zero" time="0.000147875">
        </testcase>
        <testcase classname="src/test/engine/gameSession.test.ts" name="engine game session transitions &gt; rejects starting a non-setup session without mutation" time="0.00011725">
        </testcase>
        <testcase classname="src/test/engine/gameSession.test.ts" name="engine game session transitions &gt; rejects advance from setup without mutation" time="0.000133541">
        </testcase>
        <testcase classname="src/test/engine/gameSession.test.ts" name="engine game session transitions &gt; advances night to discussion" time="0.000072208">
        </testcase>
        <testcase classname="src/test/engine/gameSession.test.ts" name="engine game session transitions &gt; advances discussion to voting" time="0.000059375">
        </testcase>
        <testcase classname="src/test/engine/gameSession.test.ts" name="engine game session transitions &gt; advances voting to resolution" time="0.000048542">
        </testcase>
        <testcase classname="src/test/engine/gameSession.test.ts" name="engine game session transitions &gt; advances resolution to complete" time="0.000039417">
        </testcase>
        <testcase classname="src/test/engine/gameSession.test.ts" name="engine game session transitions &gt; rejects advance from complete without mutation" time="0.000111416">
        </testcase>
        <testcase classname="src/test/engine/gameSession.test.ts" name="engine game session transitions &gt; advances a started session through the complete phase path" time="0.000074708">
        </testcase>
        <testcase classname="src/test/engine/gameSession.test.ts" name="engine game session transitions &gt; returns new values for successful transitions" time="0.000249333">
        </testcase>
    </testsuite>
    <testsuite name="src/test/engine/gameSetupValidation.test.ts" timestamp="2026-09-16T22:38:27.251Z" hostname="Jennys-MacBook-Air.local" tests="34" failures="0" errors="0" skipped="0" time="0.004713334">
        <testcase classname="src/test/engine/gameSetupValidation.test.ts" name="engine setup validation &gt; returns no warnings for a valid setup" time="0.001478125">
        </testcase>
        <testcase classname="src/test/engine/gameSetupValidation.test.ts" name="engine setup validation &gt; normalizes a valid wake order sequence to strings" time="0.000201417">
        </testcase>
        <testcase classname="src/test/engine/gameSetupValidation.test.ts" name="engine setup validation &gt; rejects a broken setup" time="0.000180167">
        </testcase>
        <testcase classname="src/test/engine/gameSetupValidation.test.ts" name="engine setup rule precedence &gt; count rule precedes unknown role id check" time="0.000063583">
        </testcase>
        <testcase classname="src/test/engine/gameSetupValidation.test.ts" name="engine setup rule precedence &gt; unknown role id precedes card count rule" time="0.000064458">
        </testcase>
        <testcase classname="src/test/engine/gameSetupValidation.test.ts" name="engine setup rule precedence &gt; card count rule precedes primary team rule" time="0.000075">
        </testcase>
        <testcase classname="src/test/engine/gameSetupValidation.test.ts" name="engine setup rule precedence &gt; primary team rule precedes dependency rule" time="0.000065542">
        </testcase>
        <testcase classname="src/test/engine/gameSetupValidation.test.ts" name="engine setup rule precedence &gt; dependency rule precedes wake sequence rule" time="0.000069167">
        </testcase>
        <testcase classname="src/test/engine/gameSetupValidation.test.ts" name="engine create-boundary setup cases &gt; rejects an unknown role id" time="0.00006">
        </testcase>
        <testcase classname="src/test/engine/gameSetupValidation.test.ts" name="engine create-boundary setup cases &gt; rejects multiple unknown role ids" time="0.000064917">
        </testcase>
        <testcase classname="src/test/engine/gameSetupValidation.test.ts" name="engine create-boundary setup cases &gt; rejects too few roles" time="0.000050792">
        </testcase>
        <testcase classname="src/test/engine/gameSetupValidation.test.ts" name="engine create-boundary setup cases &gt; rejects too many roles" time="0.000051875">
        </testcase>
        <testcase classname="src/test/engine/gameSetupValidation.test.ts" name="engine create-boundary setup cases &gt; accepts an exact role count" time="0.000070209">
        </testcase>
        <testcase classname="src/test/engine/gameSetupValidation.test.ts" name="engine create-boundary setup cases &gt; count rule precedes unknown role id check" time="0.000047542">
        </testcase>
        <testcase classname="src/test/engine/gameSetupValidation.test.ts" name="engine create-boundary setup cases &gt; rejects exceeding max count" time="0.00005125">
        </testcase>
        <testcase classname="src/test/engine/gameSetupValidation.test.ts" name="engine create-boundary setup cases &gt; rejects below min count" time="0.000067833">
        </testcase>
        <testcase classname="src/test/engine/gameSetupValidation.test.ts" name="engine create-boundary setup cases &gt; accepts valid card counts" time="0.000068416">
        </testcase>
        <testcase classname="src/test/engine/gameSetupValidation.test.ts" name="engine create-boundary setup cases &gt; rejects a missing required dependency" time="0.000053875">
        </testcase>
        <testcase classname="src/test/engine/gameSetupValidation.test.ts" name="engine create-boundary setup cases &gt; accepts a satisfied required dependency" time="0.000054875">
        </testcase>
        <testcase classname="src/test/engine/gameSetupValidation.test.ts" name="engine create-boundary setup cases &gt; warns on a missing recommends dependency" time="0.000058792">
        </testcase>
        <testcase classname="src/test/engine/gameSetupValidation.test.ts" name="engine create-boundary setup cases &gt; returns no warnings when recommends is satisfied" time="0.000055">
        </testcase>
        <testcase classname="src/test/engine/gameSetupValidation.test.ts" name="engine create-boundary setup cases &gt; rejects only a minion without a primary wolf" time="0.000060625">
        </testcase>
        <testcase classname="src/test/engine/gameSetupValidation.test.ts" name="engine create-boundary setup cases &gt; accepts a werewolf and minion" time="0.000050834">
        </testcase>
        <testcase classname="src/test/engine/gameSetupValidation.test.ts" name="engine create-boundary setup cases &gt; rejects only a squire without a primary wolf" time="0.000049959">
        </testcase>
        <testcase classname="src/test/engine/gameSetupValidation.test.ts" name="engine create-boundary setup cases &gt; rejects multiple teams without primary roles" time="0.000058708">
        </testcase>
        <testcase classname="src/test/engine/gameSetupValidation.test.ts" name="engine create-boundary setup cases &gt; stores a valid wake order sequence" time="0.000072833">
        </testcase>
        <testcase classname="src/test/engine/gameSetupValidation.test.ts" name="engine create-boundary setup cases &gt; rejects an extra role in the sequence" time="0.000057583">
        </testcase>
        <testcase classname="src/test/engine/gameSetupValidation.test.ts" name="engine create-boundary setup cases &gt; rejects a missing waking role in the sequence" time="0.000056209">
        </testcase>
        <testcase classname="src/test/engine/gameSetupValidation.test.ts" name="engine create-boundary setup cases &gt; rejects duplicate ids in the sequence" time="0.000058125">
        </testcase>
        <testcase classname="src/test/engine/gameSetupValidation.test.ts" name="engine create-boundary setup cases &gt; accepts a null sequence as omitted" time="0.000062042">
        </testcase>
        <testcase classname="src/test/engine/gameSetupValidation.test.ts" name="engine create-boundary setup cases &gt; accepts an empty sequence with no waking roles" time="0.000086541">
        </testcase>
        <testcase classname="src/test/engine/gameSetupValidation.test.ts" name="engine create-boundary setup cases &gt; rejects a non-waking role in the sequence" time="0.000060625">
        </testcase>
        <testcase classname="src/test/engine/gameSetupValidation.test.ts" name="engine setup edge paths &gt; checks vampire primary roles" time="0.000055125">
        </testcase>
        <testcase classname="src/test/engine/gameSetupValidation.test.ts" name="engine setup edge paths &gt; checks alien primary roles" time="0.00004975">
        </testcase>
    </testsuite>
    <testsuite name="src/test/engine/narration.test.ts" timestamp="2026-09-16T22:38:27.253Z" hostname="Jennys-MacBook-Air.local" tests="13" failures="0" errors="0" skipped="0" time="0.020009542">
        <testcase classname="src/test/engine/narration.test.ts" name="narration engine &gt; sorts waking roles deterministically and applies custom ordering rules" time="0.001747541">
        </testcase>
        <testcase classname="src/test/engine/narration.test.ts" name="narration engine &gt; deduplicates ids and sorts unnamed custom roles by wake order and name" time="0.01281625">
        </testcase>
        <testcase classname="src/test/engine/narration.test.ts" name="narration engine &gt; builds dense role actions and preserves required and OR flags" time="0.000372625">
        </testcase>
        <testcase classname="src/test/engine/narration.test.ts" name="narration engine &gt; builds wake and close-eyes actions for a role without steps" time="0.000082958">
        </testcase>
        <testcase classname="src/test/engine/narration.test.ts" name="narration engine &gt; skips unknown inherited ability names without duration" time="0.000415375">
        </testcase>
        <testcase classname="src/test/engine/narration.test.ts" name="narration engine &gt; assembles opening, unique waking role blocks, and closing actions" time="0.00015175">
        </testcase>
        <testcase classname="src/test/engine/narration.test.ts" name="narration engine &gt; keeps opening and closing actions when no roles wake" time="0.000139166">
        </testcase>
        <testcase classname="src/test/engine/narration.test.ts" name="narration engine &gt; builds previews with one copied-role section header" time="0.000127625">
        </testcase>
        <testcase classname="src/test/engine/narration.test.ts" name="narration engine &gt; returns no preview for null or zero wake order" time="0.000061417">
        </testcase>
        <testcase classname="src/test/engine/narration.test.ts" name="narration engine &gt; does not mutate generated action inputs" time="0.00019025">
        </testcase>
        <testcase classname="src/test/engine/narration.test.ts" name="narration engine &gt; keeps fixture roles in the verified engine input shape" time="0.001156417">
        </testcase>
        <testcase classname="src/test/engine/narration.test.ts" name="narration engine &gt; matches the Python-generated night-script fixtures for all seed roles" time="0.001110083">
        </testcase>
        <testcase classname="src/test/engine/narration.test.ts" name="narration engine &gt; matches the Python-generated previews for all seed roles" time="0.000719166">
        </testcase>
    </testsuite>
    <testsuite name="src/test/engine/templates.test.ts" timestamp="2026-09-16T22:38:27.253Z" hostname="Jennys-MacBook-Air.local" tests="81" failures="0" errors="0" skipped="0" time="0.007131041">
        <testcase classname="src/test/engine/templates.test.ts" name="engine narration templates &gt; renders wake target null" time="0.0010485">
        </testcase>
        <testcase classname="src/test/engine/templates.test.ts" name="engine narration templates &gt; renders wake target player.self" time="0.000153125">
        </testcase>
        <testcase classname="src/test/engine/templates.test.ts" name="engine narration templates &gt; renders wake target team.werewolf" time="0.000184583">
        </testcase>
        <testcase classname="src/test/engine/templates.test.ts" name="engine narration templates &gt; renders wake target team.alien" time="0.000105292">
        </testcase>
        <testcase classname="src/test/engine/templates.test.ts" name="engine narration templates &gt; renders wake target team.vampire" time="0.000464125">
        </testcase>
        <testcase classname="src/test/engine/templates.test.ts" name="engine narration templates &gt; renders wake target role.doppelganger" time="0.000136542">
        </testcase>
        <testcase classname="src/test/engine/templates.test.ts" name="engine narration templates &gt; renders wake target role.the_thing" time="0.000099542">
        </testcase>
        <testcase classname="src/test/engine/templates.test.ts" name="engine narration templates &gt; renders wake target team.unknown" time="0.000078459">
        </testcase>
        <testcase classname="src/test/engine/templates.test.ts" name="engine narration templates &gt; renders wake target garbage" time="0.000096291">
        </testcase>
        <testcase classname="src/test/engine/templates.test.ts" name="engine narration templates &gt; renders wake target " time="0.000157083">
        </testcase>
        <testcase classname="src/test/engine/templates.test.ts" name="engine narration templates &gt; rewrites underscores in role wake targets" time="0.0003615">
        </testcase>
        <testcase classname="src/test/engine/templates.test.ts" name="engine narration templates &gt; empty wake targets follow the player self path" time="0.000054583">
        </testcase>
        <testcase classname="src/test/engine/templates.test.ts" name="engine narration templates &gt; renders view_card with literal parameters" time="0.00011175">
        </testcase>
        <testcase classname="src/test/engine/templates.test.ts" name="engine narration templates &gt; renders view_card with literal parameters" time="0.000035">
        </testcase>
        <testcase classname="src/test/engine/templates.test.ts" name="engine narration templates &gt; renders view_card with literal parameters" time="0.000032208">
        </testcase>
        <testcase classname="src/test/engine/templates.test.ts" name="engine narration templates &gt; renders view_card with literal parameters" time="0.00002875">
        </testcase>
        <testcase classname="src/test/engine/templates.test.ts" name="engine narration templates &gt; renders view_card with literal parameters" time="0.000041209">
        </testcase>
        <testcase classname="src/test/engine/templates.test.ts" name="engine narration templates &gt; renders view_card with literal parameters" time="0.000028208">
        </testcase>
        <testcase classname="src/test/engine/templates.test.ts" name="engine narration templates &gt; renders view_card with literal parameters" time="0.00003675">
        </testcase>
        <testcase classname="src/test/engine/templates.test.ts" name="engine narration templates &gt; renders swap_card with literal parameters" time="0.000045209">
        </testcase>
        <testcase classname="src/test/engine/templates.test.ts" name="engine narration templates &gt; renders swap_card with literal parameters" time="0.000031542">
        </testcase>
        <testcase classname="src/test/engine/templates.test.ts" name="engine narration templates &gt; renders swap_card with literal parameters" time="0.000037375">
        </testcase>
        <testcase classname="src/test/engine/templates.test.ts" name="engine narration templates &gt; renders swap_card with literal parameters" time="0.000032458">
        </testcase>
        <testcase classname="src/test/engine/templates.test.ts" name="engine narration templates &gt; renders swap_card with literal parameters" time="0.000031084">
        </testcase>
        <testcase classname="src/test/engine/templates.test.ts" name="engine narration templates &gt; renders swap_card with literal parameters" time="0.000027459">
        </testcase>
        <testcase classname="src/test/engine/templates.test.ts" name="engine narration templates &gt; renders take_card with literal parameters" time="0.000039125">
        </testcase>
        <testcase classname="src/test/engine/templates.test.ts" name="engine narration templates &gt; renders take_card with literal parameters" time="0.000029666">
        </testcase>
        <testcase classname="src/test/engine/templates.test.ts" name="engine narration templates &gt; renders take_card with literal parameters" time="0.000028834">
        </testcase>
        <testcase classname="src/test/engine/templates.test.ts" name="engine narration templates &gt; renders view_awake with literal parameters" time="0.000032375">
        </testcase>
        <testcase classname="src/test/engine/templates.test.ts" name="engine narration templates &gt; renders thumbs_up with literal parameters" time="0.000051959">
        </testcase>
        <testcase classname="src/test/engine/templates.test.ts" name="engine narration templates &gt; renders thumbs_up with literal parameters" time="0.000059167">
        </testcase>
        <testcase classname="src/test/engine/templates.test.ts" name="engine narration templates &gt; renders thumbs_up with literal parameters" time="0.000032125">
        </testcase>
        <testcase classname="src/test/engine/templates.test.ts" name="engine narration templates &gt; renders thumbs_up with literal parameters" time="0.000029125">
        </testcase>
        <testcase classname="src/test/engine/templates.test.ts" name="engine narration templates &gt; renders thumbs_up with literal parameters" time="0.000024917">
        </testcase>
        <testcase classname="src/test/engine/templates.test.ts" name="engine narration templates &gt; renders thumbs_up with literal parameters" time="0.000024417">
        </testcase>
        <testcase classname="src/test/engine/templates.test.ts" name="engine narration templates &gt; renders thumbs_up with literal parameters" time="0.0000245">
        </testcase>
        <testcase classname="src/test/engine/templates.test.ts" name="engine narration templates &gt; renders explicit_no_view with literal parameters" time="0.000033833">
        </testcase>
        <testcase classname="src/test/engine/templates.test.ts" name="engine narration templates &gt; renders rotate_all with literal parameters" time="0.00003275">
        </testcase>
        <testcase classname="src/test/engine/templates.test.ts" name="engine narration templates &gt; renders rotate_all with literal parameters" time="0.000024417">
        </testcase>
        <testcase classname="src/test/engine/templates.test.ts" name="engine narration templates &gt; renders touch with literal parameters" time="0.000030792">
        </testcase>
        <testcase classname="src/test/engine/templates.test.ts" name="engine narration templates &gt; renders flip_card with literal parameters" time="0.000028666">
        </testcase>
        <testcase classname="src/test/engine/templates.test.ts" name="engine narration templates &gt; renders copy_role with literal parameters" time="0.000034417">
        </testcase>
        <testcase classname="src/test/engine/templates.test.ts" name="engine narration templates &gt; renders change_to_team with literal parameters" time="0.000043542">
        </testcase>
        <testcase classname="src/test/engine/templates.test.ts" name="engine narration templates &gt; renders change_to_team with literal parameters" time="0.000027">
        </testcase>
        <testcase classname="src/test/engine/templates.test.ts" name="engine narration templates &gt; renders perform_as with literal parameters" time="0.000036084">
        </testcase>
        <testcase classname="src/test/engine/templates.test.ts" name="engine narration templates &gt; renders perform_immediately with literal parameters" time="0.000030917">
        </testcase>
        <testcase classname="src/test/engine/templates.test.ts" name="engine narration templates &gt; renders stop with literal parameters" time="0.00003325">
        </testcase>
        <testcase classname="src/test/engine/templates.test.ts" name="engine narration templates &gt; renders random_num_players with literal parameters" time="0.000050958">
        </testcase>
        <testcase classname="src/test/engine/templates.test.ts" name="engine narration templates &gt; renders random_num_players with literal parameters" time="0.000026584">
        </testcase>
        <testcase classname="src/test/engine/templates.test.ts" name="engine narration templates &gt; renders random_num_players with literal parameters" time="0.000026083">
        </testcase>
        <testcase classname="src/test/engine/templates.test.ts" name="engine narration templates &gt; renders random_num_players with literal parameters" time="0.000044084">
        </testcase>
        <testcase classname="src/test/engine/templates.test.ts" name="engine narration templates &gt; renders random_num_players with literal parameters" time="0.000028667">
        </testcase>
        <testcase classname="src/test/engine/templates.test.ts" name="engine narration templates &gt; renders unknown_type with literal parameters" time="0.000023792">
        </testcase>
        <testcase classname="src/test/engine/templates.test.ts" name="engine narration templates &gt; OR prefixes a recognized instruction" time="0.000034">
        </testcase>
        <testcase classname="src/test/engine/templates.test.ts" name="engine narration templates &gt; OR does not prefix an unknown instruction" time="0.000039334">
        </testcase>
        <testcase classname="src/test/engine/templates.test.ts" name="engine narration templates &gt; treats inherited property constructor as an unknown instruction" time="0.000032">
        </testcase>
        <testcase classname="src/test/engine/templates.test.ts" name="engine narration templates &gt; treats inherited property toString as an unknown instruction" time="0.000021625">
        </testcase>
        <testcase classname="src/test/engine/templates.test.ts" name="engine narration templates &gt; treats inherited property __proto__ as an unknown instruction" time="0.000021333">
        </testcase>
        <testcase classname="src/test/engine/templates.test.ts" name="engine narration templates &gt; non-OR modifier none does not prefix" time="0.000035083">
        </testcase>
        <testcase classname="src/test/engine/templates.test.ts" name="engine narration templates &gt; non-OR modifier and does not prefix" time="0.000023375">
        </testcase>
        <testcase classname="src/test/engine/templates.test.ts" name="engine narration templates &gt; non-OR modifier if does not prefix" time="0.000021583">
        </testcase>
        <testcase classname="src/test/engine/templates.test.ts" name="engine narration templates &gt; uses the duration for view_card" time="0.000040292">
        </testcase>
        <testcase classname="src/test/engine/templates.test.ts" name="engine narration templates &gt; uses the duration for swap_card" time="0.00002325">
        </testcase>
        <testcase classname="src/test/engine/templates.test.ts" name="engine narration templates &gt; uses the duration for take_card" time="0.000027292">
        </testcase>
        <testcase classname="src/test/engine/templates.test.ts" name="engine narration templates &gt; uses the duration for view_awake" time="0.000020667">
        </testcase>
        <testcase classname="src/test/engine/templates.test.ts" name="engine narration templates &gt; uses the duration for thumbs_up" time="0.000019834">
        </testcase>
        <testcase classname="src/test/engine/templates.test.ts" name="engine narration templates &gt; uses the duration for explicit_no_view" time="0.000022125">
        </testcase>
        <testcase classname="src/test/engine/templates.test.ts" name="engine narration templates &gt; uses the duration for rotate_all" time="0.000019667">
        </testcase>
        <testcase classname="src/test/engine/templates.test.ts" name="engine narration templates &gt; uses the duration for touch" time="0.000019542">
        </testcase>
        <testcase classname="src/test/engine/templates.test.ts" name="engine narration templates &gt; uses the duration for flip_card" time="0.000025583">
        </testcase>
        <testcase classname="src/test/engine/templates.test.ts" name="engine narration templates &gt; uses the duration for copy_role" time="0.000022625">
        </testcase>
        <testcase classname="src/test/engine/templates.test.ts" name="engine narration templates &gt; uses the duration for change_to_team" time="0.000020792">
        </testcase>
        <testcase classname="src/test/engine/templates.test.ts" name="engine narration templates &gt; uses the duration for perform_as" time="0.000021125">
        </testcase>
        <testcase classname="src/test/engine/templates.test.ts" name="engine narration templates &gt; uses the duration for perform_immediately" time="0.00001825">
        </testcase>
        <testcase classname="src/test/engine/templates.test.ts" name="engine narration templates &gt; uses the duration for stop" time="0.000020459">
        </testcase>
        <testcase classname="src/test/engine/templates.test.ts" name="engine narration templates &gt; uses the duration for random_num_players" time="0.000018625">
        </testcase>
        <testcase classname="src/test/engine/templates.test.ts" name="engine narration templates &gt; unknown durations default to five seconds" time="0.000024875">
        </testcase>
        <testcase classname="src/test/engine/templates.test.ts" name="engine narration templates &gt; uses the default duration for inherited property constructor" time="0.000024042">
        </testcase>
        <testcase classname="src/test/engine/templates.test.ts" name="engine narration templates &gt; uses the default duration for inherited property toString" time="0.000018125">
        </testcase>
        <testcase classname="src/test/engine/templates.test.ts" name="engine narration templates &gt; uses the default duration for inherited property __proto__" time="0.000020667">
        </testcase>
        <testcase classname="src/test/engine/templates.test.ts" name="engine narration templates &gt; the public shape includes all required engine and production output fields" time="0.000707291">
        </testcase>
    </testsuite>
    <testsuite name="src/test/domain/abilitySteps.test.ts" timestamp="2026-09-16T22:38:27.257Z" hostname="Jennys-MacBook-Air.local" tests="49" failures="0" errors="0" skipped="0" time="0.004920709">
        <testcase classname="src/test/domain/abilitySteps.test.ts" name="abilitySteps &gt; renumberSteps &gt; returns an empty list unchanged" time="0.000639875">
        </testcase>
        <testcase classname="src/test/domain/abilitySteps.test.ts" name="abilitySteps &gt; renumberSteps &gt; assigns 1-based sequential order" time="0.000142375">
        </testcase>
        <testcase classname="src/test/domain/abilitySteps.test.ts" name="abilitySteps &gt; renumberSteps &gt; forces the first step modifier to none" time="0.000098084">
        </testcase>
        <testcase classname="src/test/domain/abilitySteps.test.ts" name="abilitySteps &gt; renumberSteps &gt; promotes a non-first none modifier to and" time="0.0000625">
        </testcase>
        <testcase classname="src/test/domain/abilitySteps.test.ts" name="abilitySteps &gt; renumberSteps &gt; preserves or/if modifiers on non-first steps" time="0.000089292">
        </testcase>
        <testcase classname="src/test/domain/abilitySteps.test.ts" name="abilitySteps &gt; renumberSteps &gt; does not mutate the input steps" time="0.000117959">
        </testcase>
        <testcase classname="src/test/domain/abilitySteps.test.ts" name="abilitySteps &gt; buildInitialParameters &gt; returns an empty object when the schema is undefined" time="0.000088625">
        </testcase>
        <testcase classname="src/test/domain/abilitySteps.test.ts" name="abilitySteps &gt; buildInitialParameters &gt; returns an empty object when the schema has no properties" time="0.00005075">
        </testcase>
        <testcase classname="src/test/domain/abilitySteps.test.ts" name="abilitySteps &gt; buildInitialParameters &gt; seeds integer parameters with the schema default" time="0.000065791">
        </testcase>
        <testcase classname="src/test/domain/abilitySteps.test.ts" name="abilitySteps &gt; buildInitialParameters &gt; seeds integer parameters with 1 when no default is declared" time="0.000065542">
        </testcase>
        <testcase classname="src/test/domain/abilitySteps.test.ts" name="abilitySteps &gt; buildInitialParameters &gt; does not seed non-integer parameters" time="0.000058666">
        </testcase>
        <testcase classname="src/test/domain/abilitySteps.test.ts" name="abilitySteps &gt; getParameterType &gt; returns undefined when the schema is undefined" time="0.000078709">
        </testcase>
        <testcase classname="src/test/domain/abilitySteps.test.ts" name="abilitySteps &gt; getParameterType &gt; returns undefined for an unknown key" time="0.000045042">
        </testcase>
        <testcase classname="src/test/domain/abilitySteps.test.ts" name="abilitySteps &gt; getParameterType &gt; returns the declared property type" time="0.000041709">
        </testcase>
        <testcase classname="src/test/domain/abilitySteps.test.ts" name="abilitySteps &gt; coerceParameterValue &gt; passes through values with no declared type" time="0.000055209">
        </testcase>
        <testcase classname="src/test/domain/abilitySteps.test.ts" name="abilitySteps &gt; coerceParameterValue &gt; passes through string values" time="0.000044">
        </testcase>
        <testcase classname="src/test/domain/abilitySteps.test.ts" name="abilitySteps &gt; coerceParameterValue &gt; parses an integer input" time="0.000047625">
        </testcase>
        <testcase classname="src/test/domain/abilitySteps.test.ts" name="abilitySteps &gt; coerceParameterValue &gt; falls back to 1 for unparseable integer input" time="0.00004075">
        </testcase>
        <testcase classname="src/test/domain/abilitySteps.test.ts" name="abilitySteps &gt; coerceParameterValue &gt; falls back to 1 for an empty integer input" time="0.000041333">
        </testcase>
        <testcase classname="src/test/domain/abilitySteps.test.ts" name="abilitySteps &gt; coerceParameterValue &gt; clamps integers below 1 up to 1" time="0.000097583">
        </testcase>
        <testcase classname="src/test/domain/abilitySteps.test.ts" name="abilitySteps &gt; coerceParameterValue &gt; parses a comma-separated array input" time="0.000069792">
        </testcase>
        <testcase classname="src/test/domain/abilitySteps.test.ts" name="abilitySteps &gt; coerceParameterValue &gt; drops non-numeric array entries" time="0.0000615">
        </testcase>
        <testcase classname="src/test/domain/abilitySteps.test.ts" name="abilitySteps &gt; coerceParameterValue &gt; returns an empty array for empty array input" time="0.00004725">
        </testcase>
        <testcase classname="src/test/domain/abilitySteps.test.ts" name="abilitySteps &gt; appendAbilityStep &gt; adds the first step with modifier none and order 1" time="0.00009075">
        </testcase>
        <testcase classname="src/test/domain/abilitySteps.test.ts" name="abilitySteps &gt; appendAbilityStep &gt; adds a subsequent step with modifier and, numbered after the last" time="0.000392875">
        </testcase>
        <testcase classname="src/test/domain/abilitySteps.test.ts" name="abilitySteps &gt; appendAbilityStep &gt; seeds parameters from the ability schema" time="0.000057083">
        </testcase>
        <testcase classname="src/test/domain/abilitySteps.test.ts" name="abilitySteps &gt; appendAbilityStep &gt; leaves existing steps untouched" time="0.000058292">
        </testcase>
        <testcase classname="src/test/domain/abilitySteps.test.ts" name="abilitySteps &gt; appendAbilityStep &gt; does not mutate the input steps" time="0.000070917">
        </testcase>
        <testcase classname="src/test/domain/abilitySteps.test.ts" name="abilitySteps &gt; removeStepAt &gt; removes the step at the index and renumbers the rest" time="0.000082833">
        </testcase>
        <testcase classname="src/test/domain/abilitySteps.test.ts" name="abilitySteps &gt; removeStepAt &gt; promotes the new first step to modifier none" time="0.000053375">
        </testcase>
        <testcase classname="src/test/domain/abilitySteps.test.ts" name="abilitySteps &gt; removeStepAt &gt; does not mutate the input steps" time="0.000098417">
        </testcase>
        <testcase classname="src/test/domain/abilitySteps.test.ts" name="abilitySteps &gt; moveStepUp &gt; swaps the step with the one above it and renumbers" time="0.000094792">
        </testcase>
        <testcase classname="src/test/domain/abilitySteps.test.ts" name="abilitySteps &gt; moveStepUp &gt; normalizes modifiers after the move" time="0.000053334">
        </testcase>
        <testcase classname="src/test/domain/abilitySteps.test.ts" name="abilitySteps &gt; moveStepUp &gt; returns the steps unchanged when already first" time="0.000059166">
        </testcase>
        <testcase classname="src/test/domain/abilitySteps.test.ts" name="abilitySteps &gt; moveStepUp &gt; does not mutate the input steps" time="0.000050167">
        </testcase>
        <testcase classname="src/test/domain/abilitySteps.test.ts" name="abilitySteps &gt; moveStepDown &gt; swaps the step with the one below it and renumbers" time="0.000075917">
        </testcase>
        <testcase classname="src/test/domain/abilitySteps.test.ts" name="abilitySteps &gt; moveStepDown &gt; returns the steps unchanged when already last" time="0.000035292">
        </testcase>
        <testcase classname="src/test/domain/abilitySteps.test.ts" name="abilitySteps &gt; moveStepDown &gt; preserves an or modifier carried by the moved step" time="0.000068625">
        </testcase>
        <testcase classname="src/test/domain/abilitySteps.test.ts" name="abilitySteps &gt; moveStepDown &gt; does not mutate the input steps" time="0.000046209">
        </testcase>
        <testcase classname="src/test/domain/abilitySteps.test.ts" name="abilitySteps &gt; setStepModifier &gt; sets the modifier on the targeted step only" time="0.000060917">
        </testcase>
        <testcase classname="src/test/domain/abilitySteps.test.ts" name="abilitySteps &gt; setStepModifier &gt; does not renumber or otherwise normalize" time="0.000050458">
        </testcase>
        <testcase classname="src/test/domain/abilitySteps.test.ts" name="abilitySteps &gt; setStepModifier &gt; does not mutate the input steps" time="0.000035167">
        </testcase>
        <testcase classname="src/test/domain/abilitySteps.test.ts" name="abilitySteps &gt; setStepParameter &gt; coerces and sets an integer parameter" time="0.000064833">
        </testcase>
        <testcase classname="src/test/domain/abilitySteps.test.ts" name="abilitySteps &gt; setStepParameter &gt; coerces and sets an array parameter" time="0.000066833">
        </testcase>
        <testcase classname="src/test/domain/abilitySteps.test.ts" name="abilitySteps &gt; setStepParameter &gt; stores a string parameter verbatim" time="0.00005425">
        </testcase>
        <testcase classname="src/test/domain/abilitySteps.test.ts" name="abilitySteps &gt; setStepParameter &gt; merges into existing parameters rather than replacing them" time="0.0000515">
        </testcase>
        <testcase classname="src/test/domain/abilitySteps.test.ts" name="abilitySteps &gt; setStepParameter &gt; leaves other steps untouched" time="0.000046167">
        </testcase>
        <testcase classname="src/test/domain/abilitySteps.test.ts" name="abilitySteps &gt; setStepParameter &gt; passes the value through when the schema is undefined" time="0.000040334">
        </testcase>
        <testcase classname="src/test/domain/abilitySteps.test.ts" name="abilitySteps &gt; setStepParameter &gt; does not mutate the input steps" time="0.000042625">
        </testcase>
    </testsuite>
    <testsuite name="src/test/domain/constants.test.ts" timestamp="2026-09-16T22:38:27.259Z" hostname="Jennys-MacBook-Air.local" tests="5" failures="0" errors="0" skipped="0" time="0.001617458">
        <testcase classname="src/test/domain/constants.test.ts" name="domain/constants MODIFIER_LABELS &gt; labels every step modifier exactly as the components previously did" time="0.000641083">
        </testcase>
        <testcase classname="src/test/domain/constants.test.ts" name="domain/constants MODIFIER_LABELS &gt; covers every modifier in MODIFIERS with a non-empty label" time="0.000136042">
        </testcase>
        <testcase classname="src/test/domain/constants.test.ts" name="domain/constants ABILITY_CATEGORIES &gt; preserves the five categories, their labels, and their ability types" time="0.000153291">
        </testcase>
        <testcase classname="src/test/domain/constants.test.ts" name="domain/constants ABILITY_CATEGORIES &gt; gives every category a unique id" time="0.000099875">
        </testcase>
        <testcase classname="src/test/domain/constants.test.ts" name="domain/constants STRING_TARGET_OPTIONS &gt; preserves the target options exactly, in order" time="0.000072292">
        </testcase>
    </testsuite>
    <testsuite name="src/test/domain/roleDraft.test.ts" timestamp="2026-09-16T22:38:27.259Z" hostname="Jennys-MacBook-Air.local" tests="3" failures="0" errors="0" skipped="0" time="0.0019715">
        <testcase classname="src/test/domain/roleDraft.test.ts" name="domain/roleDraft createEmptyDraft &gt; creates a draft with the documented empty defaults" time="0.001285334">
        </testcase>
        <testcase classname="src/test/domain/roleDraft.test.ts" name="domain/roleDraft createEmptyDraft &gt; assigns a fresh id on every call" time="0.000209125">
        </testcase>
        <testcase classname="src/test/domain/roleDraft.test.ts" name="domain/roleDraft createEmptyDraft &gt; stamps created_at and updated_at with the same ISO timestamp" time="0.000076916">
        </testcase>
    </testsuite>
    <testsuite name="src/test/domain/roleSelection.test.ts" timestamp="2026-09-16T22:38:27.259Z" hostname="Jennys-MacBook-Air.local" tests="26" failures="0" errors="0" skipped="0" time="0.006931167">
        <testcase classname="src/test/domain/roleSelection.test.ts" name="roleSelection &gt; buildRoleMap &gt; returns an empty map for an empty role list" time="0.001264625">
        </testcase>
        <testcase classname="src/test/domain/roleSelection.test.ts" name="roleSelection &gt; buildRoleMap &gt; indexes roles by id" time="0.000323833">
        </testcase>
        <testcase classname="src/test/domain/roleSelection.test.ts" name="roleSelection &gt; countSelectedCards &gt; returns 0 for an empty selection" time="0.000258375">
        </testcase>
        <testcase classname="src/test/domain/roleSelection.test.ts" name="roleSelection &gt; countSelectedCards &gt; sums every selected count" time="0.000154">
        </testcase>
        <testcase classname="src/test/domain/roleSelection.test.ts" name="roleSelection &gt; toggleRoleSelection &gt; selects an unselected role at its default_count" time="0.0002555">
        </testcase>
        <testcase classname="src/test/domain/roleSelection.test.ts" name="roleSelection &gt; toggleRoleSelection &gt; deselects an already-selected role" time="0.000224833">
        </testcase>
        <testcase classname="src/test/domain/roleSelection.test.ts" name="roleSelection &gt; toggleRoleSelection &gt; returns the selection unchanged when the role is unknown" time="0.0001195">
        </testcase>
        <testcase classname="src/test/domain/roleSelection.test.ts" name="roleSelection &gt; toggleRoleSelection &gt; auto-selects a REQUIRES dependency at the required role default_count" time="0.000192208">
        </testcase>
        <testcase classname="src/test/domain/roleSelection.test.ts" name="roleSelection &gt; toggleRoleSelection &gt; auto-selects a multi-copy dependency at its default_count" time="0.000226208">
        </testcase>
        <testcase classname="src/test/domain/roleSelection.test.ts" name="roleSelection &gt; toggleRoleSelection &gt; silently skips a dependency whose required role is absent from the list" time="0.000178459">
        </testcase>
        <testcase classname="src/test/domain/roleSelection.test.ts" name="roleSelection &gt; toggleRoleSelection &gt; does not auto-select RECOMMENDS dependencies" time="0.000191125">
        </testcase>
        <testcase classname="src/test/domain/roleSelection.test.ts" name="roleSelection &gt; toggleRoleSelection &gt; leaves an already-selected dependency at its current count" time="0.000153917">
        </testcase>
        <testcase classname="src/test/domain/roleSelection.test.ts" name="roleSelection &gt; toggleRoleSelection &gt; does not mutate the input selection" time="0.000124333">
        </testcase>
        <testcase classname="src/test/domain/roleSelection.test.ts" name="roleSelection &gt; removeRoleWithCascade &gt; removes the role itself" time="0.000139167">
        </testcase>
        <testcase classname="src/test/domain/roleSelection.test.ts" name="roleSelection &gt; removeRoleWithCascade &gt; cascade-removes selected roles that REQUIRE the removed role" time="0.000129792">
        </testcase>
        <testcase classname="src/test/domain/roleSelection.test.ts" name="roleSelection &gt; removeRoleWithCascade &gt; does not remove the required role when the dependent is removed (one-way)" time="0.000185666">
        </testcase>
        <testcase classname="src/test/domain/roleSelection.test.ts" name="roleSelection &gt; removeRoleWithCascade &gt; cascades one level only, leaving a transitive dependent orphaned" time="0.000163208">
        </testcase>
        <testcase classname="src/test/domain/roleSelection.test.ts" name="roleSelection &gt; removeRoleWithCascade &gt; leaves unrelated roles selected" time="0.00013175">
        </testcase>
        <testcase classname="src/test/domain/roleSelection.test.ts" name="roleSelection &gt; removeRoleWithCascade &gt; does not mutate the input selection" time="0.000127667">
        </testcase>
        <testcase classname="src/test/domain/roleSelection.test.ts" name="roleSelection &gt; adjustRoleCount &gt; increments the count" time="0.000168709">
        </testcase>
        <testcase classname="src/test/domain/roleSelection.test.ts" name="roleSelection &gt; adjustRoleCount &gt; decrements the count" time="0.000131792">
        </testcase>
        <testcase classname="src/test/domain/roleSelection.test.ts" name="roleSelection &gt; adjustRoleCount &gt; returns the selection unchanged when the increment would exceed max_count" time="0.000140041">
        </testcase>
        <testcase classname="src/test/domain/roleSelection.test.ts" name="roleSelection &gt; adjustRoleCount &gt; removes the role entirely when decremented below min_count" time="0.000118417">
        </testcase>
        <testcase classname="src/test/domain/roleSelection.test.ts" name="roleSelection &gt; adjustRoleCount &gt; cascade-removes dependents when decremented below min_count" time="0.000127583">
        </testcase>
        <testcase classname="src/test/domain/roleSelection.test.ts" name="roleSelection &gt; adjustRoleCount &gt; returns the selection unchanged when the role is unknown" time="0.000100208">
        </testcase>
        <testcase classname="src/test/domain/roleSelection.test.ts" name="roleSelection &gt; adjustRoleCount &gt; treats an unselected role as count 0" time="0.000118875">
        </testcase>
    </testsuite>
    <testsuite name="src/test/domain/roleValidation.test.ts" timestamp="2026-09-16T22:38:27.260Z" hostname="Jennys-MacBook-Air.local" tests="23" failures="0" errors="0" skipped="0" time="0.003009292">
        <testcase classname="src/test/domain/roleValidation.test.ts" name="validateRoleDraft &gt; returns a transport-compatible valid result for a valid draft" time="0.000756209">
        </testcase>
        <testcase classname="src/test/domain/roleValidation.test.ts" name="validateRoleDraft &gt; preserves backend error ordering for several independent violations" time="0.000181625">
        </testcase>
        <testcase classname="src/test/domain/roleValidation.test.ts" name="validateRoleDraft &gt; reports the frontend-only trimmed upper-bound error" time="0.000093083">
        </testcase>
        <testcase classname="src/test/domain/roleValidation.test.ts" name="validateRoleDraft &gt; reports the lower-bound error for a one-character name" time="0.000081791">
        </testcase>
        <testcase classname="src/test/domain/roleValidation.test.ts" name="validateRoleDraft &gt; reports a trimmed one-character name and accepts the two-character boundary" time="0.0000855">
        </testcase>
        <testcase classname="src/test/domain/roleValidation.test.ts" name="validateRoleDraft &gt; rejects a whitespace-only name and accepts the 50-character boundary" time="0.000084333">
        </testcase>
        <testcase classname="src/test/domain/roleValidation.test.ts" name="validateRoleDraft &gt; uses the lowest-order step for the first-step modifier rule" time="0.000081708">
        </testcase>
        <testcase classname="src/test/domain/roleValidation.test.ts" name="validateRoleDraft &gt; does not reorder draft steps while finding the lowest-order step" time="0.000140875">
        </testcase>
        <testcase classname="src/test/domain/roleValidation.test.ts" name="validateRoleDraft &gt; reports absent and inactive abilities in draft order with one literal message" time="0.000075083">
        </testcase>
        <testcase classname="src/test/domain/roleValidation.test.ts" name="validateRoleDraft &gt; reports a duplicate-order error instead of a gap error" time="0.000068958">
        </testcase>
        <testcase classname="src/test/domain/roleValidation.test.ts" name="validateRoleDraft &gt; reports a gap when distinct orders do not start at one sequentially" time="0.000064083">
        </testcase>
        <testcase classname="src/test/domain/roleValidation.test.ts" name="validateRoleDraft &gt; reports each win-condition cardinality rule with the backend wording" time="0.000080833">
        </testcase>
[...]
        </testcase>
        <testcase classname="src/test/components/RoleBuilder/steps/BasicInfoStep.test.tsx" name="BasicInfoStep &gt; shows current draft values" time="0.003498875">
        </testcase>
        <testcase classname="src/test/components/RoleBuilder/steps/BasicInfoStep.test.tsx" name="BasicInfoStep &gt; renders the wake order range in the field label" time="0.004620333">
        </testcase>
        <testcase classname="src/test/components/RoleBuilder/steps/BasicInfoStep.test.tsx" name="BasicInfoStep &gt; renders the supplied checking status without reading roles" time="0.002748375">
        </testcase>
        <testcase classname="src/test/components/RoleBuilder/steps/BasicInfoStep.test.tsx" name="BasicInfoStep &gt; renders the supplied available status without reading roles" time="0.007882625">
        </testcase>
        <testcase classname="src/test/components/RoleBuilder/steps/BasicInfoStep.test.tsx" name="BasicInfoStep &gt; renders the supplied taken status without reading roles" time="0.003007917">
        </testcase>
        <testcase classname="src/test/components/RoleBuilder/steps/BasicInfoStep.test.tsx" name="BasicInfoStep &gt; does not render a status when the supplied status is idle" time="0.002068292">
        </testcase>
        <testcase classname="src/test/components/RoleBuilder/steps/BasicInfoStep.test.tsx" name="BasicInfoStep &gt; passes name edits to the page owner" time="0.016654083">
        </testcase>
        <testcase classname="src/test/components/RoleBuilder/steps/BasicInfoStep.test.tsx" name="BasicInfoStep &gt; passes field edits and team changes to the page owner" time="0.024357583">
        </testcase>
        <testcase classname="src/test/components/RoleBuilder/steps/BasicInfoStep.test.tsx" name="BasicInfoStep &gt; passes village team selection to the page owner" time="0.014607166">
        </testcase>
        <testcase classname="src/test/components/RoleBuilder/steps/BasicInfoStep.test.tsx" name="BasicInfoStep &gt; passes werewolf team selection to the page owner" time="0.008106458">
        </testcase>
        <testcase classname="src/test/components/RoleBuilder/steps/BasicInfoStep.test.tsx" name="BasicInfoStep &gt; passes vampire team selection to the page owner" time="0.005144583">
        </testcase>
        <testcase classname="src/test/components/RoleBuilder/steps/BasicInfoStep.test.tsx" name="BasicInfoStep &gt; passes alien team selection to the page owner" time="0.014334916">
        </testcase>
        <testcase classname="src/test/components/RoleBuilder/steps/BasicInfoStep.test.tsx" name="BasicInfoStep &gt; passes neutral team selection to the page owner" time="0.00408575">
        </testcase>
        <testcase classname="src/test/components/RoleBuilder/steps/BasicInfoStep.test.tsx" name="BasicInfoStep &gt; clears primary team role when switching to village or neutral" time="0.0137545">
        </testcase>
        <testcase classname="src/test/components/RoleBuilder/steps/BasicInfoStep.test.tsx" name="BasicInfoStep &gt; shows primary team role only for eligible teams" time="0.011799333">
        </testcase>
        <testcase classname="src/test/components/RoleBuilder/steps/BasicInfoStep.test.tsx" name="BasicInfoStep &gt; shows the primary toggle for werewolf" time="0.003837">
        </testcase>
        <testcase classname="src/test/components/RoleBuilder/steps/BasicInfoStep.test.tsx" name="BasicInfoStep &gt; shows the primary toggle for vampire" time="0.001956125">
        </testcase>
        <testcase classname="src/test/components/RoleBuilder/steps/BasicInfoStep.test.tsx" name="BasicInfoStep &gt; shows the primary toggle for alien" time="0.0068475">
        </testcase>
        <testcase classname="src/test/components/RoleBuilder/steps/BasicInfoStep.test.tsx" name="BasicInfoStep &gt; hides the primary toggle for village" time="0.001669209">
        </testcase>
        <testcase classname="src/test/components/RoleBuilder/steps/BasicInfoStep.test.tsx" name="BasicInfoStep &gt; hides the primary toggle for neutral" time="0.001617">
        </testcase>
        <testcase classname="src/test/components/RoleBuilder/steps/BasicInfoStep.test.tsx" name="BasicInfoStep &gt; passes a checked primary team role to the page owner" time="0.00216775">
        </testcase>
        <testcase classname="src/test/components/RoleBuilder/steps/BasicInfoStep.test.tsx" name="BasicInfoStep &gt; clears primary team role when switching to neutral" time="0.003437875">
        </testcase>
        <testcase classname="src/test/components/RoleBuilder/steps/BasicInfoStep.test.tsx" name="BasicInfoStep &gt; sets wake order to zero when its input is cleared" time="0.001620625">
        </testcase>
        <testcase classname="src/test/components/RoleBuilder/steps/BasicInfoStep.test.tsx" name="BasicInfoStep &gt; renders the does-not-wake hint for wake order 0" time="0.001325167">
        </testcase>
        <testcase classname="src/test/components/RoleBuilder/steps/BasicInfoStep.test.tsx" name="BasicInfoStep &gt; renders the does-not-wake hint for wake order null" time="0.017345625">
        </testcase>
        <testcase classname="src/test/components/RoleBuilder/steps/BasicInfoStep.test.tsx" name="BasicInfoStep &gt; renders the does-not-wake hint for wake order 5" time="0.011304625">
        </testcase>
    </testsuite>
    <testsuite name="src/test/components/RoleBuilder/steps/ReviewStep.test.tsx" timestamp="2026-09-16T22:38:27.274Z" hostname="Jennys-MacBook-Air.local" tests="15" failures="0" errors="0" skipped="0" time="0.087327917">
        <testcase classname="src/test/components/RoleBuilder/steps/ReviewStep.test.tsx" name="ReviewStep &gt; role summary &gt; shows role name" time="0.054475125">
        </testcase>
        <testcase classname="src/test/components/RoleBuilder/steps/ReviewStep.test.tsx" name="ReviewStep &gt; role summary &gt; shows team" time="0.002103083">
        </testcase>
        <testcase classname="src/test/components/RoleBuilder/steps/ReviewStep.test.tsx" name="ReviewStep &gt; role summary &gt; shows description" time="0.001533959">
        </testcase>
        <testcase classname="src/test/components/RoleBuilder/steps/ReviewStep.test.tsx" name="ReviewStep &gt; role summary &gt; shows wake order when set" time="0.002394959">
        </testcase>
        <testcase classname="src/test/components/RoleBuilder/steps/ReviewStep.test.tsx" name="ReviewStep &gt; role summary &gt; shows votes" time="0.003534625">
        </testcase>
        <testcase classname="src/test/components/RoleBuilder/steps/ReviewStep.test.tsx" name="ReviewStep &gt; ability steps &gt; shows ability steps" time="0.005455791">
        </testcase>
        <testcase classname="src/test/components/RoleBuilder/steps/ReviewStep.test.tsx" name="ReviewStep &gt; ability steps &gt; shows step order and modifier" time="0.001534417">
        </testcase>
        <testcase classname="src/test/components/RoleBuilder/steps/ReviewStep.test.tsx" name="ReviewStep &gt; ability steps &gt; shows descriptive modifier labels instead of raw values" time="0.003113834">
        </testcase>
        <testcase classname="src/test/components/RoleBuilder/steps/ReviewStep.test.tsx" name="ReviewStep &gt; ability steps &gt; shows no ability steps message when empty" time="0.001688042">
        </testcase>
        <testcase classname="src/test/components/RoleBuilder/steps/ReviewStep.test.tsx" name="ReviewStep &gt; win conditions &gt; shows win conditions" time="0.002471083">
        </testcase>
        <testcase classname="src/test/components/RoleBuilder/steps/ReviewStep.test.tsx" name="ReviewStep &gt; win conditions &gt; shows no win conditions message when empty" time="0.002480708">
        </testcase>
        <testcase classname="src/test/components/RoleBuilder/steps/ReviewStep.test.tsx" name="ReviewStep &gt; validation display &gt; shows Validating... when validation is null" time="0.0017075">
        </testcase>
        <testcase classname="src/test/components/RoleBuilder/steps/ReviewStep.test.tsx" name="ReviewStep &gt; validation display &gt; shows validation errors in red" time="0.001924416">
        </testcase>
        <testcase classname="src/test/components/RoleBuilder/steps/ReviewStep.test.tsx" name="ReviewStep &gt; validation display &gt; shows validation warnings in yellow" time="0.001058583">
        </testcase>
        <testcase classname="src/test/components/RoleBuilder/steps/ReviewStep.test.tsx" name="ReviewStep &gt; validation display &gt; shows valid status when validation passes" time="0.00100975">
        </testcase>
    </testsuite>
    <testsuite name="src/test/components/RoleBuilder/steps/StepList.test.tsx" timestamp="2026-09-16T22:38:27.275Z" hostname="Jennys-MacBook-Air.local" tests="17" failures="0" errors="0" skipped="0" time="0.189746875">
        <testcase classname="src/test/components/RoleBuilder/steps/StepList.test.tsx" name="StepList &gt; rendering &gt; renders each step with its order and ability name" time="0.047187416">
        </testcase>
        <testcase classname="src/test/components/RoleBuilder/steps/StepList.test.tsx" name="StepList &gt; rendering &gt; renders nothing for an empty step list" time="0.001216542">
        </testcase>
        <testcase classname="src/test/components/RoleBuilder/steps/StepList.test.tsx" name="StepList &gt; modifier control &gt; hides the modifier dropdown on the first step" time="0.015026916">
        </testcase>
        <testcase classname="src/test/components/RoleBuilder/steps/StepList.test.tsx" name="StepList &gt; modifier control &gt; shows the Then: label on subsequent steps" time="0.003076708">
        </testcase>
        <testcase classname="src/test/components/RoleBuilder/steps/StepList.test.tsx" name="StepList &gt; modifier control &gt; offers every modifier except none, with descriptive labels" time="0.039541">
        </testcase>
        <testcase classname="src/test/components/RoleBuilder/steps/StepList.test.tsx" name="StepList &gt; modifier control &gt; reflects the step modifier as the select value" time="0.003539959">
        </testcase>
        <testcase classname="src/test/components/RoleBuilder/steps/StepList.test.tsx" name="StepList &gt; modifier control &gt; reports the step index and raw modifier value on change" time="0.004802">
        </testcase>
        <testcase classname="src/test/components/RoleBuilder/steps/StepList.test.tsx" name="StepList &gt; reordering and removal &gt; disables move up on the first step" time="0.005389625">
        </testcase>
        <testcase classname="src/test/components/RoleBuilder/steps/StepList.test.tsx" name="StepList &gt; reordering and removal &gt; disables move down on the last step" time="0.019703">
        </testcase>
        <testcase classname="src/test/components/RoleBuilder/steps/StepList.test.tsx" name="StepList &gt; reordering and removal &gt; reports the index on move up" time="0.012144458">
        </testcase>
        <testcase classname="src/test/components/RoleBuilder/steps/StepList.test.tsx" name="StepList &gt; reordering and removal &gt; reports the index on move down" time="0.012699375">
        </testcase>
        <testcase classname="src/test/components/RoleBuilder/steps/StepList.test.tsx" name="StepList &gt; reordering and removal &gt; reports the index on remove" time="0.0065945">
        </testcase>
        <testcase classname="src/test/components/RoleBuilder/steps/StepList.test.tsx" name="StepList &gt; parameter inputs &gt; renders parameter inputs using the schema resolved for the step ability type" time="0.012443208">
        </testcase>
        <testcase classname="src/test/components/RoleBuilder/steps/StepList.test.tsx" name="StepList &gt; parameter inputs &gt; renders no parameter inputs when the schema cannot be resolved" time="0.0009225">
        </testcase>
        <testcase classname="src/test/components/RoleBuilder/steps/StepList.test.tsx" name="StepList &gt; parameter inputs &gt; reports the step index, key and raw value on parameter change" time="0.002307417">
        </testcase>
        <testcase classname="src/test/components/RoleBuilder/steps/StepList.test.tsx" name="ReadOnlyStepList &gt; lists each step with its order and ability name" time="0.000729292">
        </testcase>
        <testcase classname="src/test/components/RoleBuilder/steps/StepList.test.tsx" name="ReadOnlyStepList &gt; renders no interactive controls" time="0.000541208">
        </testcase>
    </testsuite>
    <testsuite name="src/test/components/RoleBuilder/steps/StepParameterInputs.test.tsx" timestamp="2026-09-16T22:38:27.276Z" hostname="Jennys-MacBook-Air.local" tests="18" failures="0" errors="0" skipped="0" time="0.149459791">
        <testcase classname="src/test/components/RoleBuilder/steps/StepParameterInputs.test.tsx" name="StepParameterInputs &gt; no-render paths &gt; renders nothing when schema has no properties key" time="0.005520667">
        </testcase>
        <testcase classname="src/test/components/RoleBuilder/steps/StepParameterInputs.test.tsx" name="StepParameterInputs &gt; no-render paths &gt; renders nothing when properties is empty" time="0.000589916">
        </testcase>
        <testcase classname="src/test/components/RoleBuilder/steps/StepParameterInputs.test.tsx" name="StepParameterInputs &gt; no-render paths &gt; skips properties with an unknown type" time="0.013743958">
        </testcase>
        <testcase classname="src/test/components/RoleBuilder/steps/StepParameterInputs.test.tsx" name="StepParameterInputs &gt; enum string parameter &gt; renders a select containing every enum option plus the empty placeholder" time="0.06045625">
        </testcase>
        <testcase classname="src/test/components/RoleBuilder/steps/StepParameterInputs.test.tsx" name="StepParameterInputs &gt; enum string parameter &gt; reflects the current value" time="0.0109185">
        </testcase>
        <testcase classname="src/test/components/RoleBuilder/steps/StepParameterInputs.test.tsx" name="StepParameterInputs &gt; enum string parameter &gt; emits the raw selected value through onChange" time="0.01338875">
        </testcase>
        <testcase classname="src/test/components/RoleBuilder/steps/StepParameterInputs.test.tsx" name="StepParameterInputs &gt; free string parameter &gt; renders a select backed by STRING_TARGET_OPTIONS" time="0.014872166">
        </testcase>
        <testcase classname="src/test/components/RoleBuilder/steps/StepParameterInputs.test.tsx" name="StepParameterInputs &gt; free string parameter &gt; emits the raw selected value through onChange" time="0.003801333">
        </testcase>
        <testcase classname="src/test/components/RoleBuilder/steps/StepParameterInputs.test.tsx" name="StepParameterInputs &gt; integer parameter &gt; renders a number input with min 1" time="0.005196792">
        </testcase>
        <testcase classname="src/test/components/RoleBuilder/steps/StepParameterInputs.test.tsx" name="StepParameterInputs &gt; integer parameter &gt; falls back to the schema default when the value is absent" time="0.001561625">
        </testcase>
        <testcase classname="src/test/components/RoleBuilder/steps/StepParameterInputs.test.tsx" name="StepParameterInputs &gt; integer parameter &gt; falls back to 1 when neither value nor schema default exists" time="0.0049505">
        </testcase>
        <testcase classname="src/test/components/RoleBuilder/steps/StepParameterInputs.test.tsx" name="StepParameterInputs &gt; integer parameter &gt; emits the raw string input through onChange, leaving coercion to the caller" time="0.003674">
        </testcase>
        <testcase classname="src/test/components/RoleBuilder/steps/StepParameterInputs.test.tsx" name="StepParameterInputs &gt; array parameter &gt; renders array values as a comma-separated text input" time="0.001571708">
        </testcase>
        <testcase classname="src/test/components/RoleBuilder/steps/StepParameterInputs.test.tsx" name="StepParameterInputs &gt; array parameter &gt; renders an empty string when the array value is absent" time="0.001188833">
        </testcase>
        <testcase classname="src/test/components/RoleBuilder/steps/StepParameterInputs.test.tsx" name="StepParameterInputs &gt; array parameter &gt; emits the raw text through onChange, leaving parsing to the caller" time="0.001401083">
        </testcase>
        <testcase classname="src/test/components/RoleBuilder/steps/StepParameterInputs.test.tsx" name="StepParameterInputs &gt; labels and ids &gt; marks required params with an asterisk and optional params as (optional)" time="0.001918625">
        </testcase>
        <testcase classname="src/test/components/RoleBuilder/steps/StepParameterInputs.test.tsx" name="StepParameterInputs &gt; labels and ids &gt; treats every param as optional when the schema declares no required list" time="0.000590125">
        </testcase>
        <testcase classname="src/test/components/RoleBuilder/steps/StepParameterInputs.test.tsx" name="StepParameterInputs &gt; labels and ids &gt; namespaces input ids by step index so multiple steps do not collide" time="0.00284275">
        </testcase>
    </testsuite>
    <testsuite name="src/test/components/RoleBuilder/steps/WinConditionsStep.test.tsx" timestamp="2026-09-16T22:38:27.276Z" hostname="Jennys-MacBook-Air.local" tests="11" failures="0" errors="0" skipped="0" time="0.202342958">
        <testcase classname="src/test/components/RoleBuilder/steps/WinConditionsStep.test.tsx" name="WinConditionsStep &gt; rendering &gt; renders Add Condition button" time="0.105891375">
        </testcase>
        <testcase classname="src/test/components/RoleBuilder/steps/WinConditionsStep.test.tsx" name="WinConditionsStep &gt; rendering &gt; shows empty state when no win conditions" time="0.002070208">
        </testcase>
        <testcase classname="src/test/components/RoleBuilder/steps/WinConditionsStep.test.tsx" name="WinConditionsStep &gt; rendering &gt; renders existing win conditions" time="0.01019725">
        </testcase>
        <testcase classname="src/test/components/RoleBuilder/steps/WinConditionsStep.test.tsx" name="WinConditionsStep &gt; adding conditions &gt; clicking Add Condition increases the list" time="0.014202583">
        </testcase>
        <testcase classname="src/test/components/RoleBuilder/steps/WinConditionsStep.test.tsx" name="WinConditionsStep &gt; removing conditions &gt; remove button removes the condition" time="0.00800325">
        </testcase>
        <testcase classname="src/test/components/RoleBuilder/steps/WinConditionsStep.test.tsx" name="WinConditionsStep &gt; primary toggle &gt; setting primary on one unsets others" time="0.019942959">
        </testcase>
        <testcase classname="src/test/components/RoleBuilder/steps/WinConditionsStep.test.tsx" name="WinConditionsStep &gt; label clarity &gt; renders &quot;Primary win condition&quot; label text" time="0.001982208">
        </testcase>
        <testcase classname="src/test/components/RoleBuilder/steps/WinConditionsStep.test.tsx" name="WinConditionsStep &gt; label clarity &gt; renders &quot;(Only one allowed per role)&quot; subtext" time="0.00627025">
        </testcase>
        <testcase classname="src/test/components/RoleBuilder/steps/WinConditionsStep.test.tsx" name="WinConditionsStep &gt; label clarity &gt; renders &quot;Independent win&quot; label text" time="0.005676292">
        </testcase>
        <testcase classname="src/test/components/RoleBuilder/steps/WinConditionsStep.test.tsx" name="WinConditionsStep &gt; label clarity &gt; renders &quot;(Wins regardless of team outcome)&quot; subtext" time="0.0082075">
        </testcase>
        <testcase classname="src/test/components/RoleBuilder/steps/WinConditionsStep.test.tsx" name="WinConditionsStep &gt; condition type dropdown &gt; changing condition type calls onChange" time="0.016303834">
        </testcase>
    </testsuite>
</testsuites>
