<?xml version="1.0" encoding="UTF-8" ?>
<testsuites name="vitest tests" tests="741" failures="0" errors="0" time="5.66">
    <testsuite name="src/test/App.test.tsx" timestamp="2026-09-16T22:32:03.952Z" hostname="Jennys-MacBook-Air.local" tests="3" failures="0" errors="0" skipped="0" time="0.094346042">
        <testcase classname="src/test/App.test.tsx" name="App &gt; rendering &gt; renders without crashing" time="0.04388025">
            <system-err>
⚠️ React Router Future Flag Warning: React Router will begin wrapping state updates in `React.startTransition` in v7. You can use the `v7_startTransition` future flag to opt-in early. For more information, see https://reactrouter.com/v6/upgrading/future#v7_starttransition.
⚠️ React Router Future Flag Warning: Relative route resolution within Splat routes is changing in v7. You can use the `v7_relativeSplatPath` future flag to opt-in early. For more information, see https://reactrouter.com/v6/upgrading/future#v7_relativesplatpath.

            </system-err>
        </testcase>
        <testcase classname="src/test/App.test.tsx" name="App &gt; rendering &gt; keeps the navigation shell visible while bootstrap is pending" time="0.038594917">
        </testcase>
        <testcase classname="src/test/App.test.tsx" name="App &gt; rendering &gt; shows the bootstrap failure without rendering catalog routes" time="0.011294875">
        </testcase>
    </testsuite>
    <testsuite name="src/test/routes.test.tsx" timestamp="2026-09-16T22:32:03.953Z" hostname="Jennys-MacBook-Air.local" tests="7" failures="0" errors="0" skipped="0" time="0.105507834">
        <testcase classname="src/test/routes.test.tsx" name="AppRoutes &gt; fails immediately if a test attempts a games request through any HTTP method" time="0.002188625">
        </testcase>
        <testcase classname="src/test/routes.test.tsx" name="AppRoutes &gt; fails immediately if a test attempts a catalog read through HTTP" time="0.000815708">
        </testcase>
        <testcase classname="src/test/routes.test.tsx" name="AppRoutes &gt; home route &gt; renders Home page at &quot;/&quot; path" time="0.036482625">
            <system-err>
⚠️ React Router Future Flag Warning: React Router will begin wrapping state updates in `React.startTransition` in v7. You can use the `v7_startTransition` future flag to opt-in early. For more information, see https://reactrouter.com/v6/upgrading/future#v7_starttransition.
⚠️ React Router Future Flag Warning: Relative route resolution within Splat routes is changing in v7. You can use the `v7_relativeSplatPath` future flag to opt-in early. For more information, see https://reactrouter.com/v6/upgrading/future#v7_relativesplatpath.

            </system-err>
        </testcase>
        <testcase classname="src/test/routes.test.tsx" name="AppRoutes &gt; roles route &gt; renders Roles page at &quot;/roles&quot; path" time="0.024449333">
        </testcase>
        <testcase classname="src/test/routes.test.tsx" name="AppRoutes &gt; role builder route &gt; renders RoleBuilder page at &quot;/roles/new&quot; path" time="0.014930208">
        </testcase>
        <testcase classname="src/test/routes.test.tsx" name="AppRoutes &gt; wake order route &gt; renders WakeOrderResolution page at &quot;/games/new/wake-order&quot; path with state" time="0.021580875">
        </testcase>
        <testcase classname="src/test/routes.test.tsx" name="AppRoutes &gt; wake order route &gt; redirects to /games/new when accessed without state" time="0.003574083">
        </testcase>
    </testsuite>
    <testsuite name="src/test/adapters/role_adapters.test.ts" timestamp="2026-09-16T22:32:03.954Z" hostname="Jennys-MacBook-Air.local" tests="4" failures="0" errors="0" skipped="0" time="0.001883666">
        <testcase classname="src/test/adapters/role_adapters.test.ts" name="role adapters &gt; merges list metadata and detail fields into engine input" time="0.000954625">
        </testcase>
        <testcase classname="src/test/adapters/role_adapters.test.ts" name="role adapters &gt; normalizes absent and runtime-null fields and preserves empty steps" time="0.000165667">
        </testcase>
        <testcase classname="src/test/adapters/role_adapters.test.ts" name="role adapters &gt; converts dependencies with the owning role id" time="0.0000945">
        </testcase>
        <testcase classname="src/test/adapters/role_adapters.test.ts" name="role adapters &gt; converts drafts for local preview with preview-inert count metadata" time="0.000204667">
        </testcase>
    </testsuite>
    <testsuite name="src/test/api/abilities.api.test.ts" timestamp="2026-09-16T22:32:03.954Z" hostname="Jennys-MacBook-Air.local" tests="2" failures="0" errors="0" skipped="0" time="0.004353833">
        <testcase classname="src/test/api/abilities.api.test.ts" name="abilitiesApi &gt; list &gt; fetches all abilities" time="0.002919">
        </testcase>
        <testcase classname="src/test/api/abilities.api.test.ts" name="abilitiesApi &gt; list &gt; returns empty array when no abilities" time="0.000238958">
        </testcase>
    </testsuite>
    <testsuite name="src/test/api/errors.api.test.ts" timestamp="2026-09-16T22:32:03.954Z" hostname="Jennys-MacBook-Air.local" tests="15" failures="0" errors="0" skipped="0" time="0.005065209">
        <testcase classname="src/test/api/errors.api.test.ts" name="extractApiErrorMessages &gt; pydantic 422 detail arrays &gt; reads the message out of a single-item detail array" time="0.001289417">
        </testcase>
        <testcase classname="src/test/api/errors.api.test.ts" name="extractApiErrorMessages &gt; pydantic 422 detail arrays &gt; reads the message for an over-long name" time="0.000221917">
        </testcase>
        <testcase classname="src/test/api/errors.api.test.ts" name="extractApiErrorMessages &gt; pydantic 422 detail arrays &gt; reports every entry when several fields fail" time="0.000172542">
        </testcase>
        <testcase classname="src/test/api/errors.api.test.ts" name="extractApiErrorMessages &gt; pydantic 422 detail arrays &gt; joins nested locations into a dotted path" time="0.001187">
        </testcase>
        <testcase classname="src/test/api/errors.api.test.ts" name="extractApiErrorMessages &gt; pydantic 422 detail arrays &gt; falls back to the bare message when loc carries no field" time="0.000411708">
        </testcase>
        <testcase classname="src/test/api/errors.api.test.ts" name="extractApiErrorMessages &gt; pydantic 422 detail arrays &gt; skips entries that carry no message" time="0.000116709">
        </testcase>
        <testcase classname="src/test/api/errors.api.test.ts" name="extractApiErrorMessages &gt; pydantic 422 detail arrays &gt; returns null when the detail array yields no usable message" time="0.000089">
        </testcase>
        <testcase classname="src/test/api/errors.api.test.ts" name="extractApiErrorMessages &gt; domain-error string details &gt; reads a 400 string detail" time="0.000078542">
        </testcase>
        <testcase classname="src/test/api/errors.api.test.ts" name="extractApiErrorMessages &gt; domain-error string details &gt; reads a 403 string detail" time="0.00007075">
        </testcase>
        <testcase classname="src/test/api/errors.api.test.ts" name="extractApiErrorMessages &gt; domain-error string details &gt; reads a 404 string detail" time="0.000072625">
        </testcase>
        <testcase classname="src/test/api/errors.api.test.ts" name="extractApiErrorMessages &gt; domain-error string details &gt; ignores a blank string detail" time="0.000054042">
        </testcase>
        <testcase classname="src/test/api/errors.api.test.ts" name="extractApiErrorMessages &gt; errors the caller must handle itself &gt; returns null for a network error with no response" time="0.000056875">
        </testcase>
        <testcase classname="src/test/api/errors.api.test.ts" name="extractApiErrorMessages &gt; errors the caller must handle itself &gt; returns null for a 500 with no detail" time="0.00006425">
        </testcase>
        <testcase classname="src/test/api/errors.api.test.ts" name="extractApiErrorMessages &gt; errors the caller must handle itself &gt; returns null for an HTML error body" time="0.000060209">
        </testcase>
        <testcase classname="src/test/api/errors.api.test.ts" name="extractApiErrorMessages &gt; errors the caller must handle itself &gt; returns null for a non-error value" time="0.00006175">
        </testcase>
    </testsuite>
    <testsuite name="src/test/api/roles.api.test.ts" timestamp="2026-09-16T22:32:03.955Z" hostname="Jennys-MacBook-Air.local" tests="11" failures="0" errors="0" skipped="0" time="0.01186525">
        <testcase classname="src/test/api/roles.api.test.ts" name="rolesApi &gt; list &gt; fetches roles without parameters" time="0.005081458">
        </testcase>
        <testcase classname="src/test/api/roles.api.test.ts" name="rolesApi &gt; list &gt; passes team filter" time="0.000664417">
        </testcase>
        <testcase classname="src/test/api/roles.api.test.ts" name="rolesApi &gt; list &gt; passes visibility filter as array" time="0.000607333">
        </testcase>
        <testcase classname="src/test/api/roles.api.test.ts" name="rolesApi &gt; list &gt; passes combined parameters" time="0.000772292">
        </testcase>
        <testcase classname="src/test/api/roles.api.test.ts" name="rolesApi &gt; list &gt; propagates API errors" time="0.001614292">
        </testcase>
        <testcase classname="src/test/api/roles.api.test.ts" name="rolesApi &gt; getById &gt; fetches and returns the role detail projection" time="0.000205625">
        </testcase>
        <testcase classname="src/test/api/roles.api.test.ts" name="rolesApi &gt; validate &gt; posts draft to /roles/validate" time="0.000726667">
        </testcase>
        <testcase classname="src/test/api/roles.api.test.ts" name="rolesApi &gt; validate &gt; returns validation errors from backend" time="0.000240083">
        </testcase>
        <testcase classname="src/test/api/roles.api.test.ts" name="rolesApi &gt; checkName &gt; gets /roles/check-name with name param" time="0.000140458">
        </testcase>
        <testcase classname="src/test/api/roles.api.test.ts" name="rolesApi &gt; checkName &gt; returns available for unique name" time="0.000116083">
        </testcase>
        <testcase classname="src/test/api/roles.api.test.ts" name="rolesApi &gt; create &gt; posts draft to /roles" time="0.000187625">
        </testcase>
    </testsuite>
    <testsuite name="src/test/components/ErrorBanner.test.tsx" timestamp="2026-09-16T22:32:03.956Z" hostname="Jennys-MacBook-Air.local" tests="5" failures="0" errors="0" skipped="0" time="0.066619542">
        <testcase classname="src/test/components/ErrorBanner.test.tsx" name="ErrorBanner &gt; renders the error message" time="0.04555325">
        </testcase>
        <testcase classname="src/test/components/ErrorBanner.test.tsx" name="ErrorBanner &gt; has role=&quot;alert&quot;" time="0.011622375">
        </testcase>
        <testcase classname="src/test/components/ErrorBanner.test.tsx" name="ErrorBanner &gt; renders dismiss button when onDismiss is provided" time="0.0042545">
        </testcase>
        <testcase classname="src/test/components/ErrorBanner.test.tsx" name="ErrorBanner &gt; does not render dismiss button when onDismiss is not provided" time="0.001576292">
        </testcase>
        <testcase classname="src/test/components/ErrorBanner.test.tsx" name="ErrorBanner &gt; renders help text when provided" time="0.002686041">
        </testcase>
    </testsuite>
    <testsuite name="src/test/components/Header.test.tsx" timestamp="2026-09-16T22:32:03.956Z" hostname="Jennys-MacBook-Air.local" tests="6" failures="0" errors="0" skipped="0" time="0.106294791">
        <testcase classname="src/test/components/Header.test.tsx" name="Header &gt; rendering &gt; renders header element" time="0.064914375">
            <system-err>
⚠️ React Router Future Flag Warning: React Router will begin wrapping state updates in `React.startTransition` in v7. You can use the `v7_startTransition` future flag to opt-in early. For more information, see https://reactrouter.com/v6/upgrading/future#v7_starttransition.
⚠️ React Router Future Flag Warning: Relative route resolution within Splat routes is changing in v7. You can use the `v7_relativeSplatPath` future flag to opt-in early. For more information, see https://reactrouter.com/v6/upgrading/future#v7_relativesplatpath.

            </system-err>
        </testcase>
        <testcase classname="src/test/components/Header.test.tsx" name="Header &gt; rendering &gt; displays YourWolf branding" time="0.002267458">
        </testcase>
        <testcase classname="src/test/components/Header.test.tsx" name="Header &gt; navigation &gt; has link to home page" time="0.002753042">
        </testcase>
        <testcase classname="src/test/components/Header.test.tsx" name="Header &gt; hamburger button &gt; renders hamburger button when onToggleSidebar is provided" time="0.008337917">
        </testcase>
        <testcase classname="src/test/components/Header.test.tsx" name="Header &gt; hamburger button &gt; does not render hamburger button when onToggleSidebar is not provided" time="0.003628458">
        </testcase>
        <testcase classname="src/test/components/Header.test.tsx" name="Header &gt; hamburger button &gt; calls onToggleSidebar when hamburger button is clicked" time="0.023301209">
        </testcase>
    </testsuite>
    <testsuite name="src/test/components/Layout.test.tsx" timestamp="2026-09-16T22:32:03.957Z" hostname="Jennys-MacBook-Air.local" tests="8" failures="0" errors="0" skipped="0" time="0.134725416">
        <testcase classname="src/test/components/Layout.test.tsx" name="Layout &gt; structure &gt; renders Header component" time="0.026850125">
            <system-err>
⚠️ React Router Future Flag Warning: React Router will begin wrapping state updates in `React.startTransition` in v7. You can use the `v7_startTransition` future flag to opt-in early. For more information, see https://reactrouter.com/v6/upgrading/future#v7_starttransition.
⚠️ React Router Future Flag Warning: Relative route resolution within Splat routes is changing in v7. You can use the `v7_relativeSplatPath` future flag to opt-in early. For more information, see https://reactrouter.com/v6/upgrading/future#v7_relativesplatpath.

            </system-err>
        </testcase>
        <testcase classname="src/test/components/Layout.test.tsx" name="Layout &gt; structure &gt; renders Sidebar component" time="0.00167475">
        </testcase>
        <testcase classname="src/test/components/Layout.test.tsx" name="Layout &gt; structure &gt; renders main content area" time="0.0429315">
        </testcase>
        <testcase classname="src/test/components/Layout.test.tsx" name="Layout &gt; children rendering &gt; renders children content" time="0.008806041">
        </testcase>
        <testcase classname="src/test/components/Layout.test.tsx" name="Layout &gt; sidebar toggle &gt; passes onToggleSidebar to Header" time="0.001156959">
        </testcase>
        <testcase classname="src/test/components/Layout.test.tsx" name="Layout &gt; sidebar toggle &gt; sidebar starts closed" time="0.000957208">
        </testcase>
        <testcase classname="src/test/components/Layout.test.tsx" name="Layout &gt; sidebar toggle &gt; toggles sidebar open when Header toggle is clicked" time="0.028886333">
        </testcase>
        <testcase classname="src/test/components/Layout.test.tsx" name="Layout &gt; sidebar toggle &gt; closes sidebar when Sidebar onClose is called" time="0.022558167">
        </testcase>
    </testsuite>
    <testsuite name="src/test/components/RoleCard.test.tsx" timestamp="2026-09-16T22:32:03.958Z" hostname="Jennys-MacBook-Air.local" tests="18" failures="0" errors="0" skipped="0" time="0.151315041">
        <testcase classname="src/test/components/RoleCard.test.tsx" name="RoleCard &gt; rendering &gt; renders role name" time="0.050401791">
        </testcase>
        <testcase classname="src/test/components/RoleCard.test.tsx" name="RoleCard &gt; rendering &gt; renders role description" time="0.002168292">
        </testcase>
        <testcase classname="src/test/components/RoleCard.test.tsx" name="RoleCard &gt; rendering &gt; shows default description when none provided" time="0.00492925">
        </testcase>
        <testcase classname="src/test/components/RoleCard.test.tsx" name="RoleCard &gt; rendering &gt; renders team badge" time="0.014942375">
        </testcase>
        <testcase classname="src/test/components/RoleCard.test.tsx" name="RoleCard &gt; rendering &gt; renders wake order when present" time="0.001615209">
        </testcase>
        <testcase classname="src/test/components/RoleCard.test.tsx" name="RoleCard &gt; rendering &gt; does not render wake order when null" time="0.001766083">
        </testcase>
        <testcase classname="src/test/components/RoleCard.test.tsx" name="RoleCard &gt; rendering &gt; shows official badge for official roles" time="0.006126916">
        </testcase>
        <testcase classname="src/test/components/RoleCard.test.tsx" name="RoleCard &gt; rendering &gt; does not show official badge for private roles" time="0.009922958">
        </testcase>
        <testcase classname="src/test/components/RoleCard.test.tsx" name="RoleCard &gt; rendering &gt; does not show official badge for public roles" time="0.004420916">
        </testcase>
        <testcase classname="src/test/components/RoleCard.test.tsx" name="RoleCard &gt; team colors &gt; renders village team with correct label" time="0.006347292">
        </testcase>
        <testcase classname="src/test/components/RoleCard.test.tsx" name="RoleCard &gt; team colors &gt; renders werewolf team with correct label" time="0.0070715">
        </testcase>
        <testcase classname="src/test/components/RoleCard.test.tsx" name="RoleCard &gt; team colors &gt; renders vampire team with correct label" time="0.005032291">
        </testcase>
        <testcase classname="src/test/components/RoleCard.test.tsx" name="RoleCard &gt; team colors &gt; renders alien team with correct label" time="0.003260084">
        </testcase>
        <testcase classname="src/test/components/RoleCard.test.tsx" name="RoleCard &gt; team colors &gt; renders neutral team with correct label" time="0.001164125">
        </testcase>
        <testcase classname="src/test/components/RoleCard.test.tsx" name="RoleCard &gt; accessibility &gt; has role name as heading" time="0.019625542">
        </testcase>
        <testcase classname="src/test/components/RoleCard.test.tsx" name="RoleCard &gt; copy count badge &gt; renders range badge for multi-copy role with different min/max" time="0.003654667">
        </testcase>
        <testcase classname="src/test/components/RoleCard.test.tsx" name="RoleCard &gt; copy count badge &gt; renders fixed badge for multi-copy role with same min/max" time="0.002724917">
        </testcase>
        <testcase classname="src/test/components/RoleCard.test.tsx" name="RoleCard &gt; copy count badge &gt; does not render badge for single-copy role" time="0.002708875">
        </testcase>
    </testsuite>
    <testsuite name="src/test/components/ScriptReader.test.tsx" timestamp="2026-09-16T22:32:03.959Z" hostname="Jennys-MacBook-Air.local" tests="10" failures="0" errors="0" skipped="0" time="0.073755625">
        <testcase classname="src/test/components/ScriptReader.test.tsx" name="ScriptReader &gt; shows first action initially" time="0.040909917">
        </testcase>
        <testcase classname="src/test/components/ScriptReader.test.tsx" name="ScriptReader &gt; shows role name for current action" time="0.002287333">
        </testcase>
        <testcase classname="src/test/components/ScriptReader.test.tsx" name="ScriptReader &gt; advances to next action on Next click" time="0.0048365">
        </testcase>
        <testcase classname="src/test/components/ScriptReader.test.tsx" name="ScriptReader &gt; goes back on Previous click" time="0.006188">
        </testcase>
        <testcase classname="src/test/components/ScriptReader.test.tsx" name="ScriptReader &gt; disables Previous button on first action" time="0.001847083">
        </testcase>
        <testcase classname="src/test/components/ScriptReader.test.tsx" name="ScriptReader &gt; shows Start Discussion on last action" time="0.002522166">
        </testcase>
        <testcase classname="src/test/components/ScriptReader.test.tsx" name="ScriptReader &gt; calls onComplete on last action click" time="0.007068334">
        </testcase>
        <testcase classname="src/test/components/ScriptReader.test.tsx" name="ScriptReader &gt; shows progress indicator" time="0.001481458">
        </testcase>
        <testcase classname="src/test/components/ScriptReader.test.tsx" name="ScriptReader &gt; updates progress indicator on navigation" time="0.004147584">
        </testcase>
        <testcase classname="src/test/components/ScriptReader.test.tsx" name="ScriptReader &gt; shows upcoming roles in preview" time="0.001444041">
        </testcase>
    </testsuite>
    <testsuite name="src/test/components/Sidebar.test.tsx" timestamp="2026-09-16T22:32:03.959Z" hostname="Jennys-MacBook-Air.local" tests="15" failures="0" errors="0" skipped="0" time="0.195771916">
        <testcase classname="src/test/components/Sidebar.test.tsx" name="Sidebar &gt; rendering &gt; renders aside element" time="0.057308166">
            <system-err>
⚠️ React Router Future Flag Warning: React Router will begin wrapping state updates in `React.startTransition` in v7. You can use the `v7_startTransition` future flag to opt-in early. For more information, see https://reactrouter.com/v6/upgrading/future#v7_starttransition.
⚠️ React Router Future Flag Warning: Relative route resolution within Splat routes is changing in v7. You can use the `v7_relativeSplatPath` future flag to opt-in early. For more information, see https://reactrouter.com/v6/upgrading/future#v7_relativesplatpath.

            </system-err>
        </testcase>
        <testcase classname="src/test/components/Sidebar.test.tsx" name="Sidebar &gt; rendering &gt; renders navigation" time="0.022318334">
        </testcase>
        <testcase classname="src/test/components/Sidebar.test.tsx" name="Sidebar &gt; rendering &gt; has sidebar CSS class" time="0.002739666">
        </testcase>
        <testcase classname="src/test/components/Sidebar.test.tsx" name="Sidebar &gt; navigation links &gt; has Home link" time="0.02145375">
        </testcase>
        <testcase classname="src/test/components/Sidebar.test.tsx" name="Sidebar &gt; navigation links &gt; has Roles link" time="0.004528209">
        </testcase>
        <testcase classname="src/test/components/Sidebar.test.tsx" name="Sidebar &gt; navigation links &gt; has New Role link" time="0.015761083">
        </testcase>
        <testcase classname="src/test/components/Sidebar.test.tsx" name="Sidebar &gt; navigation links &gt; displays Home icon" time="0.011632792">
        </testcase>
        <testcase classname="src/test/components/Sidebar.test.tsx" name="Sidebar &gt; navigation links &gt; displays Roles icon" time="0.001899375">
        </testcase>
        <testcase classname="src/test/components/Sidebar.test.tsx" name="Sidebar &gt; mobile open/close behavior &gt; adds sidebar-open class when isOpen is true" time="0.003469583">
        </testcase>
        <testcase classname="src/test/components/Sidebar.test.tsx" name="Sidebar &gt; mobile open/close behavior &gt; does not add sidebar-open class when isOpen is false" time="0.001544917">
        </testcase>
        <testcase classname="src/test/components/Sidebar.test.tsx" name="Sidebar &gt; mobile open/close behavior &gt; renders backdrop when isOpen is true" time="0.001411041">
        </testcase>
        <testcase classname="src/test/components/Sidebar.test.tsx" name="Sidebar &gt; mobile open/close behavior &gt; does not render backdrop when isOpen is false" time="0.001221417">
        </testcase>
        <testcase classname="src/test/components/Sidebar.test.tsx" name="Sidebar &gt; mobile open/close behavior &gt; calls onClose when backdrop is clicked" time="0.019485083">
        </testcase>
        <testcase classname="src/test/components/Sidebar.test.tsx" name="Sidebar &gt; mobile open/close behavior &gt; calls onClose when a nav link is clicked" time="0.016071166">
        </testcase>
        <testcase classname="src/test/components/Sidebar.test.tsx" name="Sidebar &gt; mobile open/close behavior &gt; does not call onClose on nav click when onClose is not provided" time="0.013532042">
        </testcase>
    </testsuite>
    <testsuite name="src/test/components/Timer.test.tsx" timestamp="2026-09-16T22:32:03.960Z" hostname="Jennys-MacBook-Air.local" tests="7" failures="0" errors="0" skipped="0" time="0.064728667">
        <testcase classname="src/test/components/Timer.test.tsx" name="Timer &gt; displays initial time correctly" time="0.0373465">
        </testcase>
        <testcase classname="src/test/components/Timer.test.tsx" name="Timer &gt; displays single-digit seconds with leading zero" time="0.001990542">
        </testcase>
        <testcase classname="src/test/components/Timer.test.tsx" name="Timer &gt; counts down each second" time="0.00274125">
        </testcase>
        <testcase classname="src/test/components/Timer.test.tsx" name="Timer &gt; calls onComplete when timer reaches zero" time="0.001609917">
        </testcase>
        <testcase classname="src/test/components/Timer.test.tsx" name="Timer &gt; can be paused and resumed" time="0.013968834">
        </testcase>
        <testcase classname="src/test/components/Timer.test.tsx" name="Timer &gt; calls onComplete when Skip to Voting is clicked" time="0.003719709">
        </testcase>
        <testcase classname="src/test/components/Timer.test.tsx" name="Timer &gt; does not auto-start when autoStart is false" time="0.002740042">
        </testcase>
    </testsuite>
    <testsuite name="src/test/context/repository_context.test.tsx" timestamp="2026-09-16T22:32:03.960Z" hostname="Jennys-MacBook-Air.local" tests="7" failures="0" errors="0" skipped="0" time="0.12155425">
        <testcase classname="src/test/context/repository_context.test.tsx" name="RepositoryProvider &gt; bootstraps repositories before exposing them to children" time="0.066593833">
        </testcase>
        <testcase classname="src/test/context/repository_context.test.tsx" name="RepositoryProvider &gt; surfaces the original bootstrap failure" time="0.007827459">
        </testcase>
        <testcase classname="src/test/context/repository_context.test.tsx" name="RepositoryProvider &gt; surfaces a repository open failure without exposing a repository" time="0.019226125">
        </testcase>
        <testcase classname="src/test/context/repository_context.test.tsx" name="RepositoryProvider &gt; keeps the context value stable across unchanged renders" time="0.003824625">
        </testcase>
        <testcase classname="src/test/context/repository_context.test.tsx" name="RepositoryProvider &gt; closes an owned repository once after bootstrap failure and unmount" time="0.015810208">
        </testcase>
        <testcase classname="src/test/context/repository_context.test.tsx" name="RepositoryProvider &gt; closes an owned repository once when unmounted during bootstrap" time="0.005245125">
        </testcase>
        <testcase classname="src/test/context/repository_context.test.tsx" name="RepositoryProvider &gt; deletes an isolated test database when opening the repository fails" time="0.001903167">
        </testcase>
    </testsuite>
    <testsuite name="src/test/data/conversion.test.ts" timestamp="2026-09-16T22:32:03.961Z" hostname="Jennys-MacBook-Air.local" tests="5" failures="0" errors="0" skipped="0" time="0.005847417">
        <testcase classname="src/test/data/conversion.test.ts" name="seed conversion &gt; converts the shipped catalog with defaults and stable nested ids" time="0.003872625">
        </testcase>
        <testcase classname="src/test/data/conversion.test.ts" name="seed conversion &gt; resolves dependencies by name and rejects unknown ability types" time="0.000720208">
        </testcase>
        <testcase classname="src/test/data/conversion.test.ts" name="seed conversion &gt; rejects generated id collisions in roles, abilities, steps, and dependencies" time="0.000280792">
        </testcase>
        <testcase classname="src/test/data/conversion.test.ts" name="seed conversion &gt; creates private custom roles with a UUID and local defaults" time="0.000434709">
        </testcase>
        <testcase classname="src/test/data/conversion.test.ts" name="seed conversion &gt; exports a positive seed version" time="0.000068417">
        </testcase>
    </testsuite>
    <testsuite name="src/test/data/repositories.test.ts" timestamp="2026-09-16T22:32:03.961Z" hostname="Jennys-MacBook-Air.local" tests="8" failures="0" errors="0" skipped="0" time="0.168107042">
        <testcase classname="src/test/data/repositories.test.ts" name="IndexedDB repositories &gt; bootstraps 30 official roles, 15 abilities, and metadata" time="0.0133565">
        </testcase>
        <testcase classname="src/test/data/repositories.test.ts" name="IndexedDB repositories &gt; does nothing for a matching seed version" time="0.00655675">
        </testcase>
        <testcase classname="src/test/data/repositories.test.ts" name="IndexedDB repositories &gt; lists by team and visibility, gets, puts, deletes, and returns null when missing" time="0.021951542">
        </testcase>
        <testcase classname="src/test/data/repositories.test.ts" name="IndexedDB repositories &gt; stores and loads a game snapshot with null-on-missing semantics" time="0.014180375">
        </testcase>
        <testcase classname="src/test/data/repositories.test.ts" name="IndexedDB repositories &gt; treats malformed game rows as missing" time="0.005293375">
        </testcase>
        <testcase classname="src/test/data/repositories.test.ts" name="IndexedDB repositories &gt; treats malformed snapshot roles and arrays as missing" time="0.036710041">
        </testcase>
        <testcase classname="src/test/data/repositories.test.ts" name="IndexedDB repositories &gt; reseeds official records while preserving custom records and removing stale officials" time="0.03759625">
        </testcase>
        <testcase classname="src/test/data/repositories.test.ts" name="IndexedDB repositories &gt; rolls back every store after a partial seed transaction failure" time="0.031451417">
        </testcase>
    </testsuite>
    <testsuite name="src/test/data/seed_parity.test.ts" timestamp="2026-09-16T22:32:03.962Z" hostname="Jennys-MacBook-Air.local" tests="3" failures="0" errors="0" skipped="0" time="0.004865042">
        <testcase classname="src/test/data/seed_parity.test.ts" name="frontend seed copies &gt; matches the canonical roles file" time="0.002477792">
        </testcase>
        <testcase classname="src/test/data/seed_parity.test.ts" name="frontend seed copies &gt; matches the canonical abilities file" time="0.000547125">
        </testcase>
        <testcase classname="src/test/data/seed_parity.test.ts" name="frontend seed copies &gt; fails when a copied seed is mutated" time="0.001162709">
        </testcase>
    </testsuite>
    <testsuite name="src/test/data/type_compatibility.test.ts" timestamp="2026-09-16T22:32:03.962Z" hostname="Jennys-MacBook-Air.local" tests="1" failures="0" errors="0" skipped="0" time="0.000749167">
        <testcase classname="src/test/data/type_compatibility.test.ts" name="local role records are structurally compatible with transport role views" time="0.000407042">
        </testcase>
    </testsuite>
    <testsuite name="src/test/domain/abilitySteps.test.ts" timestamp="2026-09-16T22:32:03.962Z" hostname="Jennys-MacBook-Air.local" tests="49" failures="0" errors="0" skipped="0" time="0.005437833">
        <testcase classname="src/test/domain/abilitySteps.test.ts" name="abilitySteps &gt; renumberSteps &gt; returns an empty list unchanged" time="0.00065475">
        </testcase>
        <testcase classname="src/test/domain/abilitySteps.test.ts" name="abilitySteps &gt; renumberSteps &gt; assigns 1-based sequential order" time="0.000160416">
        </testcase>
        <testcase classname="src/test/domain/abilitySteps.test.ts" name="abilitySteps &gt; renumberSteps &gt; forces the first step modifier to none" time="0.000098542">
        </testcase>
        <testcase classname="src/test/domain/abilitySteps.test.ts" name="abilitySteps &gt; renumberSteps &gt; promotes a non-first none modifier to and" time="0.000059833">
        </testcase>
        <testcase classname="src/test/domain/abilitySteps.test.ts" name="abilitySteps &gt; renumberSteps &gt; preserves or/if modifiers on non-first steps" time="0.000087458">
        </testcase>
        <testcase classname="src/test/domain/abilitySteps.test.ts" name="abilitySteps &gt; renumberSteps &gt; does not mutate the input steps" time="0.000100042">
        </testcase>
        <testcase classname="src/test/domain/abilitySteps.test.ts" name="abilitySteps &gt; buildInitialParameters &gt; returns an empty object when the schema is undefined" time="0.000080292">
        </testcase>
        <testcase classname="src/test/domain/abilitySteps.test.ts" name="abilitySteps &gt; buildInitialParameters &gt; returns an empty object when the schema has no properties" time="0.000049042">
        </testcase>
        <testcase classname="src/test/domain/abilitySteps.test.ts" name="abilitySteps &gt; buildInitialParameters &gt; seeds integer parameters with the schema default" time="0.000065542">
        </testcase>
        <testcase classname="src/test/domain/abilitySteps.test.ts" name="abilitySteps &gt; buildInitialParameters &gt; seeds integer parameters with 1 when no default is declared" time="0.000067042">
        </testcase>
        <testcase classname="src/test/domain/abilitySteps.test.ts" name="abilitySteps &gt; buildInitialParameters &gt; does not seed non-integer parameters" time="0.000058625">
        </testcase>
        <testcase classname="src/test/domain/abilitySteps.test.ts" name="abilitySteps &gt; getParameterType &gt; returns undefined when the schema is undefined" time="0.000065958">
        </testcase>
        <testcase classname="src/test/domain/abilitySteps.test.ts" name="abilitySteps &gt; getParameterType &gt; returns undefined for an unknown key" time="0.000043042">
        </testcase>
        <testcase classname="src/test/domain/abilitySteps.test.ts" name="abilitySteps &gt; getParameterType &gt; returns the declared property type" time="0.00004425">
        </testcase>
        <testcase classname="src/test/domain/abilitySteps.test.ts" name="abilitySteps &gt; coerceParameterValue &gt; passes through values with no declared type" time="0.000064417">
        </testcase>
        <testcase classname="src/test/domain/abilitySteps.test.ts" name="abilitySteps &gt; coerceParameterValue &gt; passes through string values" time="0.000047833">
        </testcase>
        <testcase classname="src/test/domain/abilitySteps.test.ts" name="abilitySteps &gt; coerceParameterValue &gt; parses an integer input" time="0.000051958">
        </testcase>
        <testcase classname="src/test/domain/abilitySteps.test.ts" name="abilitySteps &gt; coerceParameterValue &gt; falls back to 1 for unparseable integer input" time="0.000040084">
        </testcase>
        <testcase classname="src/test/domain/abilitySteps.test.ts" name="abilitySteps &gt; coerceParameterValue &gt; falls back to 1 for an empty integer input" time="0.000044167">
        </testcase>
        <testcase classname="src/test/domain/abilitySteps.test.ts" name="abilitySteps &gt; coerceParameterValue &gt; clamps integers below 1 up to 1" time="0.000067917">
        </testcase>
        <testcase classname="src/test/domain/abilitySteps.test.ts" name="abilitySteps &gt; coerceParameterValue &gt; parses a comma-separated array input" time="0.000078417">
        </testcase>
        <testcase classname="src/test/domain/abilitySteps.test.ts" name="abilitySteps &gt; coerceParameterValue &gt; drops non-numeric array entries" time="0.000062083">
        </testcase>
        <testcase classname="src/test/domain/abilitySteps.test.ts" name="abilitySteps &gt; coerceParameterValue &gt; returns an empty array for empty array input" time="0.000044916">
        </testcase>
        <testcase classname="src/test/domain/abilitySteps.test.ts" name="abilitySteps &gt; appendAbilityStep &gt; adds the first step with modifier none and order 1" time="0.000088166">
        </testcase>
        <testcase classname="src/test/domain/abilitySteps.test.ts" name="abilitySteps &gt; appendAbilityStep &gt; adds a subsequent step with modifier and, numbered after the last" time="0.0006525">
        </testcase>
        <testcase classname="src/test/domain/abilitySteps.test.ts" name="abilitySteps &gt; appendAbilityStep &gt; seeds parameters from the ability schema" time="0.000211375">
        </testcase>
        <testcase classname="src/test/domain/abilitySteps.test.ts" name="abilitySteps &gt; appendAbilityStep &gt; leaves existing steps untouched" time="0.0001615">
        </testcase>
        <testcase classname="src/test/domain/abilitySteps.test.ts" name="abilitySteps &gt; appendAbilityStep &gt; does not mutate the input steps" time="0.000101208">
        </testcase>
        <testcase classname="src/test/domain/abilitySteps.test.ts" name="abilitySteps &gt; removeStepAt &gt; removes the step at the index and renumbers the rest" time="0.000109959">
        </testcase>
        <testcase classname="src/test/domain/abilitySteps.test.ts" name="abilitySteps &gt; removeStepAt &gt; promotes the new first step to modifier none" time="0.000058208">
        </testcase>
        <testcase classname="src/test/domain/abilitySteps.test.ts" name="abilitySteps &gt; removeStepAt &gt; does not mutate the input steps" time="0.000089542">
        </testcase>
        <testcase classname="src/test/domain/abilitySteps.test.ts" name="abilitySteps &gt; moveStepUp &gt; swaps the step with the one above it and renumbers" time="0.000096208">
        </testcase>
        <testcase classname="src/test/domain/abilitySteps.test.ts" name="abilitySteps &gt; moveStepUp &gt; normalizes modifiers after the move" time="0.000054625">
        </testcase>
        <testcase classname="src/test/domain/abilitySteps.test.ts" name="abilitySteps &gt; moveStepUp &gt; returns the steps unchanged when already first" time="0.000055417">
        </testcase>
        <testcase classname="src/test/domain/abilitySteps.test.ts" name="abilitySteps &gt; moveStepUp &gt; does not mutate the input steps" time="0.000051542">
        </testcase>
        <testcase classname="src/test/domain/abilitySteps.test.ts" name="abilitySteps &gt; moveStepDown &gt; swaps the step with the one below it and renumbers" time="0.000088541">
        </testcase>
        <testcase classname="src/test/domain/abilitySteps.test.ts" name="abilitySteps &gt; moveStepDown &gt; returns the steps unchanged when already last" time="0.000035166">
        </testcase>
        <testcase classname="src/test/domain/abilitySteps.test.ts" name="abilitySteps &gt; moveStepDown &gt; preserves an or modifier carried by the moved step" time="0.000064167">
        </testcase>
        <testcase classname="src/test/domain/abilitySteps.test.ts" name="abilitySteps &gt; moveStepDown &gt; does not mutate the input steps" time="0.000049708">
        </testcase>
        <testcase classname="src/test/domain/abilitySteps.test.ts" name="abilitySteps &gt; setStepModifier &gt; sets the modifier on the targeted step only" time="0.000060459">
        </testcase>
        <testcase classname="src/test/domain/abilitySteps.test.ts" name="abilitySteps &gt; setStepModifier &gt; does not renumber or otherwise normalize" time="0.000051583">
        </testcase>
        <testcase classname="src/test/domain/abilitySteps.test.ts" name="abilitySteps &gt; setStepModifier &gt; does not mutate the input steps" time="0.000032875">
        </testcase>
        <testcase classname="src/test/domain/abilitySteps.test.ts" name="abilitySteps &gt; setStepParameter &gt; coerces and sets an integer parameter" time="0.000065167">
        </testcase>
        <testcase classname="src/test/domain/abilitySteps.test.ts" name="abilitySteps &gt; setStepParameter &gt; coerces and sets an array parameter" time="0.00005325">
        </testcase>
        <testcase classname="src/test/domain/abilitySteps.test.ts" name="abilitySteps &gt; setStepParameter &gt; stores a string parameter verbatim" time="0.000048667">
        </testcase>
        <testcase classname="src/test/domain/abilitySteps.test.ts" name="abilitySteps &gt; setStepParameter &gt; merges into existing parameters rather than replacing them" time="0.000049667">
        </testcase>
        <testcase classname="src/test/domain/abilitySteps.test.ts" name="abilitySteps &gt; setStepParameter &gt; leaves other steps untouched" time="0.000040917">
        </testcase>
        <testcase classname="src/test/domain/abilitySteps.test.ts" name="abilitySteps &gt; setStepParameter &gt; passes the value through when the schema is undefined" time="0.000033208">
        </testcase>
        <testcase classname="src/test/domain/abilitySteps.test.ts" name="abilitySteps &gt; setStepParameter &gt; does not mutate the input steps" time="0.0000335">
        </testcase>
    </testsuite>
    <testsuite name="src/test/domain/constants.test.ts" timestamp="2026-09-16T22:32:03.964Z" hostname="Jennys-MacBook-Air.local" tests="5" failures="0" errors="0" skipped="0" time="0.003295625">
        <testcase classname="src/test/domain/constants.test.ts" name="domain/constants MODIFIER_LABELS &gt; labels every step modifier exactly as the components previously did" time="0.001317208">
        </testcase>
        <testcase classname="src/test/domain/constants.test.ts" name="domain/constants MODIFIER_LABELS &gt; covers every modifier in MODIFIERS with a non-empty label" time="0.0002925">
        </testcase>
        <testcase classname="src/test/domain/constants.test.ts" name="domain/constants ABILITY_CATEGORIES &gt; preserves the five categories, their labels, and their ability types" time="0.00031625">
        </testcase>
        <testcase classname="src/test/domain/constants.test.ts" name="domain/constants ABILITY_CATEGORIES &gt; gives every category a unique id" time="0.000212292">
        </testcase>
        <testcase classname="src/test/domain/constants.test.ts" name="domain/constants STRING_TARGET_OPTIONS &gt; preserves the target options exactly, in order" time="0.000146083">
        </testcase>
    </testsuite>
    <testsuite name="src/test/domain/roleDraft.test.ts" timestamp="2026-09-16T22:32:03.964Z" hostname="Jennys-MacBook-Air.local" tests="3" failures="0" errors="0" skipped="0" time="0.00182975">
        <testcase classname="src/test/domain/roleDraft.test.ts" name="domain/roleDraft createEmptyDraft &gt; creates a draft with the documented empty defaults" time="0.001109917">
        </testcase>
        <testcase classname="src/test/domain/roleDraft.test.ts" name="domain/roleDraft createEmptyDraft &gt; assigns a fresh id on every call" time="0.000212791">
        </testcase>
        <testcase classname="src/test/domain/roleDraft.test.ts" name="domain/roleDraft createEmptyDraft &gt; stamps created_at and updated_at with the same ISO timestamp" time="0.000085333">
        </testcase>
    </testsuite>
    <testsuite name="src/test/domain/roleSelection.test.ts" timestamp="2026-09-16T22:32:03.965Z" hostname="Jennys-MacBook-Air.local" tests="26" failures="0" errors="0" skipped="0" time="0.007011458">
        <testcase classname="src/test/domain/roleSelection.test.ts" name="roleSelection &gt; buildRoleMap &gt; returns an empty map for an empty role list" time="0.001199084">
        </testcase>
        <testcase classname="src/test/domain/roleSelection.test.ts" name="roleSelection &gt; buildRoleMap &gt; indexes roles by id" time="0.000295125">
        </testcase>
        <testcase classname="src/test/domain/roleSelection.test.ts" name="roleSelection &gt; countSelectedCards &gt; returns 0 for an empty selection" time="0.000346375">
        </testcase>
        <testcase classname="src/test/domain/roleSelection.test.ts" name="roleSelection &gt; countSelectedCards &gt; sums every selected count" time="0.000167417">
        </testcase>
        <testcase classname="src/test/domain/roleSelection.test.ts" name="roleSelection &gt; toggleRoleSelection &gt; selects an unselected role at its default_count" time="0.000264375">
        </testcase>
        <testcase classname="src/test/domain/roleSelection.test.ts" name="roleSelection &gt; toggleRoleSelection &gt; deselects an already-selected role" time="0.000217459">
        </testcase>
        <testcase classname="src/test/domain/roleSelection.test.ts" name="roleSelection &gt; toggleRoleSelection &gt; returns the selection unchanged when the role is unknown" time="0.000122667">
        </testcase>
        <testcase classname="src/test/domain/roleSelection.test.ts" name="roleSelection &gt; toggleRoleSelection &gt; auto-selects a REQUIRES dependency at the required role default_count" time="0.00019975">
        </testcase>
        <testcase classname="src/test/domain/roleSelection.test.ts" name="roleSelection &gt; toggleRoleSelection &gt; auto-selects a multi-copy dependency at its default_count" time="0.000203208">
        </testcase>
        <testcase classname="src/test/domain/roleSelection.test.ts" name="roleSelection &gt; toggleRoleSelection &gt; silently skips a dependency whose required role is absent from the list" time="0.000183417">
        </testcase>
        <testcase classname="src/test/domain/roleSelection.test.ts" name="roleSelection &gt; toggleRoleSelection &gt; does not auto-select RECOMMENDS dependencies" time="0.000161667">
        </testcase>
        <testcase classname="src/test/domain/roleSelection.test.ts" name="roleSelection &gt; toggleRoleSelection &gt; leaves an already-selected dependency at its current count" time="0.00014725">
        </testcase>
        <testcase classname="src/test/domain/roleSelection.test.ts" name="roleSelection &gt; toggleRoleSelection &gt; does not mutate the input selection" time="0.000126125">
        </testcase>
        <testcase classname="src/test/domain/roleSelection.test.ts" name="roleSelection &gt; removeRoleWithCascade &gt; removes the role itself" time="0.000133417">
        </testcase>
        <testcase classname="src/test/domain/roleSelection.test.ts" name="roleSelection &gt; removeRoleWithCascade &gt; cascade-removes selected roles that REQUIRE the removed role" time="0.000135708">
        </testcase>
        <testcase classname="src/test/domain/roleSelection.test.ts" name="roleSelection &gt; removeRoleWithCascade &gt; does not remove the required role when the dependent is removed (one-way)" time="0.000167792">
        </testcase>
        <testcase classname="src/test/domain/roleSelection.test.ts" name="roleSelection &gt; removeRoleWithCascade &gt; cascades one level only, leaving a transitive dependent orphaned" time="0.000166583">
        </testcase>
        <testcase classname="src/test/domain/roleSelection.test.ts" name="roleSelection &gt; removeRoleWithCascade &gt; leaves unrelated roles selected" time="0.000152875">
        </testcase>
        <testcase classname="src/test/domain/roleSelection.test.ts" name="roleSelection &gt; removeRoleWithCascade &gt; does not mutate the input selection" time="0.000133084">
        </testcase>
        <testcase classname="src/test/domain/roleSelection.test.ts" name="roleSelection &gt; adjustRoleCount &gt; increments the count" time="0.000285875">
        </testcase>
        <testcase classname="src/test/domain/roleSelection.test.ts" name="roleSelection &gt; adjustRoleCount &gt; decrements the count" time="0.00015575">
        </testcase>
        <testcase classname="src/test/domain/roleSelection.test.ts" name="roleSelection &gt; adjustRoleCount &gt; returns the selection unchanged when the increment would exceed max_count" time="0.000154458">
        </testcase>
        <testcase classname="src/test/domain/roleSelection.test.ts" name="roleSelection &gt; adjustRoleCount &gt; removes the role entirely when decremented below min_count" time="0.000134042">
        </testcase>
        <testcase classname="src/test/domain/roleSelection.test.ts" name="roleSelection &gt; adjustRoleCount &gt; cascade-removes dependents when decremented below min_count" time="0.0001545">
        </testcase>
        <testcase classname="src/test/domain/roleSelection.test.ts" name="roleSelection &gt; adjustRoleCount &gt; returns the selection unchanged when the role is unknown" time="0.0001015">
        </testcase>
        <testcase classname="src/test/domain/roleSelection.test.ts" name="roleSelection &gt; adjustRoleCount &gt; treats an unselected role as count 0" time="0.00011025">
        </testcase>
    </testsuite>
    <testsuite name="src/test/domain/roleValidation.test.ts" timestamp="2026-09-16T22:32:03.966Z" hostname="Jennys-MacBook-Air.local" tests="23" failures="0" errors="0" skipped="0" time="0.005703542">
        <testcase classname="src/test/domain/roleValidation.test.ts" name="validateRoleDraft &gt; returns a transport-compatible valid result for a valid draft" time="0.001351125">
        </testcase>
        <testcase classname="src/test/domain/roleValidation.test.ts" name="validateRoleDraft &gt; preserves backend error ordering for several independent violations" time="0.000217583">
        </testcase>
        <testcase classname="src/test/domain/roleValidation.test.ts" name="validateRoleDraft &gt; reports the frontend-only trimmed upper-bound error" time="0.000099625">
        </testcase>
        <testcase classname="src/test/domain/roleValidation.test.ts" name="validateRoleDraft &gt; reports the lower-bound error for a one-character name" time="0.000068042">
        </testcase>
        <testcase classname="src/test/domain/roleValidation.test.ts" name="validateRoleDraft &gt; reports a trimmed one-character name and accepts the two-character boundary" time="0.000097167">
        </testcase>
        <testcase classname="src/test/domain/roleValidation.test.ts" name="validateRoleDraft &gt; rejects a whitespace-only name and accepts the 50-character boundary" time="0.000138042">
        </testcase>
        <testcase classname="src/test/domain/roleValidation.test.ts" name="validateRoleDraft &gt; uses the lowest-order step for the first-step modifier rule" time="0.000085625">
        </testcase>
        <testcase classname="src/test/domain/roleValidation.test.ts" name="validateRoleDraft &gt; does not reorder draft steps while finding the lowest-order step" time="0.000147083">
        </testcase>
        <testcase classname="src/test/domain/roleValidation.test.ts" name="validateRoleDraft &gt; reports absent and inactive abilities in draft order with one literal message" time="0.0000765">
        </testcase>
        <testcase classname="src/test/domain/roleValidation.test.ts" name="validateRoleDraft &gt; reports a duplicate-order error instead of a gap error" time="0.000073708">
        </testcase>
        <testcase classname="src/test/domain/roleValidation.test.ts" name="validateRoleDraft &gt; reports a gap when distinct orders do not start at one sequentially" time="0.0002285">
        </testcase>
        <testcase classname="src/test/domain/roleValidation.test.ts" name="validateRoleDraft &gt; reports each win-condition cardinality rule with the backend wording" time="0.000354542">
        </testcase>
        <testcase classname="src/test/domain/roleValidation.test.ts" name="validateRoleDraft &gt; does not report step-specific errors for an empty step list" time="0.000129042">
        </testcase>
        <testcase classname="src/test/domain/roleValidation.test.ts" name="validateRoleDraft &gt; returns an independent error list without throwing for an invalid draft" time="0.00011825">
        </testcase>
        <testcase classname="src/test/domain/roleValidation.test.ts" name="getRoleWarnings &gt; returns no warnings for a plain role" time="0.000119875">
        </testcase>
        <testcase classname="src/test/domain/roleValidation.test.ts" name="getRoleWarnings &gt; returns backend warnings in their declared order" time="0.000191083">
        </testcase>
        <testcase classname="src/test/domain/roleValidation.test.ts" name="getRoleWarnings &gt; keeps warnings non-blocking" time="0.000156167">
        </testcase>
        <testcase classname="src/test/domain/roleValidation.test.ts" name="getRoleWarnings &gt; reports the many-step warning independently" time="0.000248708">
        </testcase>
        <testcase classname="src/test/domain/roleValidation.test.ts" name="getRoleWarnings &gt; reports the conflicting-ability warning independently" time="0.000138458">
        </testcase>
        <testcase classname="src/test/domain/roleValidation.test.ts" name="hasRoleNameCollision &gt; returns false for a novel name" time="0.000146916">
        </testcase>
        <testcase classname="src/test/domain/roleValidation.test.ts" name="hasRoleNameCollision &gt; trims and compares case-insensitively across private and official local roles" time="0.000112916">
        </testcase>
        <testcase classname="src/test/domain/roleValidation.test.ts" name="hasRoleNameCollision &gt; returns false for an empty normalized name or no matching role" time="0.000114333">
        </testcase>
        <testcase classname="src/test/domain/roleValidation.test.ts" name="hasRoleNameCollision &gt; treats a private local role as taken, unlike the backend public-role filter" time="0.000079333">
        </testcase>
    </testsuite>
    <testsuite name="src/test/domain/teams.test.ts" timestamp="2026-09-16T22:32:03.967Z" hostname="Jennys-MacBook-Air.local" tests="4" failures="0" errors="0" skipped="0" time="0.002931917">
        <testcase classname="src/test/domain/teams.test.ts" name="domain/teams single source &gt; states the five teams exactly once, in canonical sort-significant order" time="0.001123417">
        </testcase>
        <testcase classname="src/test/domain/teams.test.ts" name="domain/teams single source &gt; derives TEAM_ORDER to cover exactly the TEAMS array, in the same order" time="0.000266875">
        </testcase>
        <testcase classname="src/test/domain/teams.test.ts" name="domain/teams single source &gt; derives TEAM_COLORS keys to cover exactly the TEAMS array" time="0.000232666">
        </testcase>
        <testcase classname="src/test/domain/teams.test.ts" name="domain/teams single source &gt; maps every team to a hex color token" time="0.000431667">
        </testcase>
    </testsuite>
    <testsuite name="src/test/domain/wakeOrder.test.ts" timestamp="2026-09-16T22:32:03.967Z" hostname="Jennys-MacBook-Air.local" tests="28" failures="0" errors="0" skipped="0" time="0.006104916">
        <testcase classname="src/test/domain/wakeOrder.test.ts" name="wakeOrder &gt; shuffleArray &gt; returns an empty array unchanged" time="0.0015155">
        </testcase>
        <testcase classname="src/test/domain/wakeOrder.test.ts" name="wakeOrder &gt; shuffleArray &gt; returns a single-element array unchanged" time="0.00025675">
        </testcase>
        <testcase classname="src/test/domain/wakeOrder.test.ts" name="wakeOrder &gt; shuffleArray &gt; preserves the multiset of elements" time="0.000197292">
        </testcase>
        <testcase classname="src/test/domain/wakeOrder.test.ts" name="wakeOrder &gt; shuffleArray &gt; is deterministic for a given RNG (Fisher-Yates, rng always 0)" time="0.000184208">
        </testcase>
        <testcase classname="src/test/domain/wakeOrder.test.ts" name="wakeOrder &gt; shuffleArray &gt; does not mutate the input array" time="0.000385667">
        </testcase>
        <testcase classname="src/test/domain/wakeOrder.test.ts" name="wakeOrder &gt; shuffleArray &gt; defaults to Math.random when no RNG is injected" time="0.000131417">
        </testcase>
        <testcase classname="src/test/domain/wakeOrder.test.ts" name="wakeOrder &gt; collectWakingRoles &gt; returns an empty list when nothing is selected" time="0.00011675">
        </testcase>
        <testcase classname="src/test/domain/wakeOrder.test.ts" name="wakeOrder &gt; collectWakingRoles &gt; includes only roles with a positive wake_order" time="0.000105333">
        </testcase>
        <testcase classname="src/test/domain/wakeOrder.test.ts" name="wakeOrder &gt; collectWakingRoles &gt; excludes roles with a zero wake_order" time="0.000081291">
        </testcase>
        <testcase classname="src/test/domain/wakeOrder.test.ts" name="wakeOrder &gt; collectWakingRoles &gt; excludes roles whose selected count is zero or negative" time="0.000075">
        </testcase>
        <testcase classname="src/test/domain/wakeOrder.test.ts" name="wakeOrder &gt; collectWakingRoles &gt; collapses multiple copies of a role into a single waking entry" time="0.00042175">
        </testcase>
        <testcase classname="src/test/domain/wakeOrder.test.ts" name="wakeOrder &gt; collectWakingRoles &gt; ignores selected ids that are absent from the role list" time="0.0001435">
        </testcase>
        <testcase classname="src/test/domain/wakeOrder.test.ts" name="wakeOrder &gt; collectWakingRoles &gt; sorts by wake_order ascending" time="0.000093583">
        </testcase>
        <testcase classname="src/test/domain/wakeOrder.test.ts" name="wakeOrder &gt; collectWakingRoles &gt; projects id, name, team and wake_order" time="0.000080708">
        </testcase>
        <testcase classname="src/test/domain/wakeOrder.test.ts" name="wakeOrder &gt; getWakeGroupKeys &gt; returns an empty list for no waking roles" time="0.000056208">
        </testcase>
        <testcase classname="src/test/domain/wakeOrder.test.ts" name="wakeOrder &gt; getWakeGroupKeys &gt; returns unique wake_order values sorted ascending" time="0.000069125">
        </testcase>
        <testcase classname="src/test/domain/wakeOrder.test.ts" name="wakeOrder &gt; buildGroupOrders &gt; returns an empty map for no waking roles" time="0.000075042">
        </testcase>
        <testcase classname="src/test/domain/wakeOrder.test.ts" name="wakeOrder &gt; buildGroupOrders &gt; groups role ids by wake_order" time="0.000107709">
        </testcase>
        <testcase classname="src/test/domain/wakeOrder.test.ts" name="wakeOrder &gt; buildGroupOrders &gt; shuffles only within a group — never across groups" time="0.000075042">
        </testcase>
        <testcase classname="src/test/domain/wakeOrder.test.ts" name="wakeOrder &gt; buildGroupOrders &gt; is deterministic for a given RNG" time="0.000062625">
        </testcase>
        <testcase classname="src/test/domain/wakeOrder.test.ts" name="wakeOrder &gt; buildGroupOrders &gt; defaults to Math.random when no RNG is injected" time="0.000045458">
        </testcase>
        <testcase classname="src/test/domain/wakeOrder.test.ts" name="wakeOrder &gt; flattenWakeOrder &gt; returns an empty sequence when there are no groups" time="0.000056666">
        </testcase>
        <testcase classname="src/test/domain/wakeOrder.test.ts" name="wakeOrder &gt; flattenWakeOrder &gt; concatenates groups in ascending group order" time="0.00006625">
        </testcase>
        <testcase classname="src/test/domain/wakeOrder.test.ts" name="wakeOrder &gt; flattenWakeOrder &gt; preserves the within-group order it is given" time="0.000044791">
        </testcase>
        <testcase classname="src/test/domain/wakeOrder.test.ts" name="wakeOrder &gt; flattenWakeOrder &gt; skips group keys that have no entry" time="0.000044084">
        </testcase>
        <testcase classname="src/test/domain/wakeOrder.test.ts" name="wakeOrder &gt; expandRoleIds &gt; returns an empty list for an empty selection" time="0.00007025">
        </testcase>
        <testcase classname="src/test/domain/wakeOrder.test.ts" name="wakeOrder &gt; expandRoleIds &gt; repeats each role id by its selected count" time="0.000047458">
        </testcase>
        <testcase classname="src/test/domain/wakeOrder.test.ts" name="wakeOrder &gt; expandRoleIds &gt; omits roles selected zero times" time="0.0000435">
        </testcase>
    </testsuite>
    <testsuite name="src/test/engine/gameSession.test.ts" timestamp="2026-09-16T22:32:03.968Z" hostname="Jennys-MacBook-Air.local" tests="16" failures="0" errors="0" skipped="0" time="0.004029042">
        <testcase classname="src/test/engine/gameSession.test.ts" name="engine game session creation &gt; creates a setup session with caller values and injected id" time="0.000957458">
        </testcase>
        <testcase classname="src/test/engine/gameSession.test.ts" name="engine game session creation &gt; keeps an omitted wake sequence absent" time="0.000133917">
        </testcase>
        <testcase classname="src/test/engine/gameSession.test.ts" name="engine game session creation &gt; propagates dependency warnings to the session" time="0.000141458">
        </testcase>
        <testcase classname="src/test/engine/gameSession.test.ts" name="engine game session creation &gt; does not mutate create input values" time="0.000315625">
        </testcase>
        <testcase classname="src/test/engine/gameSession.test.ts" name="engine game session creation &gt; uses a deterministic id generator without ambient crypto" time="0.000445167">
        </testcase>
        <testcase classname="src/test/engine/gameSession.test.ts" name="engine game session creation &gt; rejects before creating a session or mutating caller-owned values" time="0.000395125">
        </testcase>
        <testcase classname="src/test/engine/gameSession.test.ts" name="engine game session transitions &gt; starts only from setup and initializes wake order to zero" time="0.000155917">
        </testcase>
        <testcase classname="src/test/engine/gameSession.test.ts" name="engine game session transitions &gt; rejects starting a non-setup session without mutation" time="0.00011375">
        </testcase>
        <testcase classname="src/test/engine/gameSession.test.ts" name="engine game session transitions &gt; rejects advance from setup without mutation" time="0.000131541">
        </testcase>
        <testcase classname="src/test/engine/gameSession.test.ts" name="engine game session transitions &gt; advances night to discussion" time="0.000070708">
        </testcase>
        <testcase classname="src/test/engine/gameSession.test.ts" name="engine game session transitions &gt; advances discussion to voting" time="0.000048875">
        </testcase>
        <testcase classname="src/test/engine/gameSession.test.ts" name="engine game session transitions &gt; advances voting to resolution" time="0.00005675">
        </testcase>
        <testcase classname="src/test/engine/gameSession.test.ts" name="engine game session transitions &gt; advances resolution to complete" time="0.000052584">
        </testcase>
        <testcase classname="src/test/engine/gameSession.test.ts" name="engine game session transitions &gt; rejects advance from complete without mutation" time="0.000116834">
        </testcase>
        <testcase classname="src/test/engine/gameSession.test.ts" name="engine game session transitions &gt; advances a started session through the complete phase path" time="0.000078917">
        </testcase>
        <testcase classname="src/test/engine/gameSession.test.ts" name="engine game session transitions &gt; returns new values for successful transitions" time="0.000226417">
        </testcase>
    </testsuite>
    <testsuite name="src/test/engine/gameSetupValidation.test.ts" timestamp="2026-09-16T22:32:03.969Z" hostname="Jennys-MacBook-Air.local" tests="34" failures="0" errors="0" skipped="0" time="0.009120708">
        <testcase classname="src/test/engine/gameSetupValidation.test.ts" name="engine setup validation &gt; returns no warnings for a valid setup" time="0.001839542">
        </testcase>
        <testcase classname="src/test/engine/gameSetupValidation.test.ts" name="engine setup validation &gt; normalizes a valid wake order sequence to strings" time="0.000592416">
        </testcase>
        <testcase classname="src/test/engine/gameSetupValidation.test.ts" name="engine setup validation &gt; rejects a broken setup" time="0.000365584">
        </testcase>
        <testcase classname="src/test/engine/gameSetupValidation.test.ts" name="engine setup rule precedence &gt; count rule precedes unknown role id check" time="0.000136541">
        </testcase>
        <testcase classname="src/test/engine/gameSetupValidation.test.ts" name="engine setup rule precedence &gt; unknown role id precedes card count rule" time="0.000138875">
        </testcase>
        <testcase classname="src/test/engine/gameSetupValidation.test.ts" name="engine setup rule precedence &gt; card count rule precedes primary team rule" time="0.000156667">
        </testcase>
        <testcase classname="src/test/engine/gameSetupValidation.test.ts" name="engine setup rule precedence &gt; primary team rule precedes dependency rule" time="0.000153417">
        </testcase>
        <testcase classname="src/test/engine/gameSetupValidation.test.ts" name="engine setup rule precedence &gt; dependency rule precedes wake sequence rule" time="0.000166084">
        </testcase>
        <testcase classname="src/test/engine/gameSetupValidation.test.ts" name="engine create-boundary setup cases &gt; rejects an unknown role id" time="0.000145375">
        </testcase>
        <testcase classname="src/test/engine/gameSetupValidation.test.ts" name="engine create-boundary setup cases &gt; rejects multiple unknown role ids" time="0.000134542">
        </testcase>
        <testcase classname="src/test/engine/gameSetupValidation.test.ts" name="engine create-boundary setup cases &gt; rejects too few roles" time="0.000170042">
        </testcase>
        <testcase classname="src/test/engine/gameSetupValidation.test.ts" name="engine create-boundary setup cases &gt; rejects too many roles" time="0.000124708">
        </testcase>
        <testcase classname="src/test/engine/gameSetupValidation.test.ts" name="engine create-boundary setup cases &gt; accepts an exact role count" time="0.000146542">
        </testcase>
        <testcase classname="src/test/engine/gameSetupValidation.test.ts" name="engine create-boundary setup cases &gt; count rule precedes unknown role id check" time="0.000106959">
        </testcase>
        <testcase classname="src/test/engine/gameSetupValidation.test.ts" name="engine create-boundary setup cases &gt; rejects exceeding max count" time="0.00013725">
        </testcase>
        <testcase classname="src/test/engine/gameSetupValidation.test.ts" name="engine create-boundary setup cases &gt; rejects below min count" time="0.000177792">
        </testcase>
        <testcase classname="src/test/engine/gameSetupValidation.test.ts" name="engine create-boundary setup cases &gt; accepts valid card counts" time="0.0001455">
        </testcase>
        <testcase classname="src/test/engine/gameSetupValidation.test.ts" name="engine create-boundary setup cases &gt; rejects a missing required dependency" time="0.000121375">
        </testcase>
        <testcase classname="src/test/engine/gameSetupValidation.test.ts" name="engine create-boundary setup cases &gt; accepts a satisfied required dependency" time="0.000107958">
        </testcase>
        <testcase classname="src/test/engine/gameSetupValidation.test.ts" name="engine create-boundary setup cases &gt; warns on a missing recommends dependency" time="0.000114084">
        </testcase>
        <testcase classname="src/test/engine/gameSetupValidation.test.ts" name="engine create-boundary setup cases &gt; returns no warnings when recommends is satisfied" time="0.000240625">
        </testcase>
        <testcase classname="src/test/engine/gameSetupValidation.test.ts" name="engine create-boundary setup cases &gt; rejects only a minion without a primary wolf" time="0.000398583">
        </testcase>
        <testcase classname="src/test/engine/gameSetupValidation.test.ts" name="engine create-boundary setup cases &gt; accepts a werewolf and minion" time="0.000150125">
        </testcase>
        <testcase classname="src/test/engine/gameSetupValidation.test.ts" name="engine create-boundary setup cases &gt; rejects only a squire without a primary wolf" time="0.000118708">
        </testcase>
        <testcase classname="src/test/engine/gameSetupValidation.test.ts" name="engine create-boundary setup cases &gt; rejects multiple teams without primary roles" time="0.000144417">
        </testcase>
        <testcase classname="src/test/engine/gameSetupValidation.test.ts" name="engine create-boundary setup cases &gt; stores a valid wake order sequence" time="0.000174625">
        </testcase>
        <testcase classname="src/test/engine/gameSetupValidation.test.ts" name="engine create-boundary setup cases &gt; rejects an extra role in the sequence" time="0.000135625">
        </testcase>
        <testcase classname="src/test/engine/gameSetupValidation.test.ts" name="engine create-boundary setup cases &gt; rejects a missing waking role in the sequence" time="0.000129084">
        </testcase>
        <testcase classname="src/test/engine/gameSetupValidation.test.ts" name="engine create-boundary setup cases &gt; rejects duplicate ids in the sequence" time="0.000183875">
        </testcase>
        <testcase classname="src/test/engine/gameSetupValidation.test.ts" name="engine create-boundary setup cases &gt; accepts a null sequence as omitted" time="0.0001775">
        </testcase>
        <testcase classname="src/test/engine/gameSetupValidation.test.ts" name="engine create-boundary setup cases &gt; accepts an empty sequence with no waking roles" time="0.000232417">
        </testcase>
        <testcase classname="src/test/engine/gameSetupValidation.test.ts" name="engine create-boundary setup cases &gt; rejects a non-waking role in the sequence" time="0.000171042">
        </testcase>
        <testcase classname="src/test/engine/gameSetupValidation.test.ts" name="engine setup edge paths &gt; checks vampire primary roles" time="0.000123667">
        </testcase>
        <testcase classname="src/test/engine/gameSetupValidation.test.ts" name="engine setup edge paths &gt; checks alien primary roles" time="0.00010525">
        </testcase>
    </testsuite>
    <testsuite name="src/test/engine/narration.test.ts" timestamp="2026-09-16T22:32:03.971Z" hostname="Jennys-MacBook-Air.local" tests="13" failures="0" errors="0" skipped="0" time="0.005627875">
        <testcase classname="src/test/engine/narration.test.ts" name="narration engine &gt; sorts waking roles deterministically and applies custom ordering rules" time="0.00077275">
        </testcase>
        <testcase classname="src/test/engine/narration.test.ts" name="narration engine &gt; deduplicates ids and sorts unnamed custom roles by wake order and name" time="0.00024675">
        </testcase>
        <testcase classname="src/test/engine/narration.test.ts" name="narration engine &gt; builds dense role actions and preserves required and OR flags" time="0.000297167">
        </testcase>
        <testcase classname="src/test/engine/narration.test.ts" name="narration engine &gt; builds wake and close-eyes actions for a role without steps" time="0.00007575">
        </testcase>
        <testcase classname="src/test/engine/narration.test.ts" name="narration engine &gt; skips unknown inherited ability names without duration" time="0.000376542">
        </testcase>
        <testcase classname="src/test/engine/narration.test.ts" name="narration engine &gt; assembles opening, unique waking role blocks, and closing actions" time="0.000141583">
        </testcase>
        <testcase classname="src/test/engine/narration.test.ts" name="narration engine &gt; keeps opening and closing actions when no roles wake" time="0.0001235">
        </testcase>
        <testcase classname="src/test/engine/narration.test.ts" name="narration engine &gt; builds previews with one copied-role section header" time="0.0001405">
        </testcase>
        <testcase classname="src/test/engine/narration.test.ts" name="narration engine &gt; returns no preview for null or zero wake order" time="0.000063708">
        </testcase>
        <testcase classname="src/test/engine/narration.test.ts" name="narration engine &gt; does not mutate generated action inputs" time="0.000194792">
        </testcase>
        <testcase classname="src/test/engine/narration.test.ts" name="narration engine &gt; keeps fixture roles in the verified engine input shape" time="0.000993125">
        </testcase>
        <testcase classname="src/test/engine/narration.test.ts" name="narration engine &gt; matches the Python-generated night-script fixtures for all seed roles" time="0.001030958">
        </testcase>
        <testcase classname="src/test/engine/narration.test.ts" name="narration engine &gt; matches the Python-generated previews for all seed roles" time="0.000686375">
        </testcase>
    </testsuite>
    <testsuite name="src/test/engine/templates.test.ts" timestamp="2026-09-16T22:32:03.972Z" hostname="Jennys-MacBook-Air.local" tests="81" failures="0" errors="0" skipped="0" time="0.007061708">
        <testcase classname="src/test/engine/templates.test.ts" name="engine narration templates &gt; renders wake target null" time="0.001023">
        </testcase>
        <testcase classname="src/test/engine/templates.test.ts" name="engine narration templates &gt; renders wake target player.self" time="0.000171667">
        </testcase>
        <testcase classname="src/test/engine/templates.test.ts" name="engine narration templates &gt; renders wake target team.werewolf" time="0.000118708">
        </testcase>
        <testcase classname="src/test/engine/templates.test.ts" name="engine narration templates &gt; renders wake target team.alien" time="0.000100833">
        </testcase>
        <testcase classname="src/test/engine/templates.test.ts" name="engine narration templates &gt; renders wake target team.vampire" time="0.000091792">
        </testcase>
        <testcase classname="src/test/engine/templates.test.ts" name="engine narration templates &gt; renders wake target role.doppelganger" time="0.000114542">
        </testcase>
        <testcase classname="src/test/engine/templates.test.ts" name="engine narration templates &gt; renders wake target role.the_thing" time="0.00009775">
        </testcase>
        <testcase classname="src/test/engine/templates.test.ts" name="engine narration templates &gt; renders wake target team.unknown" time="0.000078917">
        </testcase>
        <testcase classname="src/test/engine/templates.test.ts" name="engine narration templates &gt; renders wake target garbage" time="0.000095042">
        </testcase>
        <testcase classname="src/test/engine/templates.test.ts" name="engine narration templates &gt; renders wake target " time="0.000140875">
        </testcase>
        <testcase classname="src/test/engine/templates.test.ts" name="engine narration templates &gt; rewrites underscores in role wake targets" time="0.000119958">
        </testcase>
        <testcase classname="src/test/engine/templates.test.ts" name="engine narration templates &gt; empty wake targets follow the player self path" time="0.000122917">
        </testcase>
        <testcase classname="src/test/engine/templates.test.ts" name="engine narration templates &gt; renders view_card with literal parameters" time="0.000196792">
        </testcase>
        <testcase classname="src/test/engine/templates.test.ts" name="engine narration templates &gt; renders view_card with literal parameters" time="0.000076333">
        </testcase>
        <testcase classname="src/test/engine/templates.test.ts" name="engine narration templates &gt; renders view_card with literal parameters" time="0.000074792">
        </testcase>
        <testcase classname="src/test/engine/templates.test.ts" name="engine narration templates &gt; renders view_card with literal parameters" time="0.00006925">
        </testcase>
        <testcase classname="src/test/engine/templates.test.ts" name="engine narration templates &gt; renders view_card with literal parameters" time="0.000150625">
        </testcase>
        <testcase classname="src/test/engine/templates.test.ts" name="engine narration templates &gt; renders view_card with literal parameters" time="0.000094708">
        </testcase>
        <testcase classname="src/test/engine/templates.test.ts" name="engine narration templates &gt; renders view_card with literal parameters" time="0.000135333">
        </testcase>
        <testcase classname="src/test/engine/templates.test.ts" name="engine narration templates &gt; renders swap_card with literal parameters" time="0.000106583">
        </testcase>
        <testcase classname="src/test/engine/templates.test.ts" name="engine narration templates &gt; renders swap_card with literal parameters" time="0.000048834">
        </testcase>
        <testcase classname="src/test/engine/templates.test.ts" name="engine narration templates &gt; renders swap_card with literal parameters" time="0.00004525">
        </testcase>
        <testcase classname="src/test/engine/templates.test.ts" name="engine narration templates &gt; renders swap_card with literal parameters" time="0.000039959">
        </testcase>
        <testcase classname="src/test/engine/templates.test.ts" name="engine narration templates &gt; renders swap_card with literal parameters" time="0.000044167">
        </testcase>
        <testcase classname="src/test/engine/templates.test.ts" name="engine narration templates &gt; renders swap_card with literal parameters" time="0.000031458">
        </testcase>
        <testcase classname="src/test/engine/templates.test.ts" name="engine narration templates &gt; renders take_card with literal parameters" time="0.000049916">
        </testcase>
        <testcase classname="src/test/engine/templates.test.ts" name="engine narration templates &gt; renders take_card with literal parameters" time="0.000027458">
        </testcase>
        <testcase classname="src/test/engine/templates.test.ts" name="engine narration templates &gt; renders take_card with literal parameters" time="0.000036584">
        </testcase>
        <testcase classname="src/test/engine/templates.test.ts" name="engine narration templates &gt; renders view_awake with literal parameters" time="0.000035042">
        </testcase>
        <testcase classname="src/test/engine/templates.test.ts" name="engine narration templates &gt; renders thumbs_up with literal parameters" time="0.000062292">
        </testcase>
        <testcase classname="src/test/engine/templates.test.ts" name="engine narration templates &gt; renders thumbs_up with literal parameters" time="0.000056125">
        </testcase>
        <testcase classname="src/test/engine/templates.test.ts" name="engine narration templates &gt; renders thumbs_up with literal parameters" time="0.000044416">
        </testcase>
        <testcase classname="src/test/engine/templates.test.ts" name="engine narration templates &gt; renders thumbs_up with literal parameters" time="0.000032">
        </testcase>
        <testcase classname="src/test/engine/templates.test.ts" name="engine narration templates &gt; renders thumbs_up with literal parameters" time="0.000029958">
        </testcase>
        <testcase classname="src/test/engine/templates.test.ts" name="engine narration templates &gt; renders thumbs_up with literal parameters" time="0.000031375">
[...]
        </testcase>
        <testcase classname="src/test/components/RoleBuilder/steps/BasicInfoStep.test.tsx" name="BasicInfoStep &gt; shows current draft values" time="0.008156334">
        </testcase>
        <testcase classname="src/test/components/RoleBuilder/steps/BasicInfoStep.test.tsx" name="BasicInfoStep &gt; renders the wake order range in the field label" time="0.003078834">
        </testcase>
        <testcase classname="src/test/components/RoleBuilder/steps/BasicInfoStep.test.tsx" name="BasicInfoStep &gt; renders the supplied checking status without reading roles" time="0.011921459">
        </testcase>
        <testcase classname="src/test/components/RoleBuilder/steps/BasicInfoStep.test.tsx" name="BasicInfoStep &gt; renders the supplied available status without reading roles" time="0.003301708">
        </testcase>
        <testcase classname="src/test/components/RoleBuilder/steps/BasicInfoStep.test.tsx" name="BasicInfoStep &gt; renders the supplied taken status without reading roles" time="0.002294167">
        </testcase>
        <testcase classname="src/test/components/RoleBuilder/steps/BasicInfoStep.test.tsx" name="BasicInfoStep &gt; does not render a status when the supplied status is idle" time="0.001957291">
        </testcase>
        <testcase classname="src/test/components/RoleBuilder/steps/BasicInfoStep.test.tsx" name="BasicInfoStep &gt; passes name edits to the page owner" time="0.006017583">
        </testcase>
        <testcase classname="src/test/components/RoleBuilder/steps/BasicInfoStep.test.tsx" name="BasicInfoStep &gt; passes field edits and team changes to the page owner" time="0.006734958">
        </testcase>
        <testcase classname="src/test/components/RoleBuilder/steps/BasicInfoStep.test.tsx" name="BasicInfoStep &gt; passes village team selection to the page owner" time="0.022324042">
        </testcase>
        <testcase classname="src/test/components/RoleBuilder/steps/BasicInfoStep.test.tsx" name="BasicInfoStep &gt; passes werewolf team selection to the page owner" time="0.004339666">
        </testcase>
        <testcase classname="src/test/components/RoleBuilder/steps/BasicInfoStep.test.tsx" name="BasicInfoStep &gt; passes vampire team selection to the page owner" time="0.004244917">
        </testcase>
        <testcase classname="src/test/components/RoleBuilder/steps/BasicInfoStep.test.tsx" name="BasicInfoStep &gt; passes alien team selection to the page owner" time="0.003940875">
        </testcase>
        <testcase classname="src/test/components/RoleBuilder/steps/BasicInfoStep.test.tsx" name="BasicInfoStep &gt; passes neutral team selection to the page owner" time="0.004795167">
        </testcase>
        <testcase classname="src/test/components/RoleBuilder/steps/BasicInfoStep.test.tsx" name="BasicInfoStep &gt; clears primary team role when switching to village or neutral" time="0.018473209">
        </testcase>
        <testcase classname="src/test/components/RoleBuilder/steps/BasicInfoStep.test.tsx" name="BasicInfoStep &gt; shows primary team role only for eligible teams" time="0.003937959">
        </testcase>
        <testcase classname="src/test/components/RoleBuilder/steps/BasicInfoStep.test.tsx" name="BasicInfoStep &gt; shows the primary toggle for werewolf" time="0.015255834">
        </testcase>
        <testcase classname="src/test/components/RoleBuilder/steps/BasicInfoStep.test.tsx" name="BasicInfoStep &gt; shows the primary toggle for vampire" time="0.005478166">
        </testcase>
        <testcase classname="src/test/components/RoleBuilder/steps/BasicInfoStep.test.tsx" name="BasicInfoStep &gt; shows the primary toggle for alien" time="0.0023915">
        </testcase>
        <testcase classname="src/test/components/RoleBuilder/steps/BasicInfoStep.test.tsx" name="BasicInfoStep &gt; hides the primary toggle for village" time="0.001757834">
        </testcase>
        <testcase classname="src/test/components/RoleBuilder/steps/BasicInfoStep.test.tsx" name="BasicInfoStep &gt; hides the primary toggle for neutral" time="0.00167025">
        </testcase>
        <testcase classname="src/test/components/RoleBuilder/steps/BasicInfoStep.test.tsx" name="BasicInfoStep &gt; passes a checked primary team role to the page owner" time="0.002332333">
        </testcase>
        <testcase classname="src/test/components/RoleBuilder/steps/BasicInfoStep.test.tsx" name="BasicInfoStep &gt; clears primary team role when switching to neutral" time="0.003794458">
        </testcase>
        <testcase classname="src/test/components/RoleBuilder/steps/BasicInfoStep.test.tsx" name="BasicInfoStep &gt; sets wake order to zero when its input is cleared" time="0.0083025">
        </testcase>
        <testcase classname="src/test/components/RoleBuilder/steps/BasicInfoStep.test.tsx" name="BasicInfoStep &gt; renders the does-not-wake hint for wake order 0" time="0.01026125">
        </testcase>
        <testcase classname="src/test/components/RoleBuilder/steps/BasicInfoStep.test.tsx" name="BasicInfoStep &gt; renders the does-not-wake hint for wake order null" time="0.001706542">
        </testcase>
        <testcase classname="src/test/components/RoleBuilder/steps/BasicInfoStep.test.tsx" name="BasicInfoStep &gt; renders the does-not-wake hint for wake order 5" time="0.001433792">
        </testcase>
    </testsuite>
    <testsuite name="src/test/components/RoleBuilder/steps/ReviewStep.test.tsx" timestamp="2026-09-16T22:32:03.988Z" hostname="Jennys-MacBook-Air.local" tests="15" failures="0" errors="0" skipped="0" time="0.080935333">
        <testcase classname="src/test/components/RoleBuilder/steps/ReviewStep.test.tsx" name="ReviewStep &gt; role summary &gt; shows role name" time="0.036842416">
        </testcase>
        <testcase classname="src/test/components/RoleBuilder/steps/ReviewStep.test.tsx" name="ReviewStep &gt; role summary &gt; shows team" time="0.002224458">
        </testcase>
        <testcase classname="src/test/components/RoleBuilder/steps/ReviewStep.test.tsx" name="ReviewStep &gt; role summary &gt; shows description" time="0.001623667">
        </testcase>
        <testcase classname="src/test/components/RoleBuilder/steps/ReviewStep.test.tsx" name="ReviewStep &gt; role summary &gt; shows wake order when set" time="0.010053">
        </testcase>
        <testcase classname="src/test/components/RoleBuilder/steps/ReviewStep.test.tsx" name="ReviewStep &gt; role summary &gt; shows votes" time="0.002361541">
        </testcase>
        <testcase classname="src/test/components/RoleBuilder/steps/ReviewStep.test.tsx" name="ReviewStep &gt; ability steps &gt; shows ability steps" time="0.006593959">
        </testcase>
        <testcase classname="src/test/components/RoleBuilder/steps/ReviewStep.test.tsx" name="ReviewStep &gt; ability steps &gt; shows step order and modifier" time="0.006186708">
        </testcase>
        <testcase classname="src/test/components/RoleBuilder/steps/ReviewStep.test.tsx" name="ReviewStep &gt; ability steps &gt; shows descriptive modifier labels instead of raw values" time="0.003735708">
        </testcase>
        <testcase classname="src/test/components/RoleBuilder/steps/ReviewStep.test.tsx" name="ReviewStep &gt; ability steps &gt; shows no ability steps message when empty" time="0.001482125">
        </testcase>
        <testcase classname="src/test/components/RoleBuilder/steps/ReviewStep.test.tsx" name="ReviewStep &gt; win conditions &gt; shows win conditions" time="0.001561">
        </testcase>
        <testcase classname="src/test/components/RoleBuilder/steps/ReviewStep.test.tsx" name="ReviewStep &gt; win conditions &gt; shows no win conditions message when empty" time="0.001106625">
        </testcase>
        <testcase classname="src/test/components/RoleBuilder/steps/ReviewStep.test.tsx" name="ReviewStep &gt; validation display &gt; shows Validating... when validation is null" time="0.001116125">
        </testcase>
        <testcase classname="src/test/components/RoleBuilder/steps/ReviewStep.test.tsx" name="ReviewStep &gt; validation display &gt; shows validation errors in red" time="0.001427834">
        </testcase>
        <testcase classname="src/test/components/RoleBuilder/steps/ReviewStep.test.tsx" name="ReviewStep &gt; validation display &gt; shows validation warnings in yellow" time="0.001065959">
        </testcase>
        <testcase classname="src/test/components/RoleBuilder/steps/ReviewStep.test.tsx" name="ReviewStep &gt; validation display &gt; shows valid status when validation passes" time="0.0022955">
        </testcase>
    </testsuite>
    <testsuite name="src/test/components/RoleBuilder/steps/StepList.test.tsx" timestamp="2026-09-16T22:32:03.989Z" hostname="Jennys-MacBook-Air.local" tests="17" failures="0" errors="0" skipped="0" time="0.21662875">
        <testcase classname="src/test/components/RoleBuilder/steps/StepList.test.tsx" name="StepList &gt; rendering &gt; renders each step with its order and ability name" time="0.071383417">
        </testcase>
        <testcase classname="src/test/components/RoleBuilder/steps/StepList.test.tsx" name="StepList &gt; rendering &gt; renders nothing for an empty step list" time="0.003385417">
        </testcase>
        <testcase classname="src/test/components/RoleBuilder/steps/StepList.test.tsx" name="StepList &gt; modifier control &gt; hides the modifier dropdown on the first step" time="0.031196583">
        </testcase>
        <testcase classname="src/test/components/RoleBuilder/steps/StepList.test.tsx" name="StepList &gt; modifier control &gt; shows the Then: label on subsequent steps" time="0.002639791">
        </testcase>
        <testcase classname="src/test/components/RoleBuilder/steps/StepList.test.tsx" name="StepList &gt; modifier control &gt; offers every modifier except none, with descriptive labels" time="0.02233525">
        </testcase>
        <testcase classname="src/test/components/RoleBuilder/steps/StepList.test.tsx" name="StepList &gt; modifier control &gt; reflects the step modifier as the select value" time="0.01447825">
        </testcase>
        <testcase classname="src/test/components/RoleBuilder/steps/StepList.test.tsx" name="StepList &gt; modifier control &gt; reports the step index and raw modifier value on change" time="0.004930709">
        </testcase>
        <testcase classname="src/test/components/RoleBuilder/steps/StepList.test.tsx" name="StepList &gt; reordering and removal &gt; disables move up on the first step" time="0.009256">
        </testcase>
        <testcase classname="src/test/components/RoleBuilder/steps/StepList.test.tsx" name="StepList &gt; reordering and removal &gt; disables move down on the last step" time="0.007665625">
        </testcase>
        <testcase classname="src/test/components/RoleBuilder/steps/StepList.test.tsx" name="StepList &gt; reordering and removal &gt; reports the index on move up" time="0.013750334">
        </testcase>
        <testcase classname="src/test/components/RoleBuilder/steps/StepList.test.tsx" name="StepList &gt; reordering and removal &gt; reports the index on move down" time="0.004284042">
        </testcase>
        <testcase classname="src/test/components/RoleBuilder/steps/StepList.test.tsx" name="StepList &gt; reordering and removal &gt; reports the index on remove" time="0.006786084">
        </testcase>
        <testcase classname="src/test/components/RoleBuilder/steps/StepList.test.tsx" name="StepList &gt; parameter inputs &gt; renders parameter inputs using the schema resolved for the step ability type" time="0.003840208">
        </testcase>
        <testcase classname="src/test/components/RoleBuilder/steps/StepList.test.tsx" name="StepList &gt; parameter inputs &gt; renders no parameter inputs when the schema cannot be resolved" time="0.014377125">
        </testcase>
        <testcase classname="src/test/components/RoleBuilder/steps/StepList.test.tsx" name="StepList &gt; parameter inputs &gt; reports the step index, key and raw value on parameter change" time="0.00318325">
        </testcase>
        <testcase classname="src/test/components/RoleBuilder/steps/StepList.test.tsx" name="ReadOnlyStepList &gt; lists each step with its order and ability name" time="0.000854209">
        </testcase>
        <testcase classname="src/test/components/RoleBuilder/steps/StepList.test.tsx" name="ReadOnlyStepList &gt; renders no interactive controls" time="0.000582292">
        </testcase>
    </testsuite>
    <testsuite name="src/test/components/RoleBuilder/steps/StepParameterInputs.test.tsx" timestamp="2026-09-16T22:32:03.989Z" hostname="Jennys-MacBook-Air.local" tests="18" failures="0" errors="0" skipped="0" time="0.169109833">
        <testcase classname="src/test/components/RoleBuilder/steps/StepParameterInputs.test.tsx" name="StepParameterInputs &gt; no-render paths &gt; renders nothing when schema has no properties key" time="0.009387791">
        </testcase>
        <testcase classname="src/test/components/RoleBuilder/steps/StepParameterInputs.test.tsx" name="StepParameterInputs &gt; no-render paths &gt; renders nothing when properties is empty" time="0.000675666">
        </testcase>
        <testcase classname="src/test/components/RoleBuilder/steps/StepParameterInputs.test.tsx" name="StepParameterInputs &gt; no-render paths &gt; skips properties with an unknown type" time="0.014245042">
        </testcase>
        <testcase classname="src/test/components/RoleBuilder/steps/StepParameterInputs.test.tsx" name="StepParameterInputs &gt; enum string parameter &gt; renders a select containing every enum option plus the empty placeholder" time="0.063684875">
        </testcase>
        <testcase classname="src/test/components/RoleBuilder/steps/StepParameterInputs.test.tsx" name="StepParameterInputs &gt; enum string parameter &gt; reflects the current value" time="0.011357875">
        </testcase>
        <testcase classname="src/test/components/RoleBuilder/steps/StepParameterInputs.test.tsx" name="StepParameterInputs &gt; enum string parameter &gt; emits the raw selected value through onChange" time="0.008103875">
        </testcase>
        <testcase classname="src/test/components/RoleBuilder/steps/StepParameterInputs.test.tsx" name="StepParameterInputs &gt; free string parameter &gt; renders a select backed by STRING_TARGET_OPTIONS" time="0.021607458">
        </testcase>
        <testcase classname="src/test/components/RoleBuilder/steps/StepParameterInputs.test.tsx" name="StepParameterInputs &gt; free string parameter &gt; emits the raw selected value through onChange" time="0.013799458">
        </testcase>
        <testcase classname="src/test/components/RoleBuilder/steps/StepParameterInputs.test.tsx" name="StepParameterInputs &gt; integer parameter &gt; renders a number input with min 1" time="0.004914625">
        </testcase>
        <testcase classname="src/test/components/RoleBuilder/steps/StepParameterInputs.test.tsx" name="StepParameterInputs &gt; integer parameter &gt; falls back to the schema default when the value is absent" time="0.001534375">
        </testcase>
        <testcase classname="src/test/components/RoleBuilder/steps/StepParameterInputs.test.tsx" name="StepParameterInputs &gt; integer parameter &gt; falls back to 1 when neither value nor schema default exists" time="0.002397875">
        </testcase>
        <testcase classname="src/test/components/RoleBuilder/steps/StepParameterInputs.test.tsx" name="StepParameterInputs &gt; integer parameter &gt; emits the raw string input through onChange, leaving coercion to the caller" time="0.002590292">
        </testcase>
        <testcase classname="src/test/components/RoleBuilder/steps/StepParameterInputs.test.tsx" name="StepParameterInputs &gt; array parameter &gt; renders array values as a comma-separated text input" time="0.001436375">
        </testcase>
        <testcase classname="src/test/components/RoleBuilder/steps/StepParameterInputs.test.tsx" name="StepParameterInputs &gt; array parameter &gt; renders an empty string when the array value is absent" time="0.001415208">
        </testcase>
        <testcase classname="src/test/components/RoleBuilder/steps/StepParameterInputs.test.tsx" name="StepParameterInputs &gt; array parameter &gt; emits the raw text through onChange, leaving parsing to the caller" time="0.002406209">
        </testcase>
        <testcase classname="src/test/components/RoleBuilder/steps/StepParameterInputs.test.tsx" name="StepParameterInputs &gt; labels and ids &gt; marks required params with an asterisk and optional params as (optional)" time="0.00342775">
        </testcase>
        <testcase classname="src/test/components/RoleBuilder/steps/StepParameterInputs.test.tsx" name="StepParameterInputs &gt; labels and ids &gt; treats every param as optional when the schema declares no required list" time="0.000683208">
        </testcase>
        <testcase classname="src/test/components/RoleBuilder/steps/StepParameterInputs.test.tsx" name="StepParameterInputs &gt; labels and ids &gt; namespaces input ids by step index so multiple steps do not collide" time="0.004109166">
        </testcase>
    </testsuite>
    <testsuite name="src/test/components/RoleBuilder/steps/WinConditionsStep.test.tsx" timestamp="2026-09-16T22:32:03.990Z" hostname="Jennys-MacBook-Air.local" tests="11" failures="0" errors="0" skipped="0" time="0.161477167">
        <testcase classname="src/test/components/RoleBuilder/steps/WinConditionsStep.test.tsx" name="WinConditionsStep &gt; rendering &gt; renders Add Condition button" time="0.097459333">
        </testcase>
        <testcase classname="src/test/components/RoleBuilder/steps/WinConditionsStep.test.tsx" name="WinConditionsStep &gt; rendering &gt; shows empty state when no win conditions" time="0.004864916">
        </testcase>
        <testcase classname="src/test/components/RoleBuilder/steps/WinConditionsStep.test.tsx" name="WinConditionsStep &gt; rendering &gt; renders existing win conditions" time="0.011907375">
        </testcase>
        <testcase classname="src/test/components/RoleBuilder/steps/WinConditionsStep.test.tsx" name="WinConditionsStep &gt; adding conditions &gt; clicking Add Condition increases the list" time="0.01016825">
        </testcase>
        <testcase classname="src/test/components/RoleBuilder/steps/WinConditionsStep.test.tsx" name="WinConditionsStep &gt; removing conditions &gt; remove button removes the condition" time="0.00842025">
        </testcase>
        <testcase classname="src/test/components/RoleBuilder/steps/WinConditionsStep.test.tsx" name="WinConditionsStep &gt; primary toggle &gt; setting primary on one unsets others" time="0.012901291">
        </testcase>
        <testcase classname="src/test/components/RoleBuilder/steps/WinConditionsStep.test.tsx" name="WinConditionsStep &gt; label clarity &gt; renders &quot;Primary win condition&quot; label text" time="0.0052915">
        </testcase>
        <testcase classname="src/test/components/RoleBuilder/steps/WinConditionsStep.test.tsx" name="WinConditionsStep &gt; label clarity &gt; renders &quot;(Only one allowed per role)&quot; subtext" time="0.001854375">
        </testcase>
        <testcase classname="src/test/components/RoleBuilder/steps/WinConditionsStep.test.tsx" name="WinConditionsStep &gt; label clarity &gt; renders &quot;Independent win&quot; label text" time="0.002304209">
        </testcase>
        <testcase classname="src/test/components/RoleBuilder/steps/WinConditionsStep.test.tsx" name="WinConditionsStep &gt; label clarity &gt; renders &quot;(Wins regardless of team outcome)&quot; subtext" time="0.001830958">
        </testcase>
        <testcase classname="src/test/components/RoleBuilder/steps/WinConditionsStep.test.tsx" name="WinConditionsStep &gt; condition type dropdown &gt; changing condition type calls onChange" time="0.00329975">
        </testcase>
    </testsuite>
</testsuites>
